cuda: True Tesla V100-SXM2-32GB
training on cuda:0
gen    0   best loss 0.5019    20.30 s/gen
gen   10   best loss 0.5019    11.27 s/gen
gen   20   best loss 0.5022    11.29 s/gen
gen   30   best loss 0.5020    11.29 s/gen
gen   40   best loss 0.5023    11.29 s/gen
gen   50   best loss 0.5021    11.28 s/gen
gen   60   best loss 0.5021    11.29 s/gen
gen   70   best loss 0.5023    11.28 s/gen
gen   80   best loss 0.5022    11.28 s/gen
gen   90   best loss 0.5024    11.28 s/gen
gen  100   best loss 0.5022    11.28 s/gen
gen  110   best loss 0.5022    11.28 s/gen
gen  120   best loss 0.5020    11.28 s/gen
gen  130   best loss 0.5020    11.28 s/gen
gen  140   best loss 0.5024    11.28 s/gen
gen  150   best loss 0.5018    11.28 s/gen
gen  160   best loss 0.5021    11.28 s/gen
gen  170   best loss 0.5024    11.28 s/gen
gen  180   best loss 0.5022    11.28 s/gen
gen  190   best loss 0.5024    11.28 s/gen
gen  200   best loss 0.5022    11.28 s/gen
gen  210   best loss 0.5019    11.29 s/gen
gen  220   best loss 0.5021    11.28 s/gen
gen  230   best loss 0.5022    11.28 s/gen
gen  240   best loss 0.5022    11.28 s/gen
gen  250   best loss 0.5026    11.28 s/gen
gen  260   best loss 0.5022    11.28 s/gen
gen  270   best loss 0.5019    11.28 s/gen
gen  280   best loss 0.5027    11.28 s/gen
gen  290   best loss 0.5024    11.28 s/gen
gen  300   best loss 0.5021    11.28 s/gen
gen  310   best loss 0.5021    11.28 s/gen
gen  320   best loss 0.5021    11.28 s/gen
gen  330   best loss 0.5024    11.28 s/gen
gen  340   best loss 0.5023    11.28 s/gen
gen  350   best loss 0.5023    11.28 s/gen
gen  360   best loss 0.5024    11.28 s/gen
gen  370   best loss 0.5024    11.28 s/gen
gen  380   best loss 0.5023    11.28 s/gen
gen  390   best loss 0.5023    11.28 s/gen
gen  400   best loss 0.5026    11.28 s/gen
gen  410   best loss 0.5020    11.28 s/gen
gen  420   best loss 0.5021    11.28 s/gen
gen  430   best loss 0.5023    11.28 s/gen
gen  440   best loss 0.5022    11.28 s/gen
gen  450   best loss 0.5022    11.28 s/gen
gen  460   best loss 0.5018    11.28 s/gen
gen  470   best loss 0.5021    11.28 s/gen
gen  480   best loss 0.5022    11.28 s/gen
gen  490   best loss 0.5029    11.28 s/gen
gen  500   best loss 0.5022    11.28 s/gen
gen  510   best loss 0.5020    11.28 s/gen
gen  520   best loss 0.5024    11.28 s/gen
gen  530   best loss 0.5025    11.28 s/gen
gen  540   best loss 0.5020    11.28 s/gen
gen  550   best loss 0.5024    11.28 s/gen
gen  560   best loss 0.5025    11.28 s/gen
gen  570   best loss 0.5023    11.29 s/gen
gen  580   best loss 0.5023    11.29 s/gen
gen  590   best loss 0.5024    11.29 s/gen
gen  600   best loss 0.5023    11.29 s/gen
gen  610   best loss 0.5025    11.29 s/gen
gen  620   best loss 0.5020    11.29 s/gen
gen  630   best loss 0.5020    11.29 s/gen
gen  640   best loss 0.5021    11.29 s/gen
gen  650   best loss 0.5019    11.29 s/gen
gen  660   best loss 0.5019    11.29 s/gen
gen  670   best loss 0.5021    11.29 s/gen
gen  680   best loss 0.5018    11.29 s/gen
gen  690   best loss 0.5021    11.29 s/gen
gen  700   best loss 0.5020    11.29 s/gen
gen  710   best loss 0.5021    11.29 s/gen
gen  720   best loss 0.5022    11.29 s/gen
gen  730   best loss 0.5020    11.29 s/gen
gen  740   best loss 0.5018    11.29 s/gen
gen  750   best loss 0.5024    11.29 s/gen
gen  760   best loss 0.5023    11.29 s/gen
gen  770   best loss 0.5024    11.29 s/gen
gen  780   best loss 0.5022    11.29 s/gen
gen  790   best loss 0.5024    11.29 s/gen
gen  800   best loss 0.5025    11.29 s/gen
gen  810   best loss 0.5025    11.29 s/gen
gen  820   best loss 0.5020    11.29 s/gen
gen  830   best loss 0.5020    11.29 s/gen
gen  840   best loss 0.5026    11.29 s/gen
gen  850   best loss 0.5031    11.29 s/gen
gen  860   best loss 0.5020    11.29 s/gen
gen  870   best loss 0.5016    11.29 s/gen
gen  880   best loss 0.5023    11.29 s/gen
gen  890   best loss 0.5028    11.29 s/gen
gen  900   best loss 0.5027    11.29 s/gen
gen  910   best loss 0.5011    11.29 s/gen
gen  920   best loss 0.5014    11.29 s/gen
gen  930   best loss 0.5012    11.29 s/gen
gen  940   best loss 0.4981    11.29 s/gen
gen  950   best loss 0.4982    11.30 s/gen
gen  960   best loss 0.4951    11.29 s/gen
gen  970   best loss 0.4937    11.29 s/gen
gen  980   best loss 0.4947    11.29 s/gen
gen  990   best loss 0.4929    11.29 s/gen
gen 1000   best loss 0.4891    11.30 s/gen
gen 1010   best loss 0.4888    11.29 s/gen
gen 1020   best loss 0.4872    11.30 s/gen
gen 1030   best loss 0.4847    11.30 s/gen
gen 1040   best loss 0.4812    11.30 s/gen
gen 1050   best loss 0.4784    11.29 s/gen
gen 1060   best loss 0.4755    11.30 s/gen
gen 1070   best loss 0.4716    11.29 s/gen
gen 1080   best loss 0.4712    11.29 s/gen
gen 1090   best loss 0.4675    11.29 s/gen
gen 1100   best loss 0.4639    11.29 s/gen
gen 1110   best loss 0.4586    11.30 s/gen
gen 1120   best loss 0.4561    11.29 s/gen
gen 1130   best loss 0.4487    11.29 s/gen
gen 1140   best loss 0.4428    11.29 s/gen
gen 1150   best loss 0.4391    11.29 s/gen
gen 1160   best loss 0.4273    11.29 s/gen
gen 1170   best loss 0.4118    11.29 s/gen
gen 1180   best loss 0.3956    11.29 s/gen
gen 1190   best loss 0.3745    11.30 s/gen
gen 1200   best loss 0.3533    11.29 s/gen
gen 1210   best loss 0.3405    11.29 s/gen
gen 1220   best loss 0.3314    11.29 s/gen
gen 1230   best loss 0.3077    11.29 s/gen
gen 1240   best loss 0.2872    11.30 s/gen
gen 1250   best loss 0.2673    11.29 s/gen
gen 1260   best loss 0.2363    11.29 s/gen
gen 1270   best loss 0.2221    11.30 s/gen
gen 1280   best loss 0.2120    11.30 s/gen
gen 1290   best loss 0.2070    11.29 s/gen
gen 1300   best loss 0.1958    11.29 s/gen
gen 1310   best loss 0.1665    11.29 s/gen
gen 1320   best loss 0.1658    11.29 s/gen
gen 1330   best loss 0.1468    11.30 s/gen
gen 1340   best loss 0.1450    11.30 s/gen
gen 1350   best loss 0.1257    11.30 s/gen
gen 1360   best loss 0.1239    11.30 s/gen
gen 1370   best loss 0.1132    11.29 s/gen
gen 1380   best loss 0.1062    11.29 s/gen
gen 1390   best loss 0.1044    11.29 s/gen
gen 1400   best loss 0.1061    11.29 s/gen
gen 1410   best loss 0.0978    11.29 s/gen
gen 1420   best loss 0.1028    11.29 s/gen
gen 1430   best loss 0.1021    11.29 s/gen
gen 1440   best loss 0.0966    11.29 s/gen
gen 1450   best loss 0.0911    11.29 s/gen
gen 1460   best loss 0.0890    11.29 s/gen
gen 1470   best loss 0.0868    11.29 s/gen
gen 1480   best loss 0.0878    11.29 s/gen
gen 1490   best loss 0.0876    11.29 s/gen
gen 1500   best loss 0.0865    11.29 s/gen
gen 1510   best loss 0.0812    11.29 s/gen
gen 1520   best loss 0.0802    11.29 s/gen
gen 1530   best loss 0.0792    11.29 s/gen
gen 1540   best loss 0.0696    11.29 s/gen
gen 1550   best loss 0.0710    11.29 s/gen
gen 1560   best loss 0.0708    11.29 s/gen
gen 1570   best loss 0.0754    11.29 s/gen
gen 1580   best loss 0.0689    11.29 s/gen
gen 1590   best loss 0.0674    11.29 s/gen
gen 1600   best loss 0.0714    11.29 s/gen
gen 1610   best loss 0.0680    11.29 s/gen
gen 1620   best loss 0.0711    11.29 s/gen
gen 1630   best loss 0.0707    11.29 s/gen
gen 1640   best loss 0.0712    11.29 s/gen
gen 1650   best loss 0.0640    11.29 s/gen
gen 1660   best loss 0.0692    11.29 s/gen
gen 1670   best loss 0.0600    11.29 s/gen
gen 1680   best loss 0.0618    11.29 s/gen
gen 1690   best loss 0.0683    11.29 s/gen
gen 1700   best loss 0.0646    11.29 s/gen
gen 1710   best loss 0.0670    11.29 s/gen
gen 1720   best loss 0.0617    11.29 s/gen
gen 1730   best loss 0.0585    11.29 s/gen
gen 1740   best loss 0.0567    11.29 s/gen
gen 1750   best loss 0.0560    11.29 s/gen
gen 1760   best loss 0.0546    11.29 s/gen
gen 1770   best loss 0.0554    11.29 s/gen
gen 1780   best loss 0.0547    11.29 s/gen
gen 1790   best loss 0.0529    11.29 s/gen
gen 1800   best loss 0.0493    11.29 s/gen
gen 1810   best loss 0.0493    11.29 s/gen
gen 1820   best loss 0.0485    11.29 s/gen
gen 1830   best loss 0.0467    11.29 s/gen
gen 1840   best loss 0.0567    11.29 s/gen
gen 1850   best loss 0.0509    11.29 s/gen
gen 1860   best loss 0.0500    11.29 s/gen
gen 1870   best loss 0.0523    11.29 s/gen
gen 1880   best loss 0.0482    11.29 s/gen
gen 1890   best loss 0.0605    11.29 s/gen
gen 1900   best loss 0.0546    11.29 s/gen
gen 1910   best loss 0.0478    11.29 s/gen
gen 1920   best loss 0.0499    11.29 s/gen
gen 1930   best loss 0.0558    11.29 s/gen
gen 1940   best loss 0.0572    11.29 s/gen
gen 1950   best loss 0.0535    11.29 s/gen
gen 1960   best loss 0.0511    11.29 s/gen
gen 1970   best loss 0.0562    11.29 s/gen
gen 1980   best loss 0.0457    11.29 s/gen
gen 1990   best loss 0.0492    11.29 s/gen
