cuda: True Tesla V100-SXM2-32GB
training on cuda:0
gen    0   best loss 0.5019    20.00 s/gen
gen   10   best loss 0.5019    11.13 s/gen
gen   20   best loss 0.5020    11.15 s/gen
gen   30   best loss 0.5019    11.15 s/gen
gen   40   best loss 0.5020    11.15 s/gen
gen   50   best loss 0.5022    11.15 s/gen
gen   60   best loss 0.5019    11.15 s/gen
gen   70   best loss 0.5020    11.15 s/gen
gen   80   best loss 0.5023    11.15 s/gen
gen   90   best loss 0.5019    11.15 s/gen
gen  100   best loss 0.5021    11.14 s/gen
gen  110   best loss 0.5023    11.15 s/gen
gen  120   best loss 0.5020    11.15 s/gen
gen  130   best loss 0.5023    11.15 s/gen
gen  140   best loss 0.5024    11.15 s/gen
gen  150   best loss 0.5024    11.15 s/gen
gen  160   best loss 0.5019    11.15 s/gen
gen  170   best loss 0.5018    11.15 s/gen
gen  180   best loss 0.5020    11.15 s/gen
gen  190   best loss 0.5018    11.15 s/gen
gen  200   best loss 0.5019    11.15 s/gen
gen  210   best loss 0.5003    11.15 s/gen
gen  220   best loss 0.4989    11.15 s/gen
gen  230   best loss 0.4932    11.15 s/gen
gen  240   best loss 0.4847    11.15 s/gen
gen  250   best loss 0.4691    11.15 s/gen
gen  260   best loss 0.4593    11.15 s/gen
gen  270   best loss 0.4355    11.15 s/gen
gen  280   best loss 0.4224    11.15 s/gen
gen  290   best loss 0.4069    11.15 s/gen
gen  300   best loss 0.3799    11.15 s/gen
gen  310   best loss 0.3472    11.16 s/gen
gen  320   best loss 0.3091    11.15 s/gen
gen  330   best loss 0.2257    11.15 s/gen
gen  340   best loss 0.1564    11.16 s/gen
gen  350   best loss 0.1269    11.15 s/gen
gen  360   best loss 0.1034    11.15 s/gen
gen  370   best loss 0.0990    11.16 s/gen
gen  380   best loss 0.0858    11.15 s/gen
gen  390   best loss 0.0859    11.15 s/gen
gen  400   best loss 0.0706    11.16 s/gen
gen  410   best loss 0.0713    11.15 s/gen
gen  420   best loss 0.0657    11.16 s/gen
gen  430   best loss 0.0755    11.15 s/gen
gen  440   best loss 0.0709    11.16 s/gen
gen  450   best loss 0.0637    11.16 s/gen
gen  460   best loss 0.0688    11.15 s/gen
gen  470   best loss 0.0596    11.15 s/gen
gen  480   best loss 0.0574    11.15 s/gen
gen  490   best loss 0.0564    11.15 s/gen
gen  500   best loss 0.0556    11.15 s/gen
gen  510   best loss 0.0533    11.15 s/gen
gen  520   best loss 0.0511    11.15 s/gen
gen  530   best loss 0.0540    11.15 s/gen
gen  540   best loss 0.0506    11.16 s/gen
gen  550   best loss 0.0414    11.15 s/gen
gen  560   best loss 0.0404    11.16 s/gen
gen  570   best loss 0.0426    11.15 s/gen
gen  580   best loss 0.0464    11.15 s/gen
gen  590   best loss 0.0525    11.15 s/gen
gen  600   best loss 0.0413    11.16 s/gen
gen  610   best loss 0.0392    11.15 s/gen
gen  620   best loss 0.0332    11.16 s/gen
gen  630   best loss 0.0367    11.16 s/gen
gen  640   best loss 0.0310    11.15 s/gen
gen  650   best loss 0.0404    11.15 s/gen
gen  660   best loss 0.0343    11.16 s/gen
gen  670   best loss 0.0315    11.15 s/gen
gen  680   best loss 0.0332    11.15 s/gen
gen  690   best loss 0.0352    11.15 s/gen
gen  700   best loss 0.0333    11.15 s/gen
gen  710   best loss 0.0323    11.16 s/gen
gen  720   best loss 0.0342    11.16 s/gen
gen  730   best loss 0.0372    11.15 s/gen
gen  740   best loss 0.0323    11.15 s/gen
gen  750   best loss 0.0351    11.15 s/gen
gen  760   best loss 0.0303    11.15 s/gen
gen  770   best loss 0.0327    11.15 s/gen
gen  780   best loss 0.0303    11.16 s/gen
gen  790   best loss 0.0333    11.15 s/gen
gen  800   best loss 0.0334    11.15 s/gen
gen  810   best loss 0.0289    11.15 s/gen
gen  820   best loss 0.0270    11.15 s/gen
gen  830   best loss 0.0284    11.15 s/gen
gen  840   best loss 0.0258    11.15 s/gen
gen  850   best loss 0.0319    11.15 s/gen
gen  860   best loss 0.0292    11.15 s/gen
gen  870   best loss 0.0295    11.15 s/gen
gen  880   best loss 0.0306    11.15 s/gen
gen  890   best loss 0.0293    11.15 s/gen
gen  900   best loss 0.0275    11.15 s/gen
gen  910   best loss 0.0320    11.15 s/gen
gen  920   best loss 0.0299    11.15 s/gen
gen  930   best loss 0.0378    11.15 s/gen
gen  940   best loss 0.0373    11.15 s/gen
gen  950   best loss 0.0368    11.15 s/gen
gen  960   best loss 0.0315    11.15 s/gen
gen  970   best loss 0.0325    11.15 s/gen
gen  980   best loss 0.0287    11.15 s/gen
gen  990   best loss 0.0291    11.15 s/gen
gen 1000   best loss 0.0281    11.15 s/gen
gen 1010   best loss 0.0342    11.15 s/gen
gen 1020   best loss 0.0382    11.15 s/gen
gen 1030   best loss 0.0459    11.15 s/gen
gen 1040   best loss 0.0342    11.15 s/gen
gen 1050   best loss 0.0326    11.15 s/gen
gen 1060   best loss 0.0361    11.15 s/gen
gen 1070   best loss 0.0393    11.15 s/gen
gen 1080   best loss 0.0342    11.15 s/gen
gen 1090   best loss 0.0321    11.15 s/gen
gen 1100   best loss 0.0325    11.15 s/gen
gen 1110   best loss 0.0344    11.15 s/gen
gen 1120   best loss 0.0356    11.15 s/gen
gen 1130   best loss 0.0320    11.15 s/gen
gen 1140   best loss 0.0317    11.15 s/gen
gen 1150   best loss 0.0321    11.15 s/gen
gen 1160   best loss 0.0340    11.15 s/gen
gen 1170   best loss 0.0298    11.15 s/gen
gen 1180   best loss 0.0258    11.15 s/gen
gen 1190   best loss 0.0256    11.15 s/gen
gen 1200   best loss 0.0277    11.15 s/gen
gen 1210   best loss 0.0268    11.15 s/gen
gen 1220   best loss 0.0250    11.15 s/gen
gen 1230   best loss 0.0254    11.15 s/gen
gen 1240   best loss 0.0266    11.15 s/gen
gen 1250   best loss 0.0291    11.15 s/gen
gen 1260   best loss 0.0301    11.15 s/gen
gen 1270   best loss 0.0251    11.15 s/gen
gen 1280   best loss 0.0285    11.15 s/gen
gen 1290   best loss 0.0276    11.15 s/gen
gen 1300   best loss 0.0296    11.15 s/gen
gen 1310   best loss 0.0285    11.15 s/gen
gen 1320   best loss 0.0295    11.15 s/gen
gen 1330   best loss 0.0342    11.15 s/gen
gen 1340   best loss 0.0240    11.15 s/gen
gen 1350   best loss 0.0261    11.15 s/gen
gen 1360   best loss 0.0244    11.15 s/gen
gen 1370   best loss 0.0251    11.15 s/gen
gen 1380   best loss 0.0242    11.15 s/gen
gen 1390   best loss 0.0261    11.15 s/gen
gen 1400   best loss 0.0263    11.15 s/gen
gen 1410   best loss 0.0304    11.15 s/gen
gen 1420   best loss 0.0298    11.15 s/gen
gen 1430   best loss 0.0280    11.15 s/gen
gen 1440   best loss 0.0267    11.15 s/gen
gen 1450   best loss 0.0265    11.15 s/gen
gen 1460   best loss 0.0300    11.15 s/gen
gen 1470   best loss 0.0272    11.15 s/gen
gen 1480   best loss 0.0291    11.15 s/gen
gen 1490   best loss 0.0236    11.15 s/gen
gen 1500   best loss 0.0275    11.15 s/gen
gen 1510   best loss 0.0229    11.15 s/gen
gen 1520   best loss 0.0282    11.15 s/gen
gen 1530   best loss 0.0241    11.15 s/gen
gen 1540   best loss 0.0242    11.15 s/gen
gen 1550   best loss 0.0287    11.15 s/gen
gen 1560   best loss 0.0283    11.15 s/gen
gen 1570   best loss 0.0227    11.15 s/gen
gen 1580   best loss 0.0248    11.15 s/gen
gen 1590   best loss 0.0237    11.15 s/gen
gen 1600   best loss 0.0233    11.15 s/gen
gen 1610   best loss 0.0264    11.15 s/gen
gen 1620   best loss 0.0300    11.15 s/gen
gen 1630   best loss 0.0329    11.15 s/gen
gen 1640   best loss 0.0252    11.15 s/gen
gen 1650   best loss 0.0228    11.15 s/gen
gen 1660   best loss 0.0265    11.15 s/gen
gen 1670   best loss 0.0277    11.15 s/gen
gen 1680   best loss 0.0256    11.15 s/gen
gen 1690   best loss 0.0283    11.15 s/gen
gen 1700   best loss 0.0275    11.15 s/gen
gen 1710   best loss 0.0276    11.15 s/gen
gen 1720   best loss 0.0269    11.15 s/gen
gen 1730   best loss 0.0312    11.15 s/gen
gen 1740   best loss 0.0310    11.15 s/gen
gen 1750   best loss 0.0248    11.15 s/gen
gen 1760   best loss 0.0276    11.15 s/gen
gen 1770   best loss 0.0247    11.15 s/gen
gen 1780   best loss 0.0285    11.15 s/gen
gen 1790   best loss 0.0278    11.15 s/gen
gen 1800   best loss 0.0301    11.15 s/gen
gen 1810   best loss 0.0293    11.15 s/gen
gen 1820   best loss 0.0327    11.15 s/gen
gen 1830   best loss 0.0343    11.15 s/gen
gen 1840   best loss 0.0313    11.15 s/gen
gen 1850   best loss 0.0288    11.15 s/gen
gen 1860   best loss 0.0253    11.15 s/gen
gen 1870   best loss 0.0304    11.15 s/gen
gen 1880   best loss 0.0283    11.15 s/gen
gen 1890   best loss 0.0273    11.15 s/gen
gen 1900   best loss 0.0254    11.15 s/gen
gen 1910   best loss 0.0301    11.15 s/gen
gen 1920   best loss 0.0287    11.15 s/gen
gen 1930   best loss 0.0195    11.15 s/gen
gen 1940   best loss 0.0227    11.15 s/gen
gen 1950   best loss 0.0207    11.15 s/gen
gen 1960   best loss 0.0194    11.15 s/gen
gen 1970   best loss 0.0197    11.15 s/gen
gen 1980   best loss 0.0192    11.15 s/gen
gen 1990   best loss 0.0243    11.15 s/gen
