cuda: True Tesla V100-SXM2-32GB
training on cuda:0
gen    0   best loss 0.5015    14.60 s/gen
gen   10   best loss 0.5010     5.64 s/gen
gen   20   best loss 0.5012     5.67 s/gen
gen   30   best loss 0.5011     5.67 s/gen
gen   40   best loss 0.5004     5.67 s/gen
gen   50   best loss 0.5008     5.68 s/gen
gen   60   best loss 0.5009     5.68 s/gen
gen   70   best loss 0.5009     5.67 s/gen
gen   80   best loss 0.5009     5.68 s/gen
gen   90   best loss 0.5011     5.68 s/gen
gen  100   best loss 0.5005     5.67 s/gen
gen  110   best loss 0.5004     5.67 s/gen
gen  120   best loss 0.5003     5.67 s/gen
gen  130   best loss 0.5010     5.67 s/gen
gen  140   best loss 0.4997     5.67 s/gen
gen  150   best loss 0.5000     5.67 s/gen
gen  160   best loss 0.5002     5.67 s/gen
gen  170   best loss 0.5001     5.67 s/gen
gen  180   best loss 0.5010     5.67 s/gen
gen  190   best loss 0.4981     5.67 s/gen
gen  200   best loss 0.5002     5.67 s/gen
gen  210   best loss 0.5000     5.67 s/gen
gen  220   best loss 0.4999     5.67 s/gen
gen  230   best loss 0.4998     5.67 s/gen
gen  240   best loss 0.4994     5.67 s/gen
gen  250   best loss 0.5019     5.67 s/gen
gen  260   best loss 0.4983     5.67 s/gen
gen  270   best loss 0.4996     5.67 s/gen
gen  280   best loss 0.4995     5.67 s/gen
gen  290   best loss 0.4992     5.67 s/gen
gen  300   best loss 0.4997     5.67 s/gen
gen  310   best loss 0.5002     5.67 s/gen
gen  320   best loss 0.5005     5.67 s/gen
gen  330   best loss 0.5009     5.67 s/gen
gen  340   best loss 0.5010     5.67 s/gen
gen  350   best loss 0.5007     5.67 s/gen
gen  360   best loss 0.4983     5.67 s/gen
gen  370   best loss 0.4994     5.67 s/gen
gen  380   best loss 0.5006     5.67 s/gen
gen  390   best loss 0.5000     5.67 s/gen
gen  400   best loss 0.4989     5.67 s/gen
gen  410   best loss 0.5001     5.67 s/gen
gen  420   best loss 0.5004     5.67 s/gen
gen  430   best loss 0.4978     5.67 s/gen
gen  440   best loss 0.5012     5.67 s/gen
gen  450   best loss 0.4986     5.67 s/gen
gen  460   best loss 0.4975     5.67 s/gen
gen  470   best loss 0.4988     5.67 s/gen
gen  480   best loss 0.4994     5.67 s/gen
gen  490   best loss 0.5002     5.67 s/gen
gen  500   best loss 0.5008     5.67 s/gen
gen  510   best loss 0.4995     5.67 s/gen
gen  520   best loss 0.4974     5.67 s/gen
gen  530   best loss 0.4987     5.67 s/gen
gen  540   best loss 0.4972     5.67 s/gen
gen  550   best loss 0.4952     5.67 s/gen
gen  560   best loss 0.4979     5.67 s/gen
gen  570   best loss 0.4938     5.67 s/gen
gen  580   best loss 0.4928     5.67 s/gen
gen  590   best loss 0.4891     5.67 s/gen
gen  600   best loss 0.4908     5.67 s/gen
gen  610   best loss 0.4912     5.67 s/gen
gen  620   best loss 0.4860     5.67 s/gen
gen  630   best loss 0.4903     5.67 s/gen
gen  640   best loss 0.4876     5.67 s/gen
gen  650   best loss 0.4830     5.67 s/gen
gen  660   best loss 0.4787     5.67 s/gen
gen  670   best loss 0.4791     5.67 s/gen
gen  680   best loss 0.4757     5.67 s/gen
gen  690   best loss 0.4719     5.67 s/gen
gen  700   best loss 0.4734     5.67 s/gen
gen  710   best loss 0.4618     5.67 s/gen
gen  720   best loss 0.4646     5.67 s/gen
gen  730   best loss 0.4517     5.67 s/gen
gen  740   best loss 0.4481     5.67 s/gen
gen  750   best loss 0.4440     5.67 s/gen
gen  760   best loss 0.4238     5.67 s/gen
gen  770   best loss 0.4084     5.67 s/gen
gen  780   best loss 0.3881     5.67 s/gen
gen  790   best loss 0.3887     5.67 s/gen
gen  800   best loss 0.3806     5.67 s/gen
gen  810   best loss 0.3571     5.67 s/gen
gen  820   best loss 0.3321     5.67 s/gen
gen  830   best loss 0.3015     5.67 s/gen
gen  840   best loss 0.2543     5.67 s/gen
gen  850   best loss 0.2283     5.67 s/gen
gen  860   best loss 0.1958     5.67 s/gen
gen  870   best loss 0.1603     5.67 s/gen
gen  880   best loss 0.1174     5.67 s/gen
gen  890   best loss 0.1017     5.67 s/gen
gen  900   best loss 0.0893     5.67 s/gen
gen  910   best loss 0.0544     5.67 s/gen
gen  920   best loss 0.0418     5.67 s/gen
gen  930   best loss 0.0390     5.67 s/gen
gen  940   best loss 0.0353     5.67 s/gen
gen  950   best loss 0.0361     5.67 s/gen
gen  960   best loss 0.0323     5.67 s/gen
gen  970   best loss 0.0375     5.67 s/gen
gen  980   best loss 0.0369     5.67 s/gen
gen  990   best loss 0.0340     5.68 s/gen
gen 1000   best loss 0.0356     5.67 s/gen
gen 1010   best loss 0.0337     5.67 s/gen
gen 1020   best loss 0.0262     5.68 s/gen
gen 1030   best loss 0.0270     5.67 s/gen
gen 1040   best loss 0.0245     5.67 s/gen
gen 1050   best loss 0.0226     5.67 s/gen
gen 1060   best loss 0.0259     5.68 s/gen
gen 1070   best loss 0.0245     5.68 s/gen
gen 1080   best loss 0.0216     5.67 s/gen
gen 1090   best loss 0.0216     5.68 s/gen
gen 1100   best loss 0.0217     5.68 s/gen
gen 1110   best loss 0.0213     5.68 s/gen
gen 1120   best loss 0.0205     5.67 s/gen
gen 1130   best loss 0.0205     5.68 s/gen
gen 1140   best loss 0.0181     5.67 s/gen
gen 1150   best loss 0.0183     5.67 s/gen
gen 1160   best loss 0.0166     5.67 s/gen
gen 1170   best loss 0.0149     5.68 s/gen
gen 1180   best loss 0.0169     5.68 s/gen
gen 1190   best loss 0.0140     5.68 s/gen
gen 1200   best loss 0.0169     5.67 s/gen
gen 1210   best loss 0.0151     5.67 s/gen
gen 1220   best loss 0.0156     5.67 s/gen
gen 1230   best loss 0.0138     5.68 s/gen
gen 1240   best loss 0.0149     5.67 s/gen
gen 1250   best loss 0.0155     5.67 s/gen
gen 1260   best loss 0.0132     5.68 s/gen
gen 1270   best loss 0.0108     5.68 s/gen
gen 1280   best loss 0.0112     5.68 s/gen
gen 1290   best loss 0.0129     5.67 s/gen
gen 1300   best loss 0.0125     5.68 s/gen
gen 1310   best loss 0.0114     5.68 s/gen
gen 1320   best loss 0.0108     5.68 s/gen
gen 1330   best loss 0.0112     5.67 s/gen
gen 1340   best loss 0.0115     5.68 s/gen
gen 1350   best loss 0.0121     5.67 s/gen
gen 1360   best loss 0.0118     5.68 s/gen
gen 1370   best loss 0.0115     5.68 s/gen
gen 1380   best loss 0.0102     5.68 s/gen
gen 1390   best loss 0.0102     5.68 s/gen
gen 1400   best loss 0.0100     5.68 s/gen
gen 1410   best loss 0.0106     5.67 s/gen
gen 1420   best loss 0.0119     5.67 s/gen
gen 1430   best loss 0.0121     5.68 s/gen
gen 1440   best loss 0.0110     5.68 s/gen
gen 1450   best loss 0.0101     5.67 s/gen
gen 1460   best loss 0.0124     5.67 s/gen
gen 1470   best loss 0.0107     5.67 s/gen
gen 1480   best loss 0.0103     5.68 s/gen
gen 1490   best loss 0.0098     5.68 s/gen
gen 1500   best loss 0.0108     5.67 s/gen
gen 1510   best loss 0.0094     5.68 s/gen
gen 1520   best loss 0.0097     5.67 s/gen
gen 1530   best loss 0.0086     5.68 s/gen
gen 1540   best loss 0.0099     5.68 s/gen
gen 1550   best loss 0.0084     5.67 s/gen
gen 1560   best loss 0.0093     5.68 s/gen
gen 1570   best loss 0.0086     5.68 s/gen
gen 1580   best loss 0.0087     5.68 s/gen
gen 1590   best loss 0.0089     5.67 s/gen
gen 1600   best loss 0.0088     5.68 s/gen
gen 1610   best loss 0.0092     5.68 s/gen
gen 1620   best loss 0.0089     5.68 s/gen
gen 1630   best loss 0.0094     5.68 s/gen
gen 1640   best loss 0.0094     5.67 s/gen
gen 1650   best loss 0.0095     5.68 s/gen
gen 1660   best loss 0.0073     5.68 s/gen
gen 1670   best loss 0.0082     5.68 s/gen
gen 1680   best loss 0.0079     5.68 s/gen
gen 1690   best loss 0.0097     5.68 s/gen
gen 1700   best loss 0.0078     5.68 s/gen
gen 1710   best loss 0.0079     5.68 s/gen
gen 1720   best loss 0.0091     5.68 s/gen
gen 1730   best loss 0.0085     5.68 s/gen
gen 1740   best loss 0.0094     5.67 s/gen
gen 1750   best loss 0.0076     5.68 s/gen
gen 1760   best loss 0.0091     5.68 s/gen
gen 1770   best loss 0.0081     5.67 s/gen
gen 1780   best loss 0.0088     5.67 s/gen
gen 1790   best loss 0.0084     5.67 s/gen
gen 1800   best loss 0.0097     5.67 s/gen
gen 1810   best loss 0.0085     5.68 s/gen
gen 1820   best loss 0.0088     5.68 s/gen
gen 1830   best loss 0.0087     5.68 s/gen
gen 1840   best loss 0.0082     5.68 s/gen
gen 1850   best loss 0.0077     5.67 s/gen
gen 1860   best loss 0.0084     5.68 s/gen
gen 1870   best loss 0.0078     5.68 s/gen
gen 1880   best loss 0.0083     5.68 s/gen
gen 1890   best loss 0.0087     5.67 s/gen
gen 1900   best loss 0.0080     5.68 s/gen
gen 1910   best loss 0.0082     5.68 s/gen
gen 1920   best loss 0.0082     5.68 s/gen
gen 1930   best loss 0.0072     5.67 s/gen
gen 1940   best loss 0.0075     5.68 s/gen
gen 1950   best loss 0.0077     5.68 s/gen
gen 1960   best loss 0.0077     5.68 s/gen
gen 1970   best loss 0.0070     5.68 s/gen
gen 1980   best loss 0.0080     5.68 s/gen
gen 1990   best loss 0.0080     5.67 s/gen
gen 2000   best loss 0.0076     5.67 s/gen
gen 2010   best loss 0.0074     5.68 s/gen
gen 2020   best loss 0.0071     5.68 s/gen
gen 2030   best loss 0.0070     5.68 s/gen
gen 2040   best loss 0.0065     5.68 s/gen
gen 2050   best loss 0.0067     5.68 s/gen
gen 2060   best loss 0.0063     5.68 s/gen
gen 2070   best loss 0.0065     5.67 s/gen
gen 2080   best loss 0.0063     5.68 s/gen
gen 2090   best loss 0.0065     5.67 s/gen
gen 2100   best loss 0.0073     5.67 s/gen
gen 2110   best loss 0.0065     5.68 s/gen
gen 2120   best loss 0.0063     5.67 s/gen
gen 2130   best loss 0.0061     5.67 s/gen
gen 2140   best loss 0.0063     5.67 s/gen
gen 2150   best loss 0.0058     5.68 s/gen
gen 2160   best loss 0.0065     5.68 s/gen
gen 2170   best loss 0.0061     5.67 s/gen
gen 2180   best loss 0.0053     5.67 s/gen
gen 2190   best loss 0.0058     5.67 s/gen
gen 2200   best loss 0.0052     5.68 s/gen
gen 2210   best loss 0.0054     5.68 s/gen
gen 2220   best loss 0.0061     5.68 s/gen
gen 2230   best loss 0.0061     5.68 s/gen
gen 2240   best loss 0.0055     5.68 s/gen
gen 2250   best loss 0.0051     5.67 s/gen
gen 2260   best loss 0.0059     5.68 s/gen
gen 2270   best loss 0.0061     5.68 s/gen
gen 2280   best loss 0.0059     5.68 s/gen
gen 2290   best loss 0.0064     5.68 s/gen
gen 2300   best loss 0.0057     5.67 s/gen
gen 2310   best loss 0.0055     5.68 s/gen
gen 2320   best loss 0.0060     5.68 s/gen
gen 2330   best loss 0.0063     5.68 s/gen
gen 2340   best loss 0.0068     5.68 s/gen
gen 2350   best loss 0.0066     5.68 s/gen
gen 2360   best loss 0.0062     5.68 s/gen
gen 2370   best loss 0.0062     5.68 s/gen
gen 2380   best loss 0.0060     5.67 s/gen
gen 2390   best loss 0.0058     5.67 s/gen
gen 2400   best loss 0.0059     5.68 s/gen
gen 2410   best loss 0.0060     5.68 s/gen
gen 2420   best loss 0.0057     5.68 s/gen
gen 2430   best loss 0.0066     5.68 s/gen
gen 2440   best loss 0.0051     5.67 s/gen
gen 2450   best loss 0.0055     5.68 s/gen
gen 2460   best loss 0.0049     5.67 s/gen
gen 2470   best loss 0.0063     5.67 s/gen
gen 2480   best loss 0.0055     5.67 s/gen
gen 2490   best loss 0.0058     5.67 s/gen
gen 2500   best loss 0.0056     5.67 s/gen
gen 2510   best loss 0.0049     5.67 s/gen
gen 2520   best loss 0.0048     5.67 s/gen
gen 2530   best loss 0.0050     5.68 s/gen
gen 2540   best loss 0.0051     5.68 s/gen
gen 2550   best loss 0.0052     5.68 s/gen
gen 2560   best loss 0.0052     5.67 s/gen
gen 2570   best loss 0.0054     5.67 s/gen
gen 2580   best loss 0.0052     5.67 s/gen
gen 2590   best loss 0.0049     5.67 s/gen
gen 2600   best loss 0.0051     5.67 s/gen
gen 2610   best loss 0.0055     5.67 s/gen
gen 2620   best loss 0.0051     5.67 s/gen
gen 2630   best loss 0.0056     5.67 s/gen
gen 2640   best loss 0.0052     5.67 s/gen
gen 2650   best loss 0.0054     5.67 s/gen
gen 2660   best loss 0.0055     5.68 s/gen
gen 2670   best loss 0.0045     5.67 s/gen
gen 2680   best loss 0.0047     5.67 s/gen
gen 2690   best loss 0.0048     5.67 s/gen
gen 2700   best loss 0.0045     5.67 s/gen
gen 2710   best loss 0.0055     5.67 s/gen
gen 2720   best loss 0.0046     5.67 s/gen
gen 2730   best loss 0.0051     5.67 s/gen
gen 2740   best loss 0.0046     5.67 s/gen
gen 2750   best loss 0.0043     5.67 s/gen
gen 2760   best loss 0.0048     5.68 s/gen
gen 2770   best loss 0.0044     5.67 s/gen
gen 2780   best loss 0.0050     5.68 s/gen
gen 2790   best loss 0.0045     5.67 s/gen
gen 2800   best loss 0.0040     5.67 s/gen
gen 2810   best loss 0.0046     5.67 s/gen
gen 2820   best loss 0.0049     5.67 s/gen
gen 2830   best loss 0.0047     5.67 s/gen
gen 2840   best loss 0.0049     5.67 s/gen
gen 2850   best loss 0.0049     5.68 s/gen
gen 2860   best loss 0.0041     5.67 s/gen
gen 2870   best loss 0.0043     5.67 s/gen
gen 2880   best loss 0.0048     5.67 s/gen
gen 2890   best loss 0.0051     5.67 s/gen
gen 2900   best loss 0.0048     5.67 s/gen
gen 2910   best loss 0.0043     5.68 s/gen
gen 2920   best loss 0.0045     5.67 s/gen
gen 2930   best loss 0.0046     5.67 s/gen
gen 2940   best loss 0.0045     5.67 s/gen
gen 2950   best loss 0.0042     5.67 s/gen
gen 2960   best loss 0.0045     5.67 s/gen
gen 2970   best loss 0.0048     5.67 s/gen
gen 2980   best loss 0.0049     5.67 s/gen
gen 2990   best loss 0.0046     5.67 s/gen
