cuda: True Tesla V100-SXM2-16GB
config: seed=4 gens=200 var_weight=0.05 act=thermo | P=50 elites=5 K=250 M_FIT=1000 M_CHUNK=500 CRN=True MUT=0.02 | tf=0.4 beta=10 dt=0.001
[1/3] training digital teacher ...  (device: cuda)
  teacher epoch     0  mse 5.057e-01
  teacher epoch   300  mse 6.071e-04
  teacher epoch   600  mse 1.063e-04
  teacher epoch   900  mse 7.189e-05
  teacher epoch  1200  mse 5.001e-05
  teacher epoch  1500  mse 3.861e-05
  teacher epoch  1800  mse 2.748e-04
  teacher epoch  2100  mse 2.529e-05
  teacher epoch  2400  mse 2.182e-05
  teacher epoch  2700  mse 1.979e-05
  teacher epoch  2999  mse 1.862e-05
[2/3] training thermodynamic student by gradient descent ...
  student LBFGS round 0  OM loss 3.6349e+00
  student LBFGS round 1  OM loss 4.5061e-02
  student LBFGS round 2  OM loss 3.0241e-02
  student LBFGS round 3  OM loss 1.9268e-02
  student LBFGS round 4  OM loss 1.3901e-02
  student LBFGS round 5  OM loss 1.1789e-02
  student LBFGS round 6  OM loss 1.0237e-02
  student LBFGS round 7  OM loss 8.8800e-03
  student LBFGS round 8  OM loss 8.1000e-03
  student LBFGS round 9  OM loss 7.7170e-03
  student LBFGS round 10  OM loss 7.2286e-03
  student LBFGS round 11  OM loss 6.6561e-03
  student LBFGS round 12  OM loss 6.1525e-03
  student LBFGS round 13  OM loss 5.3216e-03
  student LBFGS round 14  OM loss 4.4757e-03
  student LBFGS round 15  OM loss 3.8832e-03
  student LBFGS round 16  OM loss 3.5719e-03
  student LBFGS round 17  OM loss 3.3160e-03
  student LBFGS round 18  OM loss 3.0215e-03
  student LBFGS round 19  OM loss 2.7323e-03
  student LBFGS round 20  OM loss 2.5834e-03
  student LBFGS round 21  OM loss 2.5261e-03
  student LBFGS round 22  OM loss 2.4873e-03
  student LBFGS round 23  OM loss 2.4595e-03
  student LBFGS round 24  OM loss 2.4323e-03
  student LBFGS round 25  OM loss 2.4076e-03
  student LBFGS round 26  OM loss 2.3941e-03
  student LBFGS round 27  OM loss 2.3842e-03
  student LBFGS round 28  OM loss 2.3786e-03
  student LBFGS round 29  OM loss 2.3698e-03
[3/3] fitting readout scale (post-training) and evaluating ...

--- run summary --------------------------------------------
teacher fit mse     1.866e-05            (9.5s)
OM loss             3.635e+00 -> 2.370e-03  (30 LBFGS rounds, 7.3s)
readout scale c     0.6674
RMSE vs cos         1.179e-02            (M=256, 0.7s)
bias^2              1.389e-04   mean_z (E[y]-y0)^2
Var[y]              1.042e-02   mean_z per-sample variance
pred range          [-1.001, +1.036]   (target [-1, +1])
trainable params    5176
weights saved       20260717-020446_run_seed4_tf0.4_K250.pt
------------------------------------------------------------
GD baseline (seed 4): rmse 0.0118  bias2 1.39e-04  var 0.010
  gen    0  fitness 1.025e-03  bias 9.448e-05  var 0.019    50.78 s/gen  (68s total)
  gen   10  fitness 6.070e-04  bias 7.826e-05  var 0.011    50.82 s/gen  (576s total)
  gen   20  fitness 5.270e-04  bias 7.427e-05  var 0.009    50.82 s/gen  (1085s total)
  gen   30  fitness 4.244e-04  bias 6.234e-05  var 0.007    50.82 s/gen  (1593s total)
  gen   40  fitness 3.958e-04  bias 5.813e-05  var 0.007    50.82 s/gen  (2101s total)
  gen   50  fitness 3.617e-04  bias 4.967e-05  var 0.006    50.82 s/gen  (2609s total)
  gen   60  fitness 3.489e-04  bias 4.311e-05  var 0.006    50.82 s/gen  (3118s total)
  gen   70  fitness 3.382e-04  bias 4.040e-05  var 0.006    50.82 s/gen  (3626s total)
  gen   80  fitness 3.293e-04  bias 3.754e-05  var 0.006    50.82 s/gen  (4134s total)
  gen   90  fitness 3.170e-04  bias 3.328e-05  var 0.006    50.82 s/gen  (4642s total)
  gen  100  fitness 3.144e-04  bias 3.578e-05  var 0.006    50.82 s/gen  (5151s total)
  gen  110  fitness 3.086e-04  bias 3.243e-05  var 0.006    50.82 s/gen  (5659s total)
  gen  120  fitness 2.991e-04  bias 3.243e-05  var 0.005    50.82 s/gen  (6167s total)
  gen  130  fitness 2.986e-04  bias 3.323e-05  var 0.005    50.82 s/gen  (6675s total)
  gen  140  fitness 2.903e-04  bias 3.075e-05  var 0.005    50.82 s/gen  (7184s total)
  gen  150  fitness 2.902e-04  bias 3.164e-05  var 0.005    50.82 s/gen  (7692s total)
  gen  160  fitness 2.836e-04  bias 3.061e-05  var 0.005    50.82 s/gen  (8200s total)
  gen  170  fitness 2.840e-04  bias 3.146e-05  var 0.005    50.82 s/gen  (8708s total)
  gen  180  fitness 2.767e-04  bias 3.022e-05  var 0.005    50.82 s/gen  (9216s total)
  gen  190  fitness 2.737e-04  bias 2.896e-05  var 0.005    50.82 s/gen  (9725s total)
  gen  199  fitness 2.682e-04  bias 2.695e-05  var 0.005    50.82 s/gen  (10182s total)

GA-finetuned:  rmse 0.0068  bias2 4.58e-05  var 0.005
GD baseline:   rmse 0.0118  bias2 1.39e-04  var 0.010
saved /global/home/users/helsayed/Nonlinear-TC/Models/gd_training/../../Graphs/gd_graphs/fig_teacher_gafinetune_thermo_seed4_g200_vw0.05_M1000_crn.png
