cuda: True Tesla V100-SXM2-16GB
config: seeds=[0, 1, 2, 3, 4] n_tf=31 tf_max=3.0 sweep_pts=55 K=128 M_eval=256 M_sweep=128 device=cuda
>>> tf=0.05  seed=0  rmse=0.047  phi_min=2.77e-03  (32s)
>>> tf=0.1   seed=0  rmse=0.050  phi_min=3.35e-03  (57s)
>>> tf=0.2   seed=0  rmse=0.036  phi_min=1.40e-03  (82s)
>>> tf=0.3   seed=0  rmse=0.024  phi_min=6.92e-04  (108s)
>>> tf=0.4   seed=0  rmse=0.016  phi_min=3.29e-04  (133s)
>>> tf=0.5   seed=0  rmse=0.014  phi_min=2.62e-04  (159s)
>>> tf=0.6   seed=0  rmse=0.015  phi_min=2.97e-04  (185s)
>>> tf=0.7   seed=0  rmse=0.017  phi_min=3.49e-04  (210s)
>>> tf=0.8   seed=0  rmse=0.019  phi_min=3.89e-04  (237s)
>>> tf=0.9   seed=0  rmse=0.021  phi_min=4.34e-04  (263s)
>>> tf=1     seed=0  rmse=0.023  phi_min=5.10e-04  (290s)
>>> tf=1.1   seed=0  rmse=0.027  phi_min=6.59e-04  (318s)
>>> tf=1.2   seed=0  rmse=0.028  phi_min=8.21e-04  (346s)
>>> tf=1.3   seed=0  rmse=0.029  phi_min=9.59e-04  (374s)
>>> tf=1.4   seed=0  rmse=0.031  phi_min=1.14e-03  (402s)
>>> tf=1.5   seed=0  rmse=0.031  phi_min=1.48e-03  (431s)
>>> tf=1.6   seed=0  rmse=0.032  phi_min=1.54e-03  (461s)
>>> tf=1.7   seed=0  rmse=0.031  phi_min=1.58e-03  (490s)
>>> tf=1.8   seed=0  rmse=0.037  phi_min=1.97e-03  (520s)
>>> tf=1.9   seed=0  rmse=0.038  phi_min=2.29e-03  (551s)
>>> tf=2     seed=0  rmse=0.038  phi_min=2.21e-03  (582s)
>>> tf=2.1   seed=0  rmse=0.042  phi_min=2.88e-03  (613s)
>>> tf=2.2   seed=0  rmse=0.040  phi_min=2.49e-03  (644s)
>>> tf=2.3   seed=0  rmse=0.044  phi_min=2.76e-03  (676s)
>>> tf=2.4   seed=0  rmse=0.045  phi_min=2.95e-03  (709s)
>>> tf=2.5   seed=0  rmse=0.043  phi_min=2.29e-03  (741s)
>>> tf=2.6   seed=0  rmse=0.035  phi_min=1.52e-03  (775s)
>>> tf=2.7   seed=0  rmse=0.048  phi_min=2.34e-03  (808s)
>>> tf=2.8   seed=0  rmse=0.040  phi_min=1.71e-03  (842s)
>>> tf=2.9   seed=0  rmse=0.037  phi_min=1.62e-03  (877s)
>>> tf=3     seed=0  rmse=0.048  phi_min=2.41e-03  (911s)
checkpoint: seed 0 done -> /global/home/users/helsayed/Nonlinear-TC/Models/gd_training/runs/tf_scan_results.npz
>>> tf=0.05  seed=1  rmse=0.069  phi_min=6.24e-03  (941s)
>>> tf=0.1   seed=1  rmse=0.063  phi_min=4.09e-03  (967s)
>>> tf=0.2   seed=1  rmse=0.042  phi_min=2.53e-03  (992s)
>>> tf=0.3   seed=1  rmse=0.020  phi_min=6.11e-04  (1017s)
>>> tf=0.4   seed=1  rmse=0.013  phi_min=2.61e-04  (1043s)
>>> tf=0.5   seed=1  rmse=0.014  phi_min=2.97e-04  (1068s)
>>> tf=0.6   seed=1  rmse=0.016  phi_min=3.73e-04  (1093s)
>>> tf=0.7   seed=1  rmse=0.020  phi_min=4.37e-04  (1119s)
>>> tf=0.8   seed=1  rmse=0.021  phi_min=5.42e-04  (1145s)
>>> tf=0.9   seed=1  rmse=0.021  phi_min=5.41e-04  (1172s)
>>> tf=1     seed=1  rmse=0.023  phi_min=6.59e-04  (1199s)
>>> tf=1.1   seed=1  rmse=0.020  phi_min=5.91e-04  (1226s)
>>> tf=1.2   seed=1  rmse=0.021  phi_min=6.35e-04  (1254s)
>>> tf=1.3   seed=1  rmse=0.025  phi_min=8.61e-04  (1282s)
>>> tf=1.4   seed=1  rmse=0.030  phi_min=1.22e-03  (1310s)
>>> tf=1.5   seed=1  rmse=0.038  phi_min=1.81e-03  (1339s)
>>> tf=1.6   seed=1  rmse=0.046  phi_min=2.64e-03  (1368s)
>>> tf=1.7   seed=1  rmse=0.048  phi_min=3.49e-03  (1397s)
>>> tf=1.8   seed=1  rmse=0.058  phi_min=5.18e-03  (1427s)
>>> tf=1.9   seed=1  rmse=0.064  phi_min=6.86e-03  (1458s)
>>> tf=2     seed=1  rmse=0.056  phi_min=4.29e-03  (1488s)
>>> tf=2.1   seed=1  rmse=0.074  phi_min=7.74e-03  (1519s)
>>> tf=2.2   seed=1  rmse=0.072  phi_min=7.20e-03  (1551s)
>>> tf=2.3   seed=1  rmse=0.062  phi_min=5.22e-03  (1583s)
>>> tf=2.4   seed=1  rmse=0.071  phi_min=5.31e-03  (1615s)
>>> tf=2.5   seed=1  rmse=0.057  phi_min=2.91e-03  (1648s)
>>> tf=2.6   seed=1  rmse=0.065  phi_min=4.33e-03  (1681s)
>>> tf=2.7   seed=1  rmse=0.052  phi_min=3.18e-03  (1714s)
>>> tf=2.8   seed=1  rmse=0.051  phi_min=3.24e-03  (1748s)
>>> tf=2.9   seed=1  rmse=0.047  phi_min=2.96e-03  (1782s)
>>> tf=3     seed=1  rmse=0.048  phi_min=2.79e-03  (1817s)
checkpoint: seed 1 done -> /global/home/users/helsayed/Nonlinear-TC/Models/gd_training/runs/tf_scan_results.npz
>>> tf=0.05  seed=2  rmse=0.045  phi_min=2.49e-03  (1846s)
>>> tf=0.1   seed=2  rmse=0.041  phi_min=2.03e-03  (1870s)
>>> tf=0.2   seed=2  rmse=0.031  phi_min=1.18e-03  (1895s)
>>> tf=0.3   seed=2  rmse=0.023  phi_min=6.33e-04  (1920s)
>>> tf=0.4   seed=2  rmse=0.022  phi_min=6.13e-04  (1945s)
>>> tf=0.5   seed=2  rmse=0.023  phi_min=6.32e-04  (1970s)
>>> tf=0.6   seed=2  rmse=0.020  phi_min=5.71e-04  (1996s)
>>> tf=0.7   seed=2  rmse=0.021  phi_min=5.19e-04  (2022s)
>>> tf=0.8   seed=2  rmse=0.022  phi_min=5.35e-04  (2048s)
>>> tf=0.9   seed=2  rmse=0.023  phi_min=6.28e-04  (2074s)
>>> tf=1     seed=2  rmse=0.022  phi_min=7.24e-04  (2101s)
>>> tf=1.1   seed=2  rmse=0.022  phi_min=7.84e-04  (2128s)
>>> tf=1.2   seed=2  rmse=0.023  phi_min=7.99e-04  (2156s)
>>> tf=1.3   seed=2  rmse=0.026  phi_min=9.16e-04  (2184s)
>>> tf=1.4   seed=2  rmse=0.027  phi_min=9.50e-04  (2212s)
>>> tf=1.5   seed=2  rmse=0.030  phi_min=1.09e-03  (2241s)
>>> tf=1.6   seed=2  rmse=0.031  phi_min=1.29e-03  (2270s)
>>> tf=1.7   seed=2  rmse=0.033  phi_min=1.29e-03  (2300s)
>>> tf=1.8   seed=2  rmse=0.035  phi_min=1.33e-03  (2330s)
>>> tf=1.9   seed=2  rmse=0.034  phi_min=1.43e-03  (2360s)
>>> tf=2     seed=2  rmse=0.040  phi_min=1.69e-03  (2391s)
>>> tf=2.1   seed=2  rmse=0.044  phi_min=1.86e-03  (2422s)
>>> tf=2.2   seed=2  rmse=0.052  phi_min=2.69e-03  (2454s)
>>> tf=2.3   seed=2  rmse=0.052  phi_min=2.64e-03  (2486s)
>>> tf=2.4   seed=2  rmse=0.062  phi_min=3.83e-03  (2518s)
>>> tf=2.5   seed=2  rmse=0.060  phi_min=3.66e-03  (2551s)
>>> tf=2.6   seed=2  rmse=0.076  phi_min=4.43e-03  (2584s)
>>> tf=2.7   seed=2  rmse=0.064  phi_min=3.49e-03  (2617s)
>>> tf=2.8   seed=2  rmse=0.082  phi_min=6.98e-03  (2651s)
>>> tf=2.9   seed=2  rmse=0.082  phi_min=6.71e-03  (2686s)
>>> tf=3     seed=2  rmse=0.090  phi_min=7.38e-03  (2720s)
checkpoint: seed 2 done -> /global/home/users/helsayed/Nonlinear-TC/Models/gd_training/runs/tf_scan_results.npz
>>> tf=0.05  seed=3  rmse=0.072  phi_min=5.96e-03  (2750s)
>>> tf=0.1   seed=3  rmse=0.059  phi_min=5.02e-03  (2775s)
>>> tf=0.2   seed=3  rmse=0.041  phi_min=2.64e-03  (2799s)
>>> tf=0.3   seed=3  rmse=0.028  phi_min=8.94e-04  (2824s)
>>> tf=0.4   seed=3  rmse=0.020  phi_min=4.85e-04  (2849s)
>>> tf=0.5   seed=3  rmse=0.017  phi_min=3.76e-04  (2874s)
>>> tf=0.6   seed=3  rmse=0.015  phi_min=3.43e-04  (2900s)
>>> tf=0.7   seed=3  rmse=0.018  phi_min=3.64e-04  (2926s)
>>> tf=0.8   seed=3  rmse=0.024  phi_min=5.61e-04  (2952s)
>>> tf=0.9   seed=3  rmse=0.033  phi_min=5.20e-04  (2978s)
>>> tf=1     seed=3  rmse=0.039  phi_min=1.05e-03  (3005s)
>>> tf=1.1   seed=3  rmse=0.040  phi_min=1.35e-03  (3032s)
>>> tf=1.2   seed=3  rmse=0.040  phi_min=1.37e-03  (3060s)
>>> tf=1.3   seed=3  rmse=0.040  phi_min=1.27e-03  (3088s)
>>> tf=1.4   seed=3  rmse=0.041  phi_min=1.51e-03  (3116s)
>>> tf=1.5   seed=3  rmse=0.039  phi_min=1.60e-03  (3145s)
>>> tf=1.6   seed=3  rmse=0.038  phi_min=1.82e-03  (3174s)
>>> tf=1.7   seed=3  rmse=0.034  phi_min=9.30e-04  (3204s)
>>> tf=1.8   seed=3  rmse=0.030  phi_min=1.00e-03  (3234s)
>>> tf=1.9   seed=3  rmse=0.026  phi_min=9.76e-04  (3264s)
>>> tf=2     seed=3  rmse=0.043  phi_min=2.32e-03  (3295s)
>>> tf=2.1   seed=3  rmse=0.027  phi_min=8.30e-04  (3326s)
>>> tf=2.2   seed=3  rmse=0.024  phi_min=6.68e-04  (3358s)
>>> tf=2.3   seed=3  rmse=0.028  phi_min=1.08e-03  (3390s)
>>> tf=2.4   seed=3  rmse=0.020  phi_min=4.34e-04  (3422s)
>>> tf=2.5   seed=3  rmse=0.024  phi_min=5.80e-04  (3455s)
>>> tf=2.6   seed=3  rmse=0.021  phi_min=4.65e-04  (3488s)
>>> tf=2.7   seed=3  rmse=0.019  phi_min=3.73e-04  (3522s)
>>> tf=2.8   seed=3  rmse=0.021  phi_min=6.18e-04  (3556s)
>>> tf=2.9   seed=3  rmse=0.026  phi_min=6.95e-04  (3590s)
>>> tf=3     seed=3  rmse=0.029  phi_min=1.05e-03  (3625s)
checkpoint: seed 3 done -> /global/home/users/helsayed/Nonlinear-TC/Models/gd_training/runs/tf_scan_results.npz
>>> tf=0.05  seed=4  rmse=0.037  phi_min=2.06e-03  (3653s)
>>> tf=0.1   seed=4  rmse=0.044  phi_min=2.47e-03  (3678s)
>>> tf=0.2   seed=4  rmse=0.027  phi_min=1.08e-03  (3703s)
>>> tf=0.3   seed=4  rmse=0.019  phi_min=4.51e-04  (3728s)
>>> tf=0.4   seed=4  rmse=0.016  phi_min=3.11e-04  (3753s)
>>> tf=0.5   seed=4  rmse=0.014  phi_min=2.55e-04  (3778s)
>>> tf=0.6   seed=4  rmse=0.014  phi_min=2.78e-04  (3803s)
>>> tf=0.7   seed=4  rmse=0.015  phi_min=3.24e-04  (3829s)
>>> tf=0.8   seed=4  rmse=0.018  phi_min=3.95e-04  (3855s)
>>> tf=0.9   seed=4  rmse=0.019  phi_min=4.09e-04  (3882s)
>>> tf=1     seed=4  rmse=0.023  phi_min=5.50e-04  (3909s)
>>> tf=1.1   seed=4  rmse=0.021  phi_min=4.53e-04  (3936s)
>>> tf=1.2   seed=4  rmse=0.024  phi_min=6.25e-04  (3964s)
>>> tf=1.3   seed=4  rmse=0.022  phi_min=5.38e-04  (3992s)
>>> tf=1.4   seed=4  rmse=0.021  phi_min=5.98e-04  (4020s)
>>> tf=1.5   seed=4  rmse=0.023  phi_min=6.98e-04  (4049s)
>>> tf=1.6   seed=4  rmse=0.021  phi_min=6.28e-04  (4078s)
>>> tf=1.7   seed=4  rmse=0.022  phi_min=6.42e-04  (4108s)
>>> tf=1.8   seed=4  rmse=0.024  phi_min=7.78e-04  (4138s)
>>> tf=1.9   seed=4  rmse=0.028  phi_min=9.26e-04  (4168s)
>>> tf=2     seed=4  rmse=0.030  phi_min=1.08e-03  (4199s)
>>> tf=2.1   seed=4  rmse=0.031  phi_min=1.07e-03  (4230s)
>>> tf=2.2   seed=4  rmse=0.042  phi_min=1.61e-03  (4262s)
>>> tf=2.3   seed=4  rmse=0.043  phi_min=1.62e-03  (4294s)
>>> tf=2.4   seed=4  rmse=0.053  phi_min=2.16e-03  (4326s)
>>> tf=2.5   seed=4  rmse=0.052  phi_min=2.12e-03  (4359s)
>>> tf=2.6   seed=4  rmse=0.049  phi_min=2.04e-03  (4392s)
>>> tf=2.7   seed=4  rmse=0.058  phi_min=2.92e-03  (4425s)
>>> tf=2.8   seed=4  rmse=0.059  phi_min=3.30e-03  (4459s)
>>> tf=2.9   seed=4  rmse=0.064  phi_min=3.68e-03  (4493s)
>>> tf=3     seed=4  rmse=0.057  phi_min=3.17e-03  (4528s)
checkpoint: seed 4 done -> /global/home/users/helsayed/Nonlinear-TC/Models/gd_training/runs/tf_scan_results.npz

=== best clock times (best across seeds) ===
  tf=0.4  best rmse=0.013
  tf=0.5  best rmse=0.014
  tf=0.6  best rmse=0.014
  tf=0.7  best rmse=0.015
  tf=0.8  best rmse=0.018
saved /global/home/users/helsayed/Nonlinear-TC/Models/gd_training/../../Graphs/gd_graphs/fig_tf_scan_grid.png
