cuda: True Tesla V100-SXM2-16GB
training on cuda:0
gen    0   best loss 0.5017    18.29 s/gen
gen   10   best loss 0.5011    11.06 s/gen
gen   20   best loss 0.5003    11.10 s/gen
gen   30   best loss 0.5004    11.11 s/gen
gen   40   best loss 0.5006    11.11 s/gen
gen   50   best loss 0.5009    11.11 s/gen
gen   60   best loss 0.5007    11.11 s/gen
gen   70   best loss 0.4989    11.11 s/gen
gen   80   best loss 0.4997    11.11 s/gen
gen   90   best loss 0.5002    11.10 s/gen
gen  100   best loss 0.4995    11.10 s/gen
gen  110   best loss 0.4995    11.10 s/gen
gen  120   best loss 0.5009    11.09 s/gen
gen  130   best loss 0.5004    11.10 s/gen
gen  140   best loss 0.5006    11.10 s/gen
gen  150   best loss 0.5002    11.09 s/gen
gen  160   best loss 0.5011    11.09 s/gen
gen  170   best loss 0.4997    11.10 s/gen
gen  180   best loss 0.4970    11.09 s/gen
gen  190   best loss 0.4943    11.09 s/gen
gen  200   best loss 0.4874    11.09 s/gen
gen  210   best loss 0.4745    11.10 s/gen
gen  220   best loss 0.4695    11.10 s/gen
gen  230   best loss 0.4502    11.10 s/gen
gen  240   best loss 0.4261    11.10 s/gen
gen  250   best loss 0.3792    11.10 s/gen
gen  260   best loss 0.3429    11.10 s/gen
gen  270   best loss 0.2399    11.10 s/gen
gen  280   best loss 0.1633    11.10 s/gen
gen  290   best loss 0.0879    11.10 s/gen
gen  300   best loss 0.0301    11.10 s/gen
gen  310   best loss 0.0262    11.10 s/gen
gen  320   best loss 0.0249    11.10 s/gen
gen  330   best loss 0.0198    11.10 s/gen
gen  340   best loss 0.0173    11.10 s/gen
gen  350   best loss 0.0141    11.10 s/gen
gen  360   best loss 0.0107    11.10 s/gen
gen  370   best loss 0.0102    11.10 s/gen
gen  380   best loss 0.0102    11.10 s/gen
gen  390   best loss 0.0095    11.10 s/gen
gen  400   best loss 0.0096    11.10 s/gen
gen  410   best loss 0.0080    11.10 s/gen
gen  420   best loss 0.0080    11.10 s/gen
gen  430   best loss 0.0084    11.10 s/gen
gen  440   best loss 0.0076    11.10 s/gen
gen  450   best loss 0.0073    11.11 s/gen
gen  460   best loss 0.0077    11.11 s/gen
gen  470   best loss 0.0066    11.11 s/gen
gen  480   best loss 0.0073    11.10 s/gen
gen  490   best loss 0.0070    11.11 s/gen
gen  500   best loss 0.0058    11.11 s/gen
gen  510   best loss 0.0058    11.11 s/gen
gen  520   best loss 0.0058    11.11 s/gen
gen  530   best loss 0.0063    11.11 s/gen
gen  540   best loss 0.0053    11.11 s/gen
gen  550   best loss 0.0062    11.11 s/gen
gen  560   best loss 0.0049    11.11 s/gen
gen  570   best loss 0.0052    11.10 s/gen
gen  580   best loss 0.0065    11.10 s/gen
gen  590   best loss 0.0047    11.11 s/gen
gen  600   best loss 0.0057    11.11 s/gen
gen  610   best loss 0.0051    11.11 s/gen
gen  620   best loss 0.0053    11.11 s/gen
gen  630   best loss 0.0051    11.11 s/gen
gen  640   best loss 0.0049    11.11 s/gen
gen  650   best loss 0.0055    11.11 s/gen
gen  660   best loss 0.0047    11.11 s/gen
gen  670   best loss 0.0053    11.11 s/gen
gen  680   best loss 0.0053    11.11 s/gen
gen  690   best loss 0.0050    11.11 s/gen
gen  700   best loss 0.0047    11.11 s/gen
gen  710   best loss 0.0052    11.11 s/gen
gen  720   best loss 0.0056    11.11 s/gen
gen  730   best loss 0.0050    11.11 s/gen
gen  740   best loss 0.0051    11.11 s/gen
gen  750   best loss 0.0045    11.11 s/gen
gen  760   best loss 0.0057    11.11 s/gen
gen  770   best loss 0.0056    11.11 s/gen
gen  780   best loss 0.0051    11.11 s/gen
gen  790   best loss 0.0054    11.11 s/gen
gen  800   best loss 0.0052    11.11 s/gen
gen  810   best loss 0.0050    11.11 s/gen
gen  820   best loss 0.0047    11.11 s/gen
gen  830   best loss 0.0049    11.11 s/gen
gen  840   best loss 0.0052    11.11 s/gen
gen  850   best loss 0.0047    11.11 s/gen
gen  860   best loss 0.0050    11.11 s/gen
gen  870   best loss 0.0055    11.10 s/gen
gen  880   best loss 0.0052    11.10 s/gen
gen  890   best loss 0.0056    11.10 s/gen
gen  900   best loss 0.0048    11.10 s/gen
gen  910   best loss 0.0050    11.11 s/gen
gen  920   best loss 0.0059    11.10 s/gen
gen  930   best loss 0.0051    11.10 s/gen
gen  940   best loss 0.0051    11.10 s/gen
gen  950   best loss 0.0047    11.10 s/gen
gen  960   best loss 0.0050    11.10 s/gen
gen  970   best loss 0.0053    11.10 s/gen
gen  980   best loss 0.0052    11.10 s/gen
gen  990   best loss 0.0052    11.10 s/gen
gen 1000   best loss 0.0050    11.10 s/gen
gen 1010   best loss 0.0054    11.10 s/gen
gen 1020   best loss 0.0053    11.10 s/gen
gen 1030   best loss 0.0062    11.10 s/gen
gen 1040   best loss 0.0049    11.10 s/gen
gen 1050   best loss 0.0051    11.10 s/gen
gen 1060   best loss 0.0052    11.10 s/gen
gen 1070   best loss 0.0053    11.10 s/gen
gen 1080   best loss 0.0051    11.10 s/gen
gen 1090   best loss 0.0050    11.10 s/gen
gen 1100   best loss 0.0053    11.10 s/gen
gen 1110   best loss 0.0047    11.10 s/gen
gen 1120   best loss 0.0052    11.10 s/gen
gen 1130   best loss 0.0057    11.10 s/gen
gen 1140   best loss 0.0054    11.10 s/gen
gen 1150   best loss 0.0056    11.10 s/gen
gen 1160   best loss 0.0052    11.10 s/gen
gen 1170   best loss 0.0053    11.10 s/gen
gen 1180   best loss 0.0044    11.10 s/gen
gen 1190   best loss 0.0051    11.10 s/gen
gen 1200   best loss 0.0054    11.10 s/gen
gen 1210   best loss 0.0045    11.10 s/gen
gen 1220   best loss 0.0045    11.10 s/gen
gen 1230   best loss 0.0045    11.10 s/gen
gen 1240   best loss 0.0041    11.10 s/gen
gen 1250   best loss 0.0045    11.10 s/gen
gen 1260   best loss 0.0043    11.10 s/gen
gen 1270   best loss 0.0046    11.10 s/gen
gen 1280   best loss 0.0044    11.10 s/gen
gen 1290   best loss 0.0040    11.10 s/gen
gen 1300   best loss 0.0042    11.10 s/gen
gen 1310   best loss 0.0041    11.10 s/gen
gen 1320   best loss 0.0043    11.09 s/gen
gen 1330   best loss 0.0044    11.10 s/gen
gen 1340   best loss 0.0042    11.10 s/gen
gen 1350   best loss 0.0047    11.10 s/gen
gen 1360   best loss 0.0041    11.10 s/gen
gen 1370   best loss 0.0041    11.09 s/gen
gen 1380   best loss 0.0043    11.09 s/gen
gen 1390   best loss 0.0039    11.09 s/gen
gen 1400   best loss 0.0040    11.10 s/gen
gen 1410   best loss 0.0042    11.09 s/gen
gen 1420   best loss 0.0038    11.09 s/gen
gen 1430   best loss 0.0040    11.10 s/gen
gen 1440   best loss 0.0038    11.09 s/gen
gen 1450   best loss 0.0038    11.09 s/gen
gen 1460   best loss 0.0045    11.09 s/gen
gen 1470   best loss 0.0037    11.09 s/gen
gen 1480   best loss 0.0035    11.10 s/gen
gen 1490   best loss 0.0039    11.09 s/gen
gen 1500   best loss 0.0039    11.09 s/gen
gen 1510   best loss 0.0036    11.10 s/gen
gen 1520   best loss 0.0038    11.09 s/gen
gen 1530   best loss 0.0037    11.09 s/gen
gen 1540   best loss 0.0038    11.10 s/gen
gen 1550   best loss 0.0039    11.09 s/gen
gen 1560   best loss 0.0036    11.10 s/gen
gen 1570   best loss 0.0040    11.09 s/gen
gen 1580   best loss 0.0038    11.09 s/gen
gen 1590   best loss 0.0036    11.10 s/gen
gen 1600   best loss 0.0038    11.09 s/gen
gen 1610   best loss 0.0041    11.09 s/gen
gen 1620   best loss 0.0037    11.10 s/gen
gen 1630   best loss 0.0037    11.09 s/gen
gen 1640   best loss 0.0035    11.09 s/gen
gen 1650   best loss 0.0036    11.09 s/gen
gen 1660   best loss 0.0039    11.09 s/gen
gen 1670   best loss 0.0037    11.09 s/gen
gen 1680   best loss 0.0035    11.09 s/gen
gen 1690   best loss 0.0042    11.09 s/gen
gen 1700   best loss 0.0037    11.09 s/gen
gen 1710   best loss 0.0037    11.09 s/gen
gen 1720   best loss 0.0036    11.09 s/gen
gen 1730   best loss 0.0040    11.09 s/gen
gen 1740   best loss 0.0039    11.09 s/gen
gen 1750   best loss 0.0039    11.09 s/gen
gen 1760   best loss 0.0034    11.09 s/gen
gen 1770   best loss 0.0037    11.09 s/gen
gen 1780   best loss 0.0036    11.09 s/gen
gen 1790   best loss 0.0038    11.09 s/gen
gen 1800   best loss 0.0036    11.09 s/gen
gen 1810   best loss 0.0033    11.09 s/gen
gen 1820   best loss 0.0035    11.09 s/gen
gen 1830   best loss 0.0034    11.09 s/gen
gen 1840   best loss 0.0034    11.09 s/gen
gen 1850   best loss 0.0037    11.09 s/gen
gen 1860   best loss 0.0037    11.09 s/gen
gen 1870   best loss 0.0029    11.09 s/gen
gen 1880   best loss 0.0036    11.09 s/gen
gen 1890   best loss 0.0033    11.09 s/gen
gen 1900   best loss 0.0032    11.09 s/gen
gen 1910   best loss 0.0032    11.09 s/gen
gen 1920   best loss 0.0032    11.09 s/gen
gen 1930   best loss 0.0031    11.09 s/gen
gen 1940   best loss 0.0033    11.09 s/gen
gen 1950   best loss 0.0027    11.09 s/gen
gen 1960   best loss 0.0032    11.10 s/gen
gen 1970   best loss 0.0029    11.09 s/gen
gen 1980   best loss 0.0031    11.09 s/gen
gen 1990   best loss 0.0030    11.09 s/gen
gen 2000   best loss 0.0033    11.09 s/gen
gen 2010   best loss 0.0033    11.09 s/gen
gen 2020   best loss 0.0031    11.09 s/gen
gen 2030   best loss 0.0033    11.10 s/gen
gen 2040   best loss 0.0028    11.10 s/gen
gen 2050   best loss 0.0030    11.09 s/gen
gen 2060   best loss 0.0029    11.10 s/gen
gen 2070   best loss 0.0031    11.09 s/gen
gen 2080   best loss 0.0028    11.09 s/gen
gen 2090   best loss 0.0027    11.10 s/gen
gen 2100   best loss 0.0032    11.10 s/gen
gen 2110   best loss 0.0029    11.10 s/gen
gen 2120   best loss 0.0032    11.09 s/gen
gen 2130   best loss 0.0031    11.10 s/gen
gen 2140   best loss 0.0031    11.10 s/gen
gen 2150   best loss 0.0028    11.09 s/gen
gen 2160   best loss 0.0028    11.10 s/gen
gen 2170   best loss 0.0032    11.10 s/gen
gen 2180   best loss 0.0030    11.09 s/gen
gen 2190   best loss 0.0026    11.10 s/gen
gen 2200   best loss 0.0031    11.10 s/gen
gen 2210   best loss 0.0029    11.10 s/gen
gen 2220   best loss 0.0029    11.10 s/gen
gen 2230   best loss 0.0030    11.10 s/gen
gen 2240   best loss 0.0027    11.10 s/gen
gen 2250   best loss 0.0031    11.10 s/gen
gen 2260   best loss 0.0029    11.10 s/gen
gen 2270   best loss 0.0028    11.10 s/gen
gen 2280   best loss 0.0026    11.10 s/gen
gen 2290   best loss 0.0032    11.10 s/gen
gen 2300   best loss 0.0031    11.10 s/gen
gen 2310   best loss 0.0030    11.10 s/gen
gen 2320   best loss 0.0027    11.10 s/gen
gen 2330   best loss 0.0027    11.10 s/gen
gen 2340   best loss 0.0026    11.10 s/gen
gen 2350   best loss 0.0032    11.10 s/gen
gen 2360   best loss 0.0028    11.10 s/gen
gen 2370   best loss 0.0027    11.10 s/gen
gen 2380   best loss 0.0028    11.09 s/gen
gen 2390   best loss 0.0028    11.10 s/gen
gen 2400   best loss 0.0029    11.10 s/gen
gen 2410   best loss 0.0027    11.10 s/gen
gen 2420   best loss 0.0029    11.10 s/gen
gen 2430   best loss 0.0028    11.10 s/gen
gen 2440   best loss 0.0030    11.10 s/gen
gen 2450   best loss 0.0027    11.10 s/gen
gen 2460   best loss 0.0029    11.10 s/gen
gen 2470   best loss 0.0029    11.10 s/gen
gen 2480   best loss 0.0027    11.10 s/gen
gen 2490   best loss 0.0028    11.09 s/gen
gen 2500   best loss 0.0025    11.09 s/gen
gen 2510   best loss 0.0027    11.09 s/gen
gen 2520   best loss 0.0026    11.10 s/gen
gen 2530   best loss 0.0029    11.10 s/gen
gen 2540   best loss 0.0025    11.10 s/gen
gen 2550   best loss 0.0023    11.10 s/gen
gen 2560   best loss 0.0027    11.10 s/gen
gen 2570   best loss 0.0027    11.10 s/gen
gen 2580   best loss 0.0025    11.10 s/gen
gen 2590   best loss 0.0032    11.10 s/gen
gen 2600   best loss 0.0025    11.10 s/gen
gen 2610   best loss 0.0028    11.10 s/gen
gen 2620   best loss 0.0026    11.10 s/gen
gen 2630   best loss 0.0025    11.10 s/gen
gen 2640   best loss 0.0025    11.10 s/gen
gen 2650   best loss 0.0026    11.10 s/gen
gen 2660   best loss 0.0029    11.09 s/gen
gen 2670   best loss 0.0028    11.09 s/gen
gen 2680   best loss 0.0027    11.10 s/gen
gen 2690   best loss 0.0027    11.10 s/gen
gen 2700   best loss 0.0027    11.10 s/gen
gen 2710   best loss 0.0022    11.10 s/gen
gen 2720   best loss 0.0028    11.10 s/gen
gen 2730   best loss 0.0025    11.09 s/gen
gen 2740   best loss 0.0029    11.10 s/gen
gen 2750   best loss 0.0026    11.10 s/gen
gen 2760   best loss 0.0026    11.10 s/gen
gen 2770   best loss 0.0027    11.10 s/gen
gen 2780   best loss 0.0029    11.10 s/gen
gen 2790   best loss 0.0027    11.10 s/gen
gen 2800   best loss 0.0026    11.10 s/gen
gen 2810   best loss 0.0030    11.09 s/gen
gen 2820   best loss 0.0028    11.10 s/gen
gen 2830   best loss 0.0026    11.10 s/gen
gen 2840   best loss 0.0025    11.10 s/gen
gen 2850   best loss 0.0028    11.10 s/gen
gen 2860   best loss 0.0028    11.10 s/gen
gen 2870   best loss 0.0024    11.10 s/gen
gen 2880   best loss 0.0026    11.10 s/gen
gen 2890   best loss 0.0026    11.10 s/gen
gen 2900   best loss 0.0026    11.10 s/gen
gen 2910   best loss 0.0027    11.10 s/gen
gen 2920   best loss 0.0029    11.09 s/gen
gen 2930   best loss 0.0024    11.09 s/gen
gen 2940   best loss 0.0026    11.09 s/gen
gen 2950   best loss 0.0027    11.09 s/gen
gen 2960   best loss 0.0024    11.09 s/gen
gen 2970   best loss 0.0023    11.09 s/gen
gen 2980   best loss 0.0026    11.09 s/gen
gen 2990   best loss 0.0025    11.10 s/gen
gen 3000   best loss 0.0025    11.10 s/gen
gen 3010   best loss 0.0023    11.10 s/gen
gen 3020   best loss 0.0025    11.10 s/gen
gen 3030   best loss 0.0023    11.10 s/gen
gen 3040   best loss 0.0028    11.10 s/gen
gen 3050   best loss 0.0024    11.10 s/gen
gen 3060   best loss 0.0025    11.10 s/gen
gen 3070   best loss 0.0026    11.09 s/gen
gen 3080   best loss 0.0028    11.10 s/gen
gen 3090   best loss 0.0024    11.09 s/gen
gen 3100   best loss 0.0025    11.10 s/gen
gen 3110   best loss 0.0027    11.10 s/gen
gen 3120   best loss 0.0023    11.10 s/gen
gen 3130   best loss 0.0025    11.10 s/gen
gen 3140   best loss 0.0022    11.10 s/gen
gen 3150   best loss 0.0023    11.09 s/gen
gen 3160   best loss 0.0023    11.10 s/gen
gen 3170   best loss 0.0025    11.10 s/gen
gen 3180   best loss 0.0026    11.10 s/gen
gen 3190   best loss 0.0027    11.10 s/gen
gen 3200   best loss 0.0023    11.10 s/gen
gen 3210   best loss 0.0027    11.10 s/gen
gen 3220   best loss 0.0026    11.10 s/gen
gen 3230   best loss 0.0025    11.10 s/gen
gen 3240   best loss 0.0023    11.09 s/gen
gen 3250   best loss 0.0024    11.10 s/gen
gen 3260   best loss 0.0024    11.10 s/gen
gen 3270   best loss 0.0024    11.10 s/gen
gen 3280   best loss 0.0026    11.10 s/gen
gen 3290   best loss 0.0024    11.10 s/gen
gen 3300   best loss 0.0024    11.09 s/gen
gen 3310   best loss 0.0022    11.10 s/gen
gen 3320   best loss 0.0023    11.09 s/gen
gen 3330   best loss 0.0024    11.09 s/gen
gen 3340   best loss 0.0024    11.10 s/gen
gen 3350   best loss 0.0023    11.10 s/gen
gen 3360   best loss 0.0024    11.10 s/gen
gen 3370   best loss 0.0023    11.10 s/gen
gen 3380   best loss 0.0023    11.09 s/gen
gen 3390   best loss 0.0023    11.09 s/gen
gen 3400   best loss 0.0021    11.10 s/gen
gen 3410   best loss 0.0022    11.10 s/gen
gen 3420   best loss 0.0023    11.10 s/gen
gen 3430   best loss 0.0021    11.09 s/gen
gen 3440   best loss 0.0022    11.09 s/gen
gen 3450   best loss 0.0021    11.09 s/gen
gen 3460   best loss 0.0023    11.09 s/gen
gen 3470   best loss 0.0022    11.09 s/gen
gen 3480   best loss 0.0022    11.09 s/gen
gen 3490   best loss 0.0021    11.09 s/gen
gen 3500   best loss 0.0022    11.10 s/gen
gen 3510   best loss 0.0021    11.10 s/gen
gen 3520   best loss 0.0020    11.10 s/gen
gen 3530   best loss 0.0020    11.10 s/gen
gen 3540   best loss 0.0022    11.10 s/gen
gen 3550   best loss 0.0020    11.09 s/gen
gen 3560   best loss 0.0020    11.09 s/gen
gen 3570   best loss 0.0019    11.10 s/gen
gen 3580   best loss 0.0021    11.09 s/gen
gen 3590   best loss 0.0021    11.10 s/gen
gen 3600   best loss 0.0022    11.10 s/gen
gen 3610   best loss 0.0020    11.10 s/gen
gen 3620   best loss 0.0019    11.10 s/gen
gen 3630   best loss 0.0020    11.10 s/gen
gen 3640   best loss 0.0020    11.09 s/gen
gen 3650   best loss 0.0019    11.10 s/gen
gen 3660   best loss 0.0022    11.10 s/gen
gen 3670   best loss 0.0019    11.10 s/gen
gen 3680   best loss 0.0022    11.10 s/gen
gen 3690   best loss 0.0021    11.10 s/gen
gen 3700   best loss 0.0022    11.09 s/gen
gen 3710   best loss 0.0022    11.10 s/gen
gen 3720   best loss 0.0022    11.09 s/gen
gen 3730   best loss 0.0020    11.09 s/gen
gen 3740   best loss 0.0022    11.09 s/gen
gen 3750   best loss 0.0021    11.09 s/gen
gen 3760   best loss 0.0020    11.09 s/gen
gen 3770   best loss 0.0022    11.09 s/gen
gen 3780   best loss 0.0023    11.10 s/gen
gen 3790   best loss 0.0024    11.09 s/gen
gen 3800   best loss 0.0022    11.10 s/gen
gen 3810   best loss 0.0023    11.09 s/gen
gen 3820   best loss 0.0021    11.09 s/gen
gen 3830   best loss 0.0020    11.09 s/gen
gen 3840   best loss 0.0020    11.09 s/gen
gen 3850   best loss 0.0022    11.09 s/gen
gen 3860   best loss 0.0020    11.09 s/gen
gen 3870   best loss 0.0022    11.09 s/gen
gen 3880   best loss 0.0022    11.09 s/gen
gen 3890   best loss 0.0020    11.09 s/gen
gen 3900   best loss 0.0019    11.09 s/gen
gen 3910   best loss 0.0021    11.09 s/gen
gen 3920   best loss 0.0020    11.09 s/gen
gen 3930   best loss 0.0021    11.09 s/gen
gen 3940   best loss 0.0022    11.09 s/gen
gen 3950   best loss 0.0022    11.09 s/gen
gen 3960   best loss 0.0021    11.09 s/gen
gen 3970   best loss 0.0022    11.09 s/gen
gen 3980   best loss 0.0021    11.09 s/gen
gen 3990   best loss 0.0021    11.09 s/gen
