cuda: True Tesla V100-SXM2-32GB
config: seed=4 gens=200 var_weight=0.01 act=thermo | P=50 elites=5 K=250 M_FIT=1000 M_CHUNK=500 CRN=True MUT=0.02 | tf=0.4 beta=10 dt=0.001
[1/3] training digital teacher ...  (device: cuda)
  teacher epoch     0  mse 5.057e-01
  teacher epoch   300  mse 6.071e-04
  teacher epoch   600  mse 1.063e-04
  teacher epoch   900  mse 7.189e-05
  teacher epoch  1200  mse 5.001e-05
  teacher epoch  1500  mse 3.861e-05
  teacher epoch  1800  mse 2.748e-04
  teacher epoch  2100  mse 2.529e-05
  teacher epoch  2400  mse 2.182e-05
  teacher epoch  2700  mse 1.979e-05
  teacher epoch  2999  mse 1.862e-05
[2/3] training thermodynamic student by gradient descent ...
  student LBFGS round 0  OM loss 3.6349e+00
  student LBFGS round 1  OM loss 4.5061e-02
  student LBFGS round 2  OM loss 3.0241e-02
  student LBFGS round 3  OM loss 1.9268e-02
  student LBFGS round 4  OM loss 1.3901e-02
  student LBFGS round 5  OM loss 1.1789e-02
  student LBFGS round 6  OM loss 1.0237e-02
  student LBFGS round 7  OM loss 8.8800e-03
  student LBFGS round 8  OM loss 8.1000e-03
  student LBFGS round 9  OM loss 7.7170e-03
  student LBFGS round 10  OM loss 7.2286e-03
  student LBFGS round 11  OM loss 6.6561e-03
  student LBFGS round 12  OM loss 6.1525e-03
  student LBFGS round 13  OM loss 5.3216e-03
  student LBFGS round 14  OM loss 4.4757e-03
  student LBFGS round 15  OM loss 3.8832e-03
  student LBFGS round 16  OM loss 3.5719e-03
  student LBFGS round 17  OM loss 3.3160e-03
  student LBFGS round 18  OM loss 3.0215e-03
  student LBFGS round 19  OM loss 2.7323e-03
  student LBFGS round 20  OM loss 2.5834e-03
  student LBFGS round 21  OM loss 2.5261e-03
  student LBFGS round 22  OM loss 2.4873e-03
  student LBFGS round 23  OM loss 2.4595e-03
  student LBFGS round 24  OM loss 2.4323e-03
  student LBFGS round 25  OM loss 2.4076e-03
  student LBFGS round 26  OM loss 2.3941e-03
  student LBFGS round 27  OM loss 2.3842e-03
  student LBFGS round 28  OM loss 2.3786e-03
  student LBFGS round 29  OM loss 2.3698e-03
[3/3] fitting readout scale (post-training) and evaluating ...

--- run summary --------------------------------------------
teacher fit mse     1.866e-05            (13.9s)
OM loss             3.635e+00 -> 2.370e-03  (30 LBFGS rounds, 9.8s)
readout scale c     0.6674
RMSE vs cos         1.179e-02            (M=256, 0.8s)
bias^2              1.389e-04   mean_z (E[y]-y0)^2
Var[y]              1.042e-02   mean_z per-sample variance
pred range          [-1.001, +1.036]   (target [-1, +1])
trainable params    5176
weights saved       20260717-105635_run_seed4_tf0.4_K250.pt
------------------------------------------------------------
GD baseline (seed 4): rmse 0.0118  bias2 1.39e-04  var 0.010
  gen    0  fitness 2.797e-04  bias 9.212e-05  var 0.019    52.55 s/gen  (77s total)
  gen   10  fitness 1.808e-04  bias 6.847e-05  var 0.011    52.56 s/gen  (603s total)
  gen   20  fitness 1.559e-04  bias 6.058e-05  var 0.010    52.56 s/gen  (1128s total)
  gen   30  fitness 1.271e-04  bias 5.123e-05  var 0.008    52.56 s/gen  (1654s total)
  gen   40  fitness 1.161e-04  bias 4.374e-05  var 0.007    52.56 s/gen  (2179s total)
  gen   50  fitness 1.046e-04  bias 3.863e-05  var 0.007    52.56 s/gen  (2705s total)
  gen   60  fitness 9.836e-05  bias 3.558e-05  var 0.006    52.56 s/gen  (3231s total)
  gen   70  fitness 9.519e-05  bias 3.458e-05  var 0.006    52.56 s/gen  (3756s total)
  gen   80  fitness 9.052e-05  bias 3.161e-05  var 0.006    52.56 s/gen  (4282s total)
  gen   90  fitness 8.582e-05  bias 2.845e-05  var 0.006    52.56 s/gen  (4807s total)
  gen  100  fitness 8.573e-05  bias 2.903e-05  var 0.006    52.56 s/gen  (5333s total)
  gen  110  fitness 8.357e-05  bias 2.741e-05  var 0.006    52.56 s/gen  (5859s total)
  gen  120  fitness 8.111e-05  bias 2.603e-05  var 0.006    52.56 s/gen  (6384s total)
  gen  130  fitness 8.028e-05  bias 2.514e-05  var 0.006    52.56 s/gen  (6910s total)
  gen  140  fitness 7.822e-05  bias 2.461e-05  var 0.005    52.56 s/gen  (7435s total)
  gen  150  fitness 7.676e-05  bias 2.325e-05  var 0.005    52.56 s/gen  (7961s total)
  gen  160  fitness 7.610e-05  bias 2.387e-05  var 0.005    52.55 s/gen  (8486s total)
  gen  170  fitness 7.751e-05  bias 2.549e-05  var 0.005    52.55 s/gen  (9012s total)
  gen  180  fitness 7.530e-05  bias 2.419e-05  var 0.005    52.55 s/gen  (9537s total)
  gen  190  fitness 7.443e-05  bias 2.332e-05  var 0.005    52.55 s/gen  (10063s total)
  gen  199  fitness 7.195e-05  bias 2.152e-05  var 0.005    52.55 s/gen  (10536s total)

GA-finetuned:  rmse 0.0064  bias2 4.10e-05  var 0.005
GD baseline:   rmse 0.0118  bias2 1.39e-04  var 0.010
saved /global/home/users/helsayed/Nonlinear-TC/Models/gd_training/../../Graphs/gd_graphs/fig_teacher_gafinetune_thermo_seed4_g200_vw0.01_M1000_crn.png
