cuda: True Tesla V100-SXM2-32GB
config: activation=thermo staged=even-kill WIDTH=8 DEPTH=4 TARGET_FREQ=2.0 seeds=10 tfs=51 (0.5..3.0) sweep_pts=36 M_eval=256 M_sweep=96 device=cuda  -> 510 students
  teacher seed 0: fit mse 3.23e-05 (18s)
>>> tf=0.5  seed=0  rmse=0.0801  var=0.820  phi_min=1.42e-02  (44s)
>>> tf=0.55 seed=0  rmse=0.0662  var=0.619  phi_min=8.23e-03  (70s)
>>> tf=0.6  seed=0  rmse=0.0423  var=0.349  phi_min=3.94e-03  (104s)
>>> tf=0.65 seed=0  rmse=0.0275  var=0.112  phi_min=1.26e-03  (141s)
>>> tf=0.7  seed=0  rmse=0.0234  var=0.057  phi_min=8.20e-04  (174s)
>>> tf=0.75 seed=0  rmse=0.0246  var=0.047  phi_min=8.93e-04  (210s)
>>> tf=0.8  seed=0  rmse=0.0270  var=0.055  phi_min=1.12e-03  (246s)
>>> tf=0.85 seed=0  rmse=0.0291  var=0.081  phi_min=1.34e-03  (283s)
>>> tf=0.9  seed=0  rmse=0.0308  var=0.091  phi_min=1.69e-03  (319s)
>>> tf=0.95 seed=0  rmse=0.0323  var=0.108  phi_min=1.86e-03  (356s)
>>> tf=1    seed=0  rmse=0.0333  var=0.121  phi_min=1.97e-03  (393s)
>>> tf=1.05 seed=0  rmse=0.0337  var=0.122  phi_min=2.07e-03  (430s)
>>> tf=1.1  seed=0  rmse=0.0368  var=0.150  phi_min=2.31e-03  (467s)
>>> tf=1.15 seed=0  rmse=0.0443  var=0.181  phi_min=2.64e-03  (505s)
>>> tf=1.2  seed=0  rmse=0.0492  var=0.205  phi_min=3.21e-03  (543s)
>>> tf=1.25 seed=0  rmse=0.0517  var=0.165  phi_min=3.43e-03  (581s)
>>> tf=1.3  seed=0  rmse=0.0543  var=0.167  phi_min=3.80e-03  (619s)
>>> tf=1.35 seed=0  rmse=0.0599  var=0.172  phi_min=4.34e-03  (657s)
>>> tf=1.4  seed=0  rmse=0.0655  var=0.206  phi_min=5.01e-03  (695s)
>>> tf=1.45 seed=0  rmse=0.0659  var=0.267  phi_min=5.95e-03  (734s)
>>> tf=1.5  seed=0  rmse=0.0665  var=0.407  phi_min=7.12e-03  (773s)
>>> tf=1.55 seed=0  rmse=0.0679  var=0.474  phi_min=7.54e-03  (812s)
>>> tf=1.6  seed=0  rmse=0.0740  var=0.767  phi_min=1.02e-02  (851s)
>>> tf=1.65 seed=0  rmse=0.0703  var=0.729  phi_min=8.97e-03  (891s)
>>> tf=1.7  seed=0  rmse=0.0773  var=1.001  phi_min=1.17e-02  (931s)
>>> tf=1.75 seed=0  rmse=0.0798  var=1.088  phi_min=1.18e-02  (971s)
>>> tf=1.8  seed=0  rmse=0.0785  var=1.085  phi_min=1.16e-02  (1011s)
>>> tf=1.85 seed=0  rmse=0.0910  var=1.263  phi_min=1.27e-02  (1052s)
>>> tf=1.9  seed=0  rmse=0.0992  var=1.372  phi_min=1.40e-02  (1092s)
>>> tf=1.95 seed=0  rmse=0.0736  var=0.829  phi_min=1.05e-02  (1134s)
>>> tf=2    seed=0  rmse=0.1008  var=0.901  phi_min=1.30e-02  (1175s)
>>> tf=2.05 seed=0  rmse=0.0843  var=0.670  phi_min=9.90e-03  (1216s)
>>> tf=2.1  seed=0  rmse=0.0848  var=0.572  phi_min=8.97e-03  (1258s)
>>> tf=2.15 seed=0  rmse=0.0853  var=0.487  phi_min=9.15e-03  (1300s)
>>> tf=2.2  seed=0  rmse=0.0997  var=0.311  phi_min=1.05e-02  (1343s)
>>> tf=2.25 seed=0  rmse=0.0910  var=0.474  phi_min=1.04e-02  (1385s)
>>> tf=2.3  seed=0  rmse=0.0937  var=0.382  phi_min=1.08e-02  (1428s)
>>> tf=2.35 seed=0  rmse=0.1055  var=0.458  phi_min=1.34e-02  (1471s)
>>> tf=2.4  seed=0  rmse=0.0961  var=0.652  phi_min=1.30e-02  (1515s)
>>> tf=2.45 seed=0  rmse=0.1016  var=0.774  phi_min=1.51e-02  (1558s)
>>> tf=2.5  seed=0  rmse=0.1035  var=0.829  phi_min=1.49e-02  (1602s)
>>> tf=2.55 seed=0  rmse=0.1062  var=0.771  phi_min=1.55e-02  (1646s)
>>> tf=2.6  seed=0  rmse=0.1075  var=0.780  phi_min=1.58e-02  (1691s)
>>> tf=2.65 seed=0  rmse=0.1001  var=0.883  phi_min=1.60e-02  (1736s)
>>> tf=2.7  seed=0  rmse=0.1042  var=0.668  phi_min=1.40e-02  (1781s)
>>> tf=2.75 seed=0  rmse=0.1058  var=0.575  phi_min=1.35e-02  (1817s)
>>> tf=2.8  seed=0  rmse=0.0998  var=0.535  phi_min=1.26e-02  (1853s)
>>> tf=2.85 seed=0  rmse=0.0975  var=0.434  phi_min=1.19e-02  (1890s)
>>> tf=2.9  seed=0  rmse=0.1009  var=0.475  phi_min=1.13e-02  (1926s)
>>> tf=2.95 seed=0  rmse=0.1059  var=0.562  phi_min=1.34e-02  (1963s)
>>> tf=3    seed=0  rmse=0.0957  var=0.440  phi_min=1.12e-02  (2000s)
checkpoint: seed 0 -> /global/home/users/helsayed/Nonlinear-TC/Models/gd_training/runs/staged_tf_grid_results.npz  (2000s)
  teacher seed 1: fit mse 2.32e-05 (2017s)
>>> tf=0.5  seed=1  rmse=0.0231  var=0.059  phi_min=9.03e-04  (2042s)
>>> tf=0.55 seed=1  rmse=0.0238  var=0.052  phi_min=7.99e-04  (2068s)
>>> tf=0.6  seed=1  rmse=0.0224  var=0.045  phi_min=7.54e-04  (2094s)
>>> tf=0.65 seed=1  rmse=0.0215  var=0.048  phi_min=7.47e-04  (2120s)
>>> tf=0.7  seed=1  rmse=0.0226  var=0.066  phi_min=1.02e-03  (2146s)
>>> tf=0.75 seed=1  rmse=0.0205  var=0.065  phi_min=8.60e-04  (2173s)
>>> tf=0.8  seed=1  rmse=0.0214  var=0.073  phi_min=9.07e-04  (2199s)
>>> tf=0.85 seed=1  rmse=0.0232  var=0.090  phi_min=1.12e-03  (2225s)
>>> tf=0.9  seed=1  rmse=0.0267  var=0.109  phi_min=1.31e-03  (2252s)
>>> tf=0.95 seed=1  rmse=0.0292  var=0.136  phi_min=1.52e-03  (2278s)
>>> tf=1    seed=1  rmse=0.0366  var=0.157  phi_min=1.94e-03  (2305s)
>>> tf=1.05 seed=1  rmse=0.0373  var=0.180  phi_min=2.01e-03  (2333s)
>>> tf=1.1  seed=1  rmse=0.0390  var=0.198  phi_min=2.20e-03  (2360s)
>>> tf=1.15 seed=1  rmse=0.0433  var=0.228  phi_min=3.24e-03  (2395s)
>>> tf=1.2  seed=1  rmse=0.0440  var=0.230  phi_min=3.55e-03  (2432s)
>>> tf=1.25 seed=1  rmse=0.0469  var=0.239  phi_min=3.98e-03  (2462s)
>>> tf=1.3  seed=1  rmse=0.0490  var=0.275  phi_min=4.54e-03  (2491s)
>>> tf=1.35 seed=1  rmse=0.0502  var=0.301  phi_min=4.75e-03  (2519s)
>>> tf=1.4  seed=1  rmse=0.0506  var=0.314  phi_min=4.83e-03  (2548s)
>>> tf=1.45 seed=1  rmse=0.0496  var=0.359  phi_min=4.96e-03  (2578s)
>>> tf=1.5  seed=1  rmse=0.0543  var=0.299  phi_min=5.16e-03  (2607s)
>>> tf=1.55 seed=1  rmse=0.0502  var=0.394  phi_min=5.35e-03  (2645s)
>>> tf=1.6  seed=1  rmse=0.0487  var=0.339  phi_min=5.07e-03  (2684s)
>>> tf=1.65 seed=1  rmse=0.0432  var=0.349  phi_min=4.59e-03  (2724s)
>>> tf=1.7  seed=1  rmse=0.0421  var=0.325  phi_min=4.54e-03  (2764s)
>>> tf=1.75 seed=1  rmse=0.0418  var=0.321  phi_min=4.34e-03  (2804s)
>>> tf=1.8  seed=1  rmse=0.0394  var=0.268  phi_min=3.39e-03  (2845s)
>>> tf=1.85 seed=1  rmse=0.0343  var=0.266  phi_min=3.28e-03  (2885s)
>>> tf=1.9  seed=1  rmse=0.0315  var=0.224  phi_min=2.80e-03  (2926s)
>>> tf=1.95 seed=1  rmse=0.0344  var=0.252  phi_min=3.09e-03  (2967s)
>>> tf=2    seed=1  rmse=0.0327  var=0.229  phi_min=2.81e-03  (3009s)
>>> tf=2.05 seed=1  rmse=0.0335  var=0.213  phi_min=2.48e-03  (3050s)
>>> tf=2.1  seed=1  rmse=0.0324  var=0.215  phi_min=2.53e-03  (3092s)
>>> tf=2.15 seed=1  rmse=0.0342  var=0.218  phi_min=2.51e-03  (3134s)
>>> tf=2.2  seed=1  rmse=0.0358  var=0.195  phi_min=2.11e-03  (3177s)
>>> tf=2.25 seed=1  rmse=0.0360  var=0.205  phi_min=2.71e-03  (3219s)
>>> tf=2.3  seed=1  rmse=0.0361  var=0.187  phi_min=2.40e-03  (3262s)
>>> tf=2.35 seed=1  rmse=0.0369  var=0.175  phi_min=2.62e-03  (3306s)
>>> tf=2.4  seed=1  rmse=0.0421  var=0.204  phi_min=2.82e-03  (3349s)
>>> tf=2.45 seed=1  rmse=0.0379  var=0.166  phi_min=2.92e-03  (3393s)
>>> tf=2.5  seed=1  rmse=0.0398  var=0.160  phi_min=2.85e-03  (3437s)
>>> tf=2.55 seed=1  rmse=0.0414  var=0.184  phi_min=3.11e-03  (3481s)
>>> tf=2.6  seed=1  rmse=0.0468  var=0.209  phi_min=3.30e-03  (3525s)
>>> tf=2.65 seed=1  rmse=0.0476  var=0.204  phi_min=3.60e-03  (3570s)
>>> tf=2.7  seed=1  rmse=0.0496  var=0.190  phi_min=3.68e-03  (3615s)
>>> tf=2.75 seed=1  rmse=0.0510  var=0.219  phi_min=4.00e-03  (3660s)
>>> tf=2.8  seed=1  rmse=0.0545  var=0.258  phi_min=4.49e-03  (3706s)
>>> tf=2.85 seed=1  rmse=0.0552  var=0.261  phi_min=4.39e-03  (3751s)
>>> tf=2.9  seed=1  rmse=0.0618  var=0.374  phi_min=5.73e-03  (3797s)
>>> tf=2.95 seed=1  rmse=0.0557  var=0.271  phi_min=4.45e-03  (3844s)
>>> tf=3    seed=1  rmse=0.0601  var=0.319  phi_min=5.63e-03  (3890s)
checkpoint: seed 1 -> /global/home/users/helsayed/Nonlinear-TC/Models/gd_training/runs/staged_tf_grid_results.npz  (3890s)
  teacher seed 2: fit mse 2.69e-05 (3908s)
>>> tf=0.5  seed=2  rmse=0.0211  var=0.070  phi_min=1.03e-03  (3944s)
>>> tf=0.55 seed=2  rmse=0.0222  var=0.079  phi_min=1.07e-03  (3979s)
>>> tf=0.6  seed=2  rmse=0.0214  var=0.073  phi_min=1.05e-03  (4015s)
>>> tf=0.65 seed=2  rmse=0.0214  var=0.068  phi_min=9.30e-04  (4050s)
>>> tf=0.7  seed=2  rmse=0.0205  var=0.064  phi_min=9.71e-04  (4086s)
>>> tf=0.75 seed=2  rmse=0.0222  var=0.062  phi_min=1.01e-03  (4122s)
>>> tf=0.8  seed=2  rmse=0.0231  var=0.074  phi_min=1.04e-03  (4157s)
>>> tf=0.85 seed=2  rmse=0.0238  var=0.079  phi_min=1.02e-03  (4185s)
>>> tf=0.9  seed=2  rmse=0.0266  var=0.095  phi_min=1.30e-03  (4211s)
>>> tf=0.95 seed=2  rmse=0.0287  var=0.113  phi_min=1.48e-03  (4238s)
>>> tf=1    seed=2  rmse=0.0361  var=0.122  phi_min=2.08e-03  (4265s)
>>> tf=1.05 seed=2  rmse=0.0377  var=0.123  phi_min=2.05e-03  (4293s)
>>> tf=1.1  seed=2  rmse=0.0437  var=0.111  phi_min=2.26e-03  (4320s)
>>> tf=1.15 seed=2  rmse=0.0445  var=0.123  phi_min=2.31e-03  (4356s)
>>> tf=1.2  seed=2  rmse=0.0415  var=0.173  phi_min=3.12e-03  (4394s)
>>> tf=1.25 seed=2  rmse=0.0408  var=0.171  phi_min=2.85e-03  (4431s)
>>> tf=1.3  seed=2  rmse=0.0431  var=0.154  phi_min=3.41e-03  (4469s)
>>> tf=1.35 seed=2  rmse=0.0446  var=0.174  phi_min=3.44e-03  (4507s)
>>> tf=1.4  seed=2  rmse=0.0467  var=0.189  phi_min=3.54e-03  (4546s)
>>> tf=1.45 seed=2  rmse=0.0512  var=0.203  phi_min=4.00e-03  (4584s)
>>> tf=1.5  seed=2  rmse=0.0586  var=0.247  phi_min=4.98e-03  (4623s)
>>> tf=1.55 seed=2  rmse=0.0603  var=0.239  phi_min=5.39e-03  (4662s)
>>> tf=1.6  seed=2  rmse=0.0677  var=0.257  phi_min=5.84e-03  (4701s)
>>> tf=1.65 seed=2  rmse=0.0729  var=0.284  phi_min=6.98e-03  (4741s)
>>> tf=1.7  seed=2  rmse=0.0764  var=0.296  phi_min=7.62e-03  (4781s)
>>> tf=1.75 seed=2  rmse=0.0769  var=0.312  phi_min=8.40e-03  (4821s)
>>> tf=1.8  seed=2  rmse=0.0811  var=0.293  phi_min=7.73e-03  (4861s)
>>> tf=1.85 seed=2  rmse=0.0828  var=0.318  phi_min=8.55e-03  (4902s)
>>> tf=1.9  seed=2  rmse=0.0933  var=0.433  phi_min=1.10e-02  (4943s)
>>> tf=1.95 seed=2  rmse=0.0912  var=0.525  phi_min=1.16e-02  (4984s)
>>> tf=2    seed=2  rmse=0.0936  var=0.490  phi_min=1.25e-02  (5025s)
>>> tf=2.05 seed=2  rmse=0.0924  var=0.582  phi_min=1.39e-02  (5067s)
>>> tf=2.1  seed=2  rmse=0.0969  var=0.649  phi_min=1.38e-02  (5109s)
>>> tf=2.15 seed=2  rmse=0.0969  var=0.683  phi_min=1.40e-02  (5151s)
>>> tf=2.2  seed=2  rmse=0.0886  var=0.641  phi_min=1.08e-02  (5193s)
>>> tf=2.25 seed=2  rmse=0.1002  var=0.707  phi_min=1.37e-02  (5236s)
>>> tf=2.3  seed=2  rmse=0.0980  var=0.592  phi_min=1.25e-02  (5279s)
>>> tf=2.35 seed=2  rmse=0.0881  var=0.619  phi_min=1.24e-02  (5322s)
>>> tf=2.4  seed=2  rmse=0.1002  var=0.606  phi_min=1.35e-02  (5366s)
>>> tf=2.45 seed=2  rmse=0.1048  var=0.757  phi_min=1.50e-02  (5409s)
>>> tf=2.5  seed=2  rmse=0.1003  var=0.608  phi_min=1.45e-02  (5446s)
>>> tf=2.55 seed=2  rmse=0.1013  var=0.769  phi_min=1.64e-02  (5481s)
>>> tf=2.6  seed=2  rmse=0.1039  var=0.617  phi_min=1.47e-02  (5522s)
>>> tf=2.65 seed=2  rmse=0.0998  var=0.639  phi_min=1.43e-02  (5567s)
>>> tf=2.7  seed=2  rmse=0.1025  var=0.656  phi_min=1.56e-02  (5612s)
>>> tf=2.75 seed=2  rmse=0.0923  var=0.587  phi_min=1.41e-02  (5657s)
>>> tf=2.8  seed=2  rmse=0.1000  var=0.659  phi_min=1.49e-02  (5703s)
>>> tf=2.85 seed=2  rmse=0.0984  var=0.597  phi_min=1.30e-02  (5749s)
>>> tf=2.9  seed=2  rmse=0.1053  var=0.772  phi_min=1.52e-02  (5794s)
>>> tf=2.95 seed=2  rmse=0.0962  var=0.736  phi_min=1.29e-02  (5832s)
>>> tf=3    seed=2  rmse=0.0990  var=0.717  phi_min=1.44e-02  (5869s)
checkpoint: seed 2 -> /global/home/users/helsayed/Nonlinear-TC/Models/gd_training/runs/staged_tf_grid_results.npz  (5869s)
  teacher seed 3: fit mse 3.76e-05 (5886s)
>>> tf=0.5  seed=3  rmse=0.0245  var=0.048  phi_min=8.72e-04  (5911s)
>>> tf=0.55 seed=3  rmse=0.0247  var=0.038  phi_min=7.91e-04  (5946s)
>>> tf=0.6  seed=3  rmse=0.0262  var=0.035  phi_min=8.10e-04  (5982s)
>>> tf=0.65 seed=3  rmse=0.0252  var=0.029  phi_min=7.85e-04  (6017s)
>>> tf=0.7  seed=3  rmse=0.0251  var=0.032  phi_min=7.93e-04  (6053s)
>>> tf=0.75 seed=3  rmse=0.0233  var=0.037  phi_min=7.73e-04  (6089s)
>>> tf=0.8  seed=3  rmse=0.0221  var=0.035  phi_min=7.34e-04  (6124s)
>>> tf=0.85 seed=3  rmse=0.0217  var=0.039  phi_min=8.04e-04  (6160s)
>>> tf=0.9  seed=3  rmse=0.0224  var=0.042  phi_min=9.04e-04  (6196s)
>>> tf=0.95 seed=3  rmse=0.0246  var=0.045  phi_min=1.01e-03  (6232s)
>>> tf=1    seed=3  rmse=0.0253  var=0.046  phi_min=1.10e-03  (6269s)
>>> tf=1.05 seed=3  rmse=0.0284  var=0.050  phi_min=1.23e-03  (6305s)
>>> tf=1.1  seed=3  rmse=0.0308  var=0.053  phi_min=1.40e-03  (6342s)
>>> tf=1.15 seed=3  rmse=0.0307  var=0.066  phi_min=1.50e-03  (6379s)
>>> tf=1.2  seed=3  rmse=0.0320  var=0.086  phi_min=1.67e-03  (6416s)
>>> tf=1.25 seed=3  rmse=0.0321  var=0.113  phi_min=1.64e-03  (6454s)
>>> tf=1.3  seed=3  rmse=0.0328  var=0.132  phi_min=1.77e-03  (6491s)
>>> tf=1.35 seed=3  rmse=0.0341  var=0.138  phi_min=1.91e-03  (6530s)
>>> tf=1.4  seed=3  rmse=0.0337  var=0.127  phi_min=1.81e-03  (6568s)
>>> tf=1.45 seed=3  rmse=0.0346  var=0.133  phi_min=1.96e-03  (6606s)
>>> tf=1.5  seed=3  rmse=0.0347  var=0.134  phi_min=1.92e-03  (6645s)
>>> tf=1.55 seed=3  rmse=0.0365  var=0.126  phi_min=2.02e-03  (6684s)
>>> tf=1.6  seed=3  rmse=0.0339  var=0.117  phi_min=1.81e-03  (6723s)
>>> tf=1.65 seed=3  rmse=0.0317  var=0.121  phi_min=1.81e-03  (6763s)
>>> tf=1.7  seed=3  rmse=0.0303  var=0.120  phi_min=1.74e-03  (6803s)
>>> tf=1.75 seed=3  rmse=0.0291  var=0.119  phi_min=1.63e-03  (6843s)
>>> tf=1.8  seed=3  rmse=0.0254  var=0.130  phi_min=1.57e-03  (6883s)
>>> tf=1.85 seed=3  rmse=0.0261  var=0.129  phi_min=1.68e-03  (6924s)
>>> tf=1.9  seed=3  rmse=0.0266  var=0.126  phi_min=1.83e-03  (6964s)
>>> tf=1.95 seed=3  rmse=0.0266  var=0.121  phi_min=1.82e-03  (7005s)
>>> tf=2    seed=3  rmse=0.0262  var=0.117  phi_min=1.68e-03  (7047s)
>>> tf=2.05 seed=3  rmse=0.0251  var=0.112  phi_min=1.59e-03  (7081s)
>>> tf=2.1  seed=3  rmse=0.0293  var=0.113  phi_min=1.79e-03  (7114s)
>>> tf=2.15 seed=3  rmse=0.0314  var=0.111  phi_min=1.72e-03  (7147s)
>>> tf=2.2  seed=3  rmse=0.0309  var=0.110  phi_min=1.54e-03  (7180s)
>>> tf=2.25 seed=3  rmse=0.0343  var=0.110  phi_min=1.64e-03  (7221s)
>>> tf=2.3  seed=3  rmse=0.0341  var=0.106  phi_min=1.61e-03  (7255s)
>>> tf=2.35 seed=3  rmse=0.0361  var=0.104  phi_min=1.64e-03  (7288s)
>>> tf=2.4  seed=3  rmse=0.0361  var=0.095  phi_min=1.70e-03  (7323s)
>>> tf=2.45 seed=3  rmse=0.0373  var=0.115  phi_min=1.94e-03  (7357s)
>>> tf=2.5  seed=3  rmse=0.0374  var=0.109  phi_min=1.82e-03  (7392s)
>>> tf=2.55 seed=3  rmse=0.0381  var=0.104  phi_min=1.95e-03  (7426s)
>>> tf=2.6  seed=3  rmse=0.0371  var=0.109  phi_min=1.88e-03  (7461s)
>>> tf=2.65 seed=3  rmse=0.0382  var=0.094  phi_min=1.76e-03  (7497s)
>>> tf=2.7  seed=3  rmse=0.0371  var=0.091  phi_min=1.68e-03  (7541s)
>>> tf=2.75 seed=3  rmse=0.0348  var=0.079  phi_min=1.41e-03  (7586s)
>>> tf=2.8  seed=3  rmse=0.0344  var=0.092  phi_min=1.55e-03  (7631s)
>>> tf=2.85 seed=3  rmse=0.0342  var=0.089  phi_min=1.48e-03  (7677s)
>>> tf=2.9  seed=3  rmse=0.0340  var=0.097  phi_min=1.60e-03  (7723s)
>>> tf=2.95 seed=3  rmse=0.0336  var=0.082  phi_min=1.40e-03  (7769s)
>>> tf=3    seed=3  rmse=0.0334  var=0.086  phi_min=1.31e-03  (7816s)
checkpoint: seed 3 -> /global/home/users/helsayed/Nonlinear-TC/Models/gd_training/runs/staged_tf_grid_results.npz  (7816s)
  teacher seed 4: fit mse 7.63e-05 (7834s)
>>> tf=0.5  seed=4  rmse=0.1132  var=0.600  phi_min=1.81e-02  (7860s)
>>> tf=0.55 seed=4  rmse=0.1104  var=0.728  phi_min=1.46e-02  (7885s)
>>> tf=0.6  seed=4  rmse=0.0984  var=0.994  phi_min=1.84e-02  (7911s)
>>> tf=0.65 seed=4  rmse=0.1193  var=0.942  phi_min=1.78e-02  (7937s)
>>> tf=0.7  seed=4  rmse=0.1321  var=0.741  phi_min=2.47e-02  (7963s)
>>> tf=0.75 seed=4  rmse=0.1003  var=1.117  phi_min=1.73e-02  (7990s)
>>> tf=0.8  seed=4  rmse=0.0859  var=0.793  phi_min=1.28e-02  (8016s)
>>> tf=0.85 seed=4  rmse=0.1020  var=0.799  phi_min=1.72e-02  (8042s)
>>> tf=0.9  seed=4  rmse=0.1103  var=0.846  phi_min=1.98e-02  (8069s)
>>> tf=0.95 seed=4  rmse=0.1107  var=0.903  phi_min=1.94e-02  (8095s)
>>> tf=1    seed=4  rmse=0.0952  var=0.810  phi_min=1.38e-02  (8122s)
>>> tf=1.05 seed=4  rmse=0.0781  var=0.460  phi_min=9.60e-03  (8150s)
>>> tf=1.1  seed=4  rmse=0.0686  var=0.287  phi_min=7.71e-03  (8177s)
>>> tf=1.15 seed=4  rmse=0.1249  var=0.490  phi_min=1.91e-02  (8205s)
>>> tf=1.2  seed=4  rmse=0.1155  var=0.732  phi_min=1.92e-02  (8241s)
>>> tf=1.25 seed=4  rmse=0.0823  var=1.159  phi_min=1.53e-02  (8278s)
>>> tf=1.3  seed=4  rmse=0.0829  var=0.940  phi_min=1.37e-02  (8316s)
>>> tf=1.35 seed=4  rmse=0.0710  var=0.817  phi_min=1.06e-02  (8354s)
>>> tf=1.4  seed=4  rmse=0.0745  var=0.861  phi_min=1.06e-02  (8392s)
>>> tf=1.45 seed=4  rmse=0.0832  var=0.886  phi_min=1.12e-02  (8431s)
>>> tf=1.5  seed=4  rmse=0.0813  var=0.957  phi_min=1.17e-02  (8470s)
>>> tf=1.55 seed=4  rmse=0.0849  var=1.132  phi_min=1.45e-02  (8509s)
>>> tf=1.6  seed=4  rmse=0.0896  var=1.140  phi_min=1.54e-02  (8548s)
>>> tf=1.65 seed=4  rmse=0.1021  var=1.023  phi_min=1.53e-02  (8588s)
>>> tf=1.7  seed=4  rmse=0.0964  var=0.958  phi_min=1.55e-02  (8627s)
>>> tf=1.75 seed=4  rmse=0.0899  var=0.894  phi_min=1.45e-02  (8667s)
>>> tf=1.8  seed=4  rmse=0.0863  var=0.989  phi_min=1.53e-02  (8708s)
>>> tf=1.85 seed=4  rmse=0.0911  var=0.821  phi_min=1.70e-02  (8748s)
>>> tf=1.9  seed=4  rmse=0.0723  var=0.672  phi_min=1.12e-02  (8789s)
>>> tf=1.95 seed=4  rmse=0.0721  var=0.623  phi_min=1.22e-02  (8830s)
>>> tf=2    seed=4  rmse=0.0811  var=0.877  phi_min=1.15e-02  (8871s)
>>> tf=2.05 seed=4  rmse=0.0737  var=0.717  phi_min=1.15e-02  (8913s)
>>> tf=2.1  seed=4  rmse=0.1163  var=1.244  phi_min=2.30e-02  (8955s)
>>> tf=2.15 seed=4  rmse=0.0829  var=0.900  phi_min=1.61e-02  (8997s)
>>> tf=2.2  seed=4  rmse=0.1130  var=1.204  phi_min=2.01e-02  (9039s)
>>> tf=2.25 seed=4  rmse=0.0916  var=0.768  phi_min=1.49e-02  (9082s)
>>> tf=2.3  seed=4  rmse=0.1100  var=0.737  phi_min=1.76e-02  (9125s)
>>> tf=2.35 seed=4  rmse=0.0906  var=0.874  phi_min=1.73e-02  (9168s)
>>> tf=2.4  seed=4  rmse=0.0850  var=0.459  phi_min=1.06e-02  (9203s)
>>> tf=2.45 seed=4  rmse=0.0819  var=0.444  phi_min=1.09e-02  (9238s)
>>> tf=2.5  seed=4  rmse=0.0598  var=0.374  phi_min=6.19e-03  (9279s)
>>> tf=2.55 seed=4  rmse=0.0603  var=0.177  phi_min=6.40e-03  (9323s)
>>> tf=2.6  seed=4  rmse=0.0985  var=0.627  phi_min=1.34e-02  (9368s)
>>> tf=2.65 seed=4  rmse=0.0817  var=0.684  phi_min=1.22e-02  (9412s)
>>> tf=2.7  seed=4  rmse=0.0767  var=0.548  phi_min=8.54e-03  (9457s)
>>> tf=2.75 seed=4  rmse=0.0525  var=0.371  phi_min=6.97e-03  (9502s)
>>> tf=2.8  seed=4  rmse=0.0561  var=0.422  phi_min=5.94e-03  (9548s)
>>> tf=2.85 seed=4  rmse=0.0502  var=0.385  phi_min=6.82e-03  (9593s)
>>> tf=2.9  seed=4  rmse=0.0814  var=0.999  phi_min=1.43e-02  (9639s)
>>> tf=2.95 seed=4  rmse=0.0820  var=0.833  phi_min=1.63e-02  (9685s)
>>> tf=3    seed=4  rmse=0.0570  var=0.438  phi_min=5.80e-03  (9732s)
checkpoint: seed 4 -> /global/home/users/helsayed/Nonlinear-TC/Models/gd_training/runs/staged_tf_grid_results.npz  (9732s)
  teacher seed 5: fit mse 4.05e-04 (9750s)
>>> tf=0.5  seed=5  rmse=0.0334  var=0.118  phi_min=1.92e-03  (9785s)
>>> tf=0.55 seed=5  rmse=0.0333  var=0.125  phi_min=1.76e-03  (9821s)
>>> tf=0.6  seed=5  rmse=0.0337  var=0.129  phi_min=2.19e-03  (9856s)
>>> tf=0.65 seed=5  rmse=0.0338  var=0.150  phi_min=2.13e-03  (9892s)
>>> tf=0.7  seed=5  rmse=0.0353  var=0.169  phi_min=2.37e-03  (9927s)
>>> tf=0.75 seed=5  rmse=0.0372  var=0.213  phi_min=2.86e-03  (9963s)
>>> tf=0.8  seed=5  rmse=0.0398  var=0.229  phi_min=3.09e-03  (9999s)
>>> tf=0.85 seed=5  rmse=0.0414  var=0.225  phi_min=3.06e-03  (10026s)
>>> tf=0.9  seed=5  rmse=0.0481  var=0.274  phi_min=3.70e-03  (10053s)
>>> tf=0.95 seed=5  rmse=0.0499  var=0.285  phi_min=3.73e-03  (10079s)
>>> tf=1    seed=5  rmse=0.0504  var=0.276  phi_min=3.94e-03  (10106s)
>>> tf=1.05 seed=5  rmse=0.0531  var=0.305  phi_min=4.53e-03  (10142s)
>>> tf=1.1  seed=5  rmse=0.0603  var=0.371  phi_min=5.99e-03  (10171s)
>>> tf=1.15 seed=5  rmse=0.0651  var=0.415  phi_min=6.71e-03  (10199s)
>>> tf=1.2  seed=5  rmse=0.0700  var=0.424  phi_min=7.17e-03  (10227s)
>>> tf=1.25 seed=5  rmse=0.0842  var=0.677  phi_min=7.73e-03  (10264s)
>>> tf=1.3  seed=5  rmse=0.0923  var=0.648  phi_min=1.15e-02  (10302s)
>>> tf=1.35 seed=5  rmse=0.0963  var=0.696  phi_min=1.28e-02  (10338s)
>>> tf=1.4  seed=5  rmse=0.0895  var=1.056  phi_min=1.52e-02  (10376s)
>>> tf=1.45 seed=5  rmse=0.0867  var=1.004  phi_min=1.34e-02  (10415s)
>>> tf=1.5  seed=5  rmse=0.0840  var=0.907  phi_min=1.17e-02  (10453s)
>>> tf=1.55 seed=5  rmse=0.0730  var=0.650  phi_min=8.17e-03  (10492s)
>>> tf=1.6  seed=5  rmse=0.0716  var=0.584  phi_min=6.98e-03  (10532s)
>>> tf=1.65 seed=5  rmse=0.0675  var=0.506  phi_min=6.97e-03  (10571s)
>>> tf=1.7  seed=5  rmse=0.0644  var=0.471  phi_min=6.44e-03  (10611s)
>>> tf=1.75 seed=5  rmse=0.0673  var=0.442  phi_min=6.67e-03  (10651s)
>>> tf=1.8  seed=5  rmse=0.0643  var=0.449  phi_min=6.30e-03  (10692s)
>>> tf=1.85 seed=5  rmse=0.0653  var=0.411  phi_min=6.40e-03  (10733s)
>>> tf=1.9  seed=5  rmse=0.0658  var=0.408  phi_min=6.38e-03  (10773s)
>>> tf=1.95 seed=5  rmse=0.0604  var=0.456  phi_min=6.41e-03  (10814s)
>>> tf=2    seed=5  rmse=0.0649  var=0.377  phi_min=6.04e-03  (10856s)
>>> tf=2.05 seed=5  rmse=0.0640  var=0.452  phi_min=6.50e-03  (10897s)
>>> tf=2.1  seed=5  rmse=0.0589  var=0.401  phi_min=5.88e-03  (10939s)
>>> tf=2.15 seed=5  rmse=0.0610  var=0.396  phi_min=6.09e-03  (10982s)
>>> tf=2.2  seed=5  rmse=0.0619  var=0.382  phi_min=5.87e-03  (11016s)
>>> tf=2.25 seed=5  rmse=0.0606  var=0.439  phi_min=5.84e-03  (11050s)
>>> tf=2.3  seed=5  rmse=0.0625  var=0.498  phi_min=6.12e-03  (11083s)
>>> tf=2.35 seed=5  rmse=0.0630  var=0.480  phi_min=5.37e-03  (11117s)
>>> tf=2.4  seed=5  rmse=0.0591  var=0.465  phi_min=5.85e-03  (11151s)
>>> tf=2.45 seed=5  rmse=0.0649  var=0.495  phi_min=5.62e-03  (11186s)
>>> tf=2.5  seed=5  rmse=0.0582  var=0.484  phi_min=4.87e-03  (11220s)
>>> tf=2.55 seed=5  rmse=0.0591  var=0.436  phi_min=4.71e-03  (11255s)
>>> tf=2.6  seed=5  rmse=0.0629  var=0.427  phi_min=5.44e-03  (11291s)
>>> tf=2.65 seed=5  rmse=0.0535  var=0.443  phi_min=5.25e-03  (11326s)
>>> tf=2.7  seed=5  rmse=0.0560  var=0.447  phi_min=5.18e-03  (11362s)
>>> tf=2.75 seed=5  rmse=0.0603  var=0.497  phi_min=6.04e-03  (11398s)
>>> tf=2.8  seed=5  rmse=0.0495  var=0.422  phi_min=5.34e-03  (11434s)
>>> tf=2.85 seed=5  rmse=0.0595  var=0.435  phi_min=5.69e-03  (11470s)
>>> tf=2.9  seed=5  rmse=0.0609  var=0.351  phi_min=5.56e-03  (11507s)
>>> tf=2.95 seed=5  rmse=0.0645  var=0.327  phi_min=5.44e-03  (11544s)
>>> tf=3    seed=5  rmse=0.0623  var=0.396  phi_min=5.76e-03  (11581s)
checkpoint: seed 5 -> /global/home/users/helsayed/Nonlinear-TC/Models/gd_training/runs/staged_tf_grid_results.npz  (11581s)
  teacher seed 6: fit mse 6.74e-05 (11597s)
>>> tf=0.5  seed=6  rmse=0.0650  var=0.663  phi_min=8.61e-03  (11623s)
>>> tf=0.55 seed=6  rmse=0.0578  var=0.403  phi_min=5.29e-03  (11656s)
>>> tf=0.6  seed=6  rmse=0.0529  var=0.325  phi_min=4.45e-03  (11691s)
>>> tf=0.65 seed=6  rmse=0.0456  var=0.190  phi_min=3.35e-03  (11717s)
>>> tf=0.7  seed=6  rmse=0.0430  var=0.150  phi_min=2.65e-03  (11743s)
>>> tf=0.75 seed=6  rmse=0.0394  var=0.133  phi_min=2.34e-03  (11770s)
>>> tf=0.8  seed=6  rmse=0.0358  var=0.119  phi_min=2.02e-03  (11796s)
>>> tf=0.85 seed=6  rmse=0.0326  var=0.121  phi_min=1.97e-03  (11830s)
>>> tf=0.9  seed=6  rmse=0.0327  var=0.125  phi_min=2.06e-03  (11866s)
>>> tf=0.95 seed=6  rmse=0.0323  var=0.125  phi_min=1.96e-03  (11902s)
>>> tf=1    seed=6  rmse=0.0325  var=0.126  phi_min=1.88e-03  (11938s)
>>> tf=1.05 seed=6  rmse=0.0328  var=0.105  phi_min=1.84e-03  (11975s)
>>> tf=1.1  seed=6  rmse=0.0338  var=0.095  phi_min=1.72e-03  (12012s)
>>> tf=1.15 seed=6  rmse=0.0326  var=0.095  phi_min=1.67e-03  (12040s)
>>> tf=1.2  seed=6  rmse=0.0345  var=0.087  phi_min=1.69e-03  (12068s)
>>> tf=1.25 seed=6  rmse=0.0315  var=0.089  phi_min=1.64e-03  (12096s)
>>> tf=1.3  seed=6  rmse=0.0318  var=0.088  phi_min=1.65e-03  (12124s)
>>> tf=1.35 seed=6  rmse=0.0321  var=0.087  phi_min=1.59e-03  (12153s)
>>> tf=1.4  seed=6  rmse=0.0320  var=0.086  phi_min=1.58e-03  (12182s)
>>> tf=1.45 seed=6  rmse=0.0346  var=0.087  phi_min=1.73e-03  (12211s)
>>> tf=1.5  seed=6  rmse=0.0338  var=0.088  phi_min=1.72e-03  (12248s)
>>> tf=1.55 seed=6  rmse=0.0349  var=0.093  phi_min=1.73e-03  (12287s)
>>> tf=1.6  seed=6  rmse=0.0339  var=0.095  phi_min=1.66e-03  (12326s)
>>> tf=1.65 seed=6  rmse=0.0360  var=0.098  phi_min=1.73e-03  (12359s)
>>> tf=1.7  seed=6  rmse=0.0360  var=0.102  phi_min=1.78e-03  (12390s)
>>> tf=1.75 seed=6  rmse=0.0378  var=0.110  phi_min=1.90e-03  (12420s)
>>> tf=1.8  seed=6  rmse=0.0374  var=0.119  phi_min=2.05e-03  (12452s)
>>> tf=1.85 seed=6  rmse=0.0391  var=0.112  phi_min=2.18e-03  (12483s)
>>> tf=1.9  seed=6  rmse=0.0401  var=0.118  phi_min=2.08e-03  (12514s)
>>> tf=1.95 seed=6  rmse=0.0414  var=0.133  phi_min=2.13e-03  (12546s)
>>> tf=2    seed=6  rmse=0.0433  var=0.135  phi_min=2.19e-03  (12586s)
>>> tf=2.05 seed=6  rmse=0.0439  var=0.133  phi_min=2.25e-03  (12628s)
>>> tf=2.1  seed=6  rmse=0.0443  var=0.137  phi_min=2.27e-03  (12670s)
>>> tf=2.15 seed=6  rmse=0.0449  var=0.145  phi_min=2.38e-03  (12712s)
>>> tf=2.2  seed=6  rmse=0.0435  var=0.148  phi_min=2.38e-03  (12754s)
>>> tf=2.25 seed=6  rmse=0.0448  var=0.141  phi_min=2.44e-03  (12797s)
>>> tf=2.3  seed=6  rmse=0.0447  var=0.145  phi_min=2.46e-03  (12840s)
>>> tf=2.35 seed=6  rmse=0.0454  var=0.137  phi_min=2.52e-03  (12883s)
>>> tf=2.4  seed=6  rmse=0.0450  var=0.142  phi_min=2.52e-03  (12926s)
>>> tf=2.45 seed=6  rmse=0.0456  var=0.144  phi_min=2.64e-03  (12970s)
>>> tf=2.5  seed=6  rmse=0.0461  var=0.165  phi_min=2.85e-03  (13014s)
>>> tf=2.55 seed=6  rmse=0.0477  var=0.168  phi_min=2.92e-03  (13058s)
>>> tf=2.6  seed=6  rmse=0.0464  var=0.166  phi_min=2.89e-03  (13102s)
>>> tf=2.65 seed=6  rmse=0.0459  var=0.148  phi_min=2.94e-03  (13147s)
>>> tf=2.7  seed=6  rmse=0.0460  var=0.149  phi_min=3.14e-03  (13192s)
>>> tf=2.75 seed=6  rmse=0.0457  var=0.144  phi_min=3.23e-03  (13237s)
>>> tf=2.8  seed=6  rmse=0.0453  var=0.140  phi_min=3.29e-03  (13282s)
>>> tf=2.85 seed=6  rmse=0.0449  var=0.131  phi_min=3.44e-03  (13328s)
>>> tf=2.9  seed=6  rmse=0.0459  var=0.125  phi_min=3.46e-03  (13374s)
>>> tf=2.95 seed=6  rmse=0.0466  var=0.118  phi_min=3.42e-03  (13420s)
>>> tf=3    seed=6  rmse=0.0460  var=0.113  phi_min=3.50e-03  (13467s)
checkpoint: seed 6 -> /global/home/users/helsayed/Nonlinear-TC/Models/gd_training/runs/staged_tf_grid_results.npz  (13467s)
  teacher seed 7: fit mse 4.61e-05 (13485s)
>>> tf=0.5  seed=7  rmse=0.0130  var=0.020  phi_min=3.34e-04  (13520s)
>>> tf=0.55 seed=7  rmse=0.0129  var=0.021  phi_min=3.32e-04  (13556s)
>>> tf=0.6  seed=7  rmse=0.0122  var=0.020  phi_min=3.12e-04  (13591s)
>>> tf=0.65 seed=7  rmse=0.0137  var=0.024  phi_min=3.60e-04  (13620s)
>>> tf=0.7  seed=7  rmse=0.0140  var=0.029  phi_min=3.95e-04  (13655s)
>>> tf=0.75 seed=7  rmse=0.0134  var=0.031  phi_min=3.92e-04  (13691s)
>>> tf=0.8  seed=7  rmse=0.0144  var=0.034  phi_min=4.17e-04  (13726s)
>>> tf=0.85 seed=7  rmse=0.0152  var=0.038  phi_min=4.54e-04  (13762s)
>>> tf=0.9  seed=7  rmse=0.0157  var=0.039  phi_min=4.66e-04  (13798s)
>>> tf=0.95 seed=7  rmse=0.0157  var=0.044  phi_min=4.81e-04  (13834s)
>>> tf=1    seed=7  rmse=0.0151  var=0.046  phi_min=5.04e-04  (13871s)
>>> tf=1.05 seed=7  rmse=0.0156  var=0.046  phi_min=5.37e-04  (13907s)
>>> tf=1.1  seed=7  rmse=0.0162  var=0.047  phi_min=5.59e-04  (13944s)
>>> tf=1.15 seed=7  rmse=0.0169  var=0.049  phi_min=5.37e-04  (13981s)
>>> tf=1.2  seed=7  rmse=0.0173  var=0.048  phi_min=5.94e-04  (14019s)
>>> tf=1.25 seed=7  rmse=0.0175  var=0.050  phi_min=6.31e-04  (14056s)
>>> tf=1.3  seed=7  rmse=0.0181  var=0.055  phi_min=7.01e-04  (14094s)
>>> tf=1.35 seed=7  rmse=0.0191  var=0.061  phi_min=7.66e-04  (14132s)
>>> tf=1.4  seed=7  rmse=0.0185  var=0.062  phi_min=7.49e-04  (14170s)
>>> tf=1.45 seed=7  rmse=0.0184  var=0.065  phi_min=7.92e-04  (14209s)
>>> tf=1.5  seed=7  rmse=0.0181  var=0.064  phi_min=7.50e-04  (14248s)
>>> tf=1.55 seed=7  rmse=0.0206  var=0.069  phi_min=8.39e-04  (14287s)
>>> tf=1.6  seed=7  rmse=0.0221  var=0.062  phi_min=7.81e-04  (14326s)
>>> tf=1.65 seed=7  rmse=0.0216  var=0.074  phi_min=8.92e-04  (14366s)
>>> tf=1.7  seed=7  rmse=0.0225  var=0.071  phi_min=9.04e-04  (14397s)
>>> tf=1.75 seed=7  rmse=0.0246  var=0.072  phi_min=9.76e-04  (14428s)
>>> tf=1.8  seed=7  rmse=0.0258  var=0.076  phi_min=1.09e-03  (14459s)
>>> tf=1.85 seed=7  rmse=0.0266  var=0.078  phi_min=1.10e-03  (14491s)
>>> tf=1.9  seed=7  rmse=0.0296  var=0.080  phi_min=1.14e-03  (14529s)
>>> tf=1.95 seed=7  rmse=0.0288  var=0.081  phi_min=9.46e-04  (14570s)
>>> tf=2    seed=7  rmse=0.0311  var=0.072  phi_min=1.10e-03  (14612s)
>>> tf=2.05 seed=7  rmse=0.0331  var=0.068  phi_min=1.25e-03  (14653s)
>>> tf=2.1  seed=7  rmse=0.0320  var=0.068  phi_min=1.34e-03  (14695s)
>>> tf=2.15 seed=7  rmse=0.0318  var=0.070  phi_min=1.40e-03  (14737s)
>>> tf=2.2  seed=7  rmse=0.0308  var=0.054  phi_min=1.25e-03  (14780s)
>>> tf=2.25 seed=7  rmse=0.0313  var=0.071  phi_min=1.42e-03  (14815s)
>>> tf=2.3  seed=7  rmse=0.0293  var=0.067  phi_min=1.25e-03  (14849s)
>>> tf=2.35 seed=7  rmse=0.0322  var=0.084  phi_min=1.58e-03  (14882s)
>>> tf=2.4  seed=7  rmse=0.0289  var=0.071  phi_min=1.30e-03  (14917s)
>>> tf=2.45 seed=7  rmse=0.0272  var=0.071  phi_min=1.20e-03  (14951s)
>>> tf=2.5  seed=7  rmse=0.0305  var=0.083  phi_min=1.36e-03  (14986s)
>>> tf=2.55 seed=7  rmse=0.0274  var=0.073  phi_min=1.15e-03  (15021s)
>>> tf=2.6  seed=7  rmse=0.0319  var=0.081  phi_min=1.44e-03  (15056s)
>>> tf=2.65 seed=7  rmse=0.0296  var=0.074  phi_min=1.37e-03  (15091s)
>>> tf=2.7  seed=7  rmse=0.0304  var=0.077  phi_min=1.54e-03  (15127s)
>>> tf=2.75 seed=7  rmse=0.0277  var=0.068  phi_min=1.33e-03  (15163s)
>>> tf=2.8  seed=7  rmse=0.0402  var=0.086  phi_min=2.29e-03  (15199s)
>>> tf=2.85 seed=7  rmse=0.0275  var=0.067  phi_min=1.28e-03  (15236s)
>>> tf=2.9  seed=7  rmse=0.0265  var=0.069  phi_min=1.19e-03  (15272s)
>>> tf=2.95 seed=7  rmse=0.0264  var=0.066  phi_min=1.25e-03  (15309s)
>>> tf=3    seed=7  rmse=0.0249  var=0.062  phi_min=1.13e-03  (15346s)
checkpoint: seed 7 -> /global/home/users/helsayed/Nonlinear-TC/Models/gd_training/runs/staged_tf_grid_results.npz  (15346s)
  teacher seed 8: fit mse 5.35e-05 (15363s)
>>> tf=0.5  seed=8  rmse=0.1261  var=0.974  phi_min=1.73e-02  (15388s)
>>> tf=0.55 seed=8  rmse=0.1226  var=0.937  phi_min=2.36e-02  (15414s)
>>> tf=0.6  seed=8  rmse=0.1115  var=0.896  phi_min=2.13e-02  (15440s)
>>> tf=0.65 seed=8  rmse=0.1076  var=1.174  phi_min=1.80e-02  (15466s)
>>> tf=0.7  seed=8  rmse=0.1007  var=1.211  phi_min=1.77e-02  (15492s)
>>> tf=0.75 seed=8  rmse=0.1056  var=1.608  phi_min=1.97e-02  (15519s)
>>> tf=0.8  seed=8  rmse=0.1048  var=0.822  phi_min=1.57e-02  (15553s)
>>> tf=0.85 seed=8  rmse=0.0712  var=0.555  phi_min=6.64e-03  (15589s)
>>> tf=0.9  seed=8  rmse=0.1095  var=0.817  phi_min=1.53e-02  (15625s)
>>> tf=0.95 seed=8  rmse=0.1106  var=0.706  phi_min=1.77e-02  (15661s)
>>> tf=1    seed=8  rmse=0.1027  var=1.019  phi_min=1.68e-02  (15697s)
>>> tf=1.05 seed=8  rmse=0.1009  var=1.004  phi_min=1.48e-02  (15734s)
>>> tf=1.1  seed=8  rmse=0.1019  var=1.020  phi_min=1.80e-02  (15771s)
>>> tf=1.15 seed=8  rmse=0.0861  var=0.672  phi_min=1.29e-02  (15808s)
>>> tf=1.2  seed=8  rmse=0.0711  var=0.496  phi_min=8.40e-03  (15845s)
>>> tf=1.25 seed=8  rmse=0.0731  var=0.438  phi_min=7.99e-03  (15883s)
>>> tf=1.3  seed=8  rmse=0.0777  var=0.333  phi_min=7.73e-03  (15921s)
>>> tf=1.35 seed=8  rmse=0.0658  var=0.386  phi_min=6.81e-03  (15959s)
>>> tf=1.4  seed=8  rmse=0.0636  var=0.440  phi_min=6.78e-03  (15997s)
>>> tf=1.45 seed=8  rmse=0.0512  var=0.352  phi_min=4.63e-03  (16036s)
>>> tf=1.5  seed=8  rmse=0.0475  var=0.332  phi_min=4.74e-03  (16074s)
>>> tf=1.55 seed=8  rmse=0.0472  var=0.184  phi_min=3.20e-03  (16113s)
>>> tf=1.6  seed=8  rmse=0.0458  var=0.150  phi_min=3.32e-03  (16153s)
>>> tf=1.65 seed=8  rmse=0.0494  var=0.161  phi_min=3.81e-03  (16192s)
>>> tf=1.7  seed=8  rmse=0.0511  var=0.166  phi_min=3.75e-03  (16232s)
>>> tf=1.75 seed=8  rmse=0.0502  var=0.152  phi_min=3.35e-03  (16272s)
>>> tf=1.8  seed=8  rmse=0.0807  var=0.153  phi_min=7.02e-03  (16312s)
>>> tf=1.85 seed=8  rmse=0.0462  var=0.285  phi_min=5.10e-03  (16353s)
>>> tf=1.9  seed=8  rmse=0.0699  var=0.282  phi_min=7.70e-03  (16394s)
>>> tf=1.95 seed=8  rmse=0.0805  var=0.288  phi_min=7.56e-03  (16435s)
>>> tf=2    seed=8  rmse=0.0806  var=0.454  phi_min=8.43e-03  (16476s)
>>> tf=2.05 seed=8  rmse=0.0779  var=0.506  phi_min=8.26e-03  (16518s)
>>> tf=2.1  seed=8  rmse=0.0726  var=0.508  phi_min=7.70e-03  (16560s)
>>> tf=2.15 seed=8  rmse=0.0696  var=0.471  phi_min=8.17e-03  (16602s)
>>> tf=2.2  seed=8  rmse=0.0687  var=0.422  phi_min=7.59e-03  (16635s)
>>> tf=2.25 seed=8  rmse=0.0640  var=0.456  phi_min=7.43e-03  (16669s)
>>> tf=2.3  seed=8  rmse=0.0647  var=0.444  phi_min=7.24e-03  (16702s)
>>> tf=2.35 seed=8  rmse=0.0652  var=0.406  phi_min=6.66e-03  (16736s)
>>> tf=2.4  seed=8  rmse=0.0650  var=0.339  phi_min=5.94e-03  (16770s)
>>> tf=2.45 seed=8  rmse=0.0652  var=0.386  phi_min=6.77e-03  (16813s)
>>> tf=2.5  seed=8  rmse=0.0667  var=0.363  phi_min=6.34e-03  (16849s)
>>> tf=2.55 seed=8  rmse=0.0665  var=0.386  phi_min=6.45e-03  (16883s)
>>> tf=2.6  seed=8  rmse=0.0659  var=0.386  phi_min=5.78e-03  (16919s)
>>> tf=2.65 seed=8  rmse=0.0657  var=0.384  phi_min=6.46e-03  (16954s)
>>> tf=2.7  seed=8  rmse=0.0666  var=0.440  phi_min=6.89e-03  (16989s)
>>> tf=2.75 seed=8  rmse=0.0673  var=0.511  phi_min=7.77e-03  (17025s)
>>> tf=2.8  seed=8  rmse=0.0683  var=0.514  phi_min=7.68e-03  (17061s)
>>> tf=2.85 seed=8  rmse=0.0645  var=0.515  phi_min=7.09e-03  (17098s)
>>> tf=2.9  seed=8  rmse=0.0692  var=0.603  phi_min=7.92e-03  (17134s)
>>> tf=2.95 seed=8  rmse=0.0667  var=0.648  phi_min=8.38e-03  (17171s)
>>> tf=3    seed=8  rmse=0.0679  var=0.801  phi_min=9.99e-03  (17208s)
checkpoint: seed 8 -> /global/home/users/helsayed/Nonlinear-TC/Models/gd_training/runs/staged_tf_grid_results.npz  (17209s)
  teacher seed 9: fit mse 1.78e-05 (17225s)
>>> tf=0.5  seed=9  rmse=0.0266  var=0.028  phi_min=9.34e-04  (17251s)
>>> tf=0.55 seed=9  rmse=0.0264  var=0.025  phi_min=8.68e-04  (17277s)
>>> tf=0.6  seed=9  rmse=0.0268  var=0.022  phi_min=7.81e-04  (17303s)
>>> tf=0.65 seed=9  rmse=0.0277  var=0.025  phi_min=8.30e-04  (17335s)
>>> tf=0.7  seed=9  rmse=0.0274  var=0.027  phi_min=8.48e-04  (17371s)
>>> tf=0.75 seed=9  rmse=0.0275  var=0.026  phi_min=9.21e-04  (17407s)
>>> tf=0.8  seed=9  rmse=0.0282  var=0.032  phi_min=9.83e-04  (17442s)
>>> tf=0.85 seed=9  rmse=0.0281  var=0.035  phi_min=1.04e-03  (17478s)
>>> tf=0.9  seed=9  rmse=0.0278  var=0.042  phi_min=1.09e-03  (17514s)
>>> tf=0.95 seed=9  rmse=0.0284  var=0.039  phi_min=1.08e-03  (17550s)
>>> tf=1    seed=9  rmse=0.0301  var=0.040  phi_min=1.16e-03  (17587s)
>>> tf=1.05 seed=9  rmse=0.0316  var=0.047  phi_min=1.28e-03  (17623s)
>>> tf=1.1  seed=9  rmse=0.0341  var=0.058  phi_min=1.64e-03  (17660s)
>>> tf=1.15 seed=9  rmse=0.0396  var=0.070  phi_min=2.12e-03  (17697s)
>>> tf=1.2  seed=9  rmse=0.0416  var=0.073  phi_min=2.19e-03  (17735s)
>>> tf=1.25 seed=9  rmse=0.0458  var=0.081  phi_min=2.73e-03  (17772s)
>>> tf=1.3  seed=9  rmse=0.0527  var=0.089  phi_min=3.59e-03  (17803s)
>>> tf=1.35 seed=9  rmse=0.0578  var=0.085  phi_min=4.04e-03  (17840s)
>>> tf=1.4  seed=9  rmse=0.0629  var=0.098  phi_min=4.72e-03  (17878s)
>>> tf=1.45 seed=9  rmse=0.0741  var=0.139  phi_min=6.28e-03  (17917s)
>>> tf=1.5  seed=9  rmse=0.0761  var=0.149  phi_min=6.77e-03  (17956s)
>>> tf=1.55 seed=9  rmse=0.0902  var=0.224  phi_min=9.68e-03  (17995s)
>>> tf=1.6  seed=9  rmse=0.0946  var=0.289  phi_min=1.09e-02  (18034s)
>>> tf=1.65 seed=9  rmse=0.0962  var=0.320  phi_min=1.14e-02  (18074s)
>>> tf=1.7  seed=9  rmse=0.1066  var=0.527  phi_min=1.36e-02  (18114s)
>>> tf=1.75 seed=9  rmse=0.1112  var=0.693  phi_min=1.58e-02  (18154s)
>>> tf=1.8  seed=9  rmse=0.1092  var=0.711  phi_min=1.55e-02  (18195s)
>>> tf=1.85 seed=9  rmse=0.1178  var=1.067  phi_min=1.85e-02  (18235s)
>>> tf=1.9  seed=9  rmse=0.1141  var=1.221  phi_min=2.17e-02  (18276s)
>>> tf=1.95 seed=9  rmse=0.1036  var=1.322  phi_min=2.05e-02  (18317s)
>>> tf=2    seed=9  rmse=0.1034  var=1.315  phi_min=2.09e-02  (18359s)
>>> tf=2.05 seed=9  rmse=0.1128  var=1.264  phi_min=2.24e-02  (18400s)
>>> tf=2.1  seed=9  rmse=0.1115  var=1.454  phi_min=2.21e-02  (18434s)
>>> tf=2.15 seed=9  rmse=0.0901  var=1.344  phi_min=1.74e-02  (18467s)
>>> tf=2.2  seed=9  rmse=0.1224  var=1.529  phi_min=2.50e-02  (18500s)
>>> tf=2.25 seed=9  rmse=0.1176  var=1.575  phi_min=2.36e-02  (18540s)
>>> tf=2.3  seed=9  rmse=0.1150  var=1.654  phi_min=2.40e-02  (18583s)
>>> tf=2.35 seed=9  rmse=0.1210  var=1.377  phi_min=2.39e-02  (18626s)
>>> tf=2.4  seed=9  rmse=0.1149  var=1.086  phi_min=2.08e-02  (18670s)
>>> tf=2.45 seed=9  rmse=0.1109  var=1.395  phi_min=2.00e-02  (18713s)
>>> tf=2.5  seed=9  rmse=0.1191  var=1.307  phi_min=2.07e-02  (18758s)
>>> tf=2.55 seed=9  rmse=0.1154  var=1.199  phi_min=1.95e-02  (18802s)
>>> tf=2.6  seed=9  rmse=0.1157  var=1.472  phi_min=2.03e-02  (18846s)
>>> tf=2.65 seed=9  rmse=0.1149  var=1.104  phi_min=2.01e-02  (18891s)
>>> tf=2.7  seed=9  rmse=0.1101  var=1.217  phi_min=2.34e-02  (18936s)
>>> tf=2.75 seed=9  rmse=0.1001  var=1.257  phi_min=1.86e-02  (18982s)
>>> tf=2.8  seed=9  rmse=0.1118  var=1.072  phi_min=2.29e-02  (19026s)
>>> tf=2.85 seed=9  rmse=0.0955  var=0.785  phi_min=1.33e-02  (19072s)
>>> tf=2.9  seed=9  rmse=0.1060  var=1.053  phi_min=2.07e-02  (19118s)
>>> tf=2.95 seed=9  rmse=0.0796  var=0.638  phi_min=9.45e-03  (19164s)
>>> tf=3    seed=9  rmse=0.0823  var=0.607  phi_min=9.70e-03  (19211s)
checkpoint: seed 9 -> /global/home/users/helsayed/Nonlinear-TC/Models/gd_training/runs/staged_tf_grid_results.npz  (19211s)

=== summary (rmse per tf: best / median / worst) ===
  tf=0.5  best 0.0130  median 0.0300  worst 0.1261  |  median var 0.094
  tf=0.55 best 0.0129  median 0.0299  worst 0.1226  |  median var 0.102
  tf=0.6  best 0.0122  median 0.0302  worst 0.1115  |  median var 0.101
  tf=0.65 best 0.0137  median 0.0276  worst 0.1193  |  median var 0.090
  tf=0.7  best 0.0140  median 0.0263  worst 0.1321  |  median var 0.065
  tf=0.75 best 0.0134  median 0.0260  worst 0.1056  |  median var 0.064
  tf=0.8  best 0.0144  median 0.0276  worst 0.1048  |  median var 0.074
  tf=0.85 best 0.0152  median 0.0286  worst 0.1020  |  median var 0.086
  tf=0.9  best 0.0157  median 0.0293  worst 0.1103  |  median var 0.102
  tf=0.95 best 0.0157  median 0.0307  worst 0.1107  |  median var 0.119
  tf=1    best 0.0151  median 0.0347  worst 0.1027  |  median var 0.124
  tf=1.05 best 0.0156  median 0.0355  worst 0.1009  |  median var 0.122
  tf=1.1  best 0.0162  median 0.0379  worst 0.1019  |  median var 0.131
  tf=1.15 best 0.0169  median 0.0438  worst 0.1249  |  median var 0.152
  tf=1.2  best 0.0173  median 0.0428  worst 0.1155  |  median var 0.189
  tf=1.25 best 0.0175  median 0.0463  worst 0.0842  |  median var 0.168
  tf=1.3  best 0.0181  median 0.0508  worst 0.0923  |  median var 0.161
  tf=1.35 best 0.0191  median 0.0540  worst 0.0963  |  median var 0.173
  tf=1.4  best 0.0185  median 0.0568  worst 0.0895  |  median var 0.197
  tf=1.45 best 0.0184  median 0.0512  worst 0.0867  |  median var 0.235
  tf=1.5  best 0.0181  median 0.0565  worst 0.0840  |  median var 0.273
  tf=1.55 best 0.0206  median 0.0552  worst 0.0902  |  median var 0.231
  tf=1.6  best 0.0221  median 0.0582  worst 0.0946  |  median var 0.273
  tf=1.65 best 0.0216  median 0.0585  worst 0.1021  |  median var 0.302
  tf=1.7  best 0.0225  median 0.0578  worst 0.1066  |  median var 0.310
  tf=1.75 best 0.0246  median 0.0587  worst 0.1112  |  median var 0.317
  tf=1.8  best 0.0254  median 0.0714  worst 0.1092  |  median var 0.281
  tf=1.85 best 0.0261  median 0.0557  worst 0.1178  |  median var 0.301
  tf=1.9  best 0.0266  median 0.0679  worst 0.1141  |  median var 0.345
  tf=1.95 best 0.0266  median 0.0662  worst 0.1036  |  median var 0.372
  tf=2    best 0.0262  median 0.0727  worst 0.1034  |  median var 0.416
  tf=2.05 best 0.0251  median 0.0688  worst 0.1128  |  median var 0.479
  tf=2.1  best 0.0293  median 0.0657  worst 0.1163  |  median var 0.455
  tf=2.15 best 0.0314  median 0.0653  worst 0.0969  |  median var 0.434
  tf=2.2  best 0.0308  median 0.0653  worst 0.1224  |  median var 0.347
  tf=2.25 best 0.0313  median 0.0623  worst 0.1176  |  median var 0.447
  tf=2.3  best 0.0293  median 0.0636  worst 0.1150  |  median var 0.413
  tf=2.35 best 0.0322  median 0.0641  worst 0.1210  |  median var 0.432
  tf=2.4  best 0.0289  median 0.0621  worst 0.1149  |  median var 0.399
  tf=2.45 best 0.0272  median 0.0650  worst 0.1109  |  median var 0.415
  tf=2.5  best 0.0305  median 0.0590  worst 0.1191  |  median var 0.368
  tf=2.55 best 0.0274  median 0.0597  worst 0.1154  |  median var 0.285
  tf=2.6  best 0.0319  median 0.0644  worst 0.1157  |  median var 0.406
  tf=2.65 best 0.0296  median 0.0596  worst 0.1149  |  median var 0.414
  tf=2.7  best 0.0304  median 0.0613  worst 0.1101  |  median var 0.443
  tf=2.75 best 0.0277  median 0.0564  worst 0.1058  |  median var 0.434
  tf=2.8  best 0.0344  median 0.0553  worst 0.1118  |  median var 0.422
  tf=2.85 best 0.0275  median 0.0574  worst 0.0984  |  median var 0.410
  tf=2.9  best 0.0265  median 0.0655  worst 0.1060  |  median var 0.425
  tf=2.95 best 0.0264  median 0.0656  worst 0.1059  |  median var 0.444
  tf=3    best 0.0249  median 0.0612  worst 0.0990  |  median var 0.417
optimal tf (median RMSE): 0.75  (0.0260)
saved /global/home/users/helsayed/Nonlinear-TC/Models/gd_training/../../Graphs/gd_graphs/tf_graphs/fig_staged_tf_grid.png
