cuda: True Tesla V100-SXM2-16GB
config: seed=0 gens=200 var_weight=0.05 | P=50 elites=5 K=256 M_FIT=1000 M_CHUNK=500 CRN=True MUT=0.02 | tf=0.4 beta=10 dt=0.001
[1/3] training digital teacher ...  (device: cuda)
  teacher epoch     0  mse 5.081e-01
  teacher epoch   300  mse 7.896e-05
  teacher epoch   600  mse 5.719e-05
  teacher epoch   900  mse 3.143e-05
  teacher epoch  1200  mse 1.761e-05
  teacher epoch  1500  mse 1.343e-05
  teacher epoch  1800  mse 7.210e-05
  teacher epoch  2100  mse 7.376e-06
  teacher epoch  2400  mse 6.613e-06
  teacher epoch  2700  mse 6.422e-06
  teacher epoch  2999  mse 6.395e-06
[2/3] training thermodynamic student by gradient descent ...
  student LBFGS round 0  OM loss 8.2695e-01
  student LBFGS round 1  OM loss 2.4469e-02
  student LBFGS round 2  OM loss 1.4789e-02
  student LBFGS round 3  OM loss 1.0563e-02
  student LBFGS round 4  OM loss 9.8621e-03
  student LBFGS round 5  OM loss 9.0353e-03
  student LBFGS round 6  OM loss 8.5213e-03
  student LBFGS round 7  OM loss 8.0581e-03
  student LBFGS round 8  OM loss 7.5026e-03
  student LBFGS round 9  OM loss 6.7216e-03
  student LBFGS round 10  OM loss 6.0469e-03
  student LBFGS round 11  OM loss 5.5147e-03
  student LBFGS round 12  OM loss 5.0965e-03
  student LBFGS round 13  OM loss 4.8284e-03
  student LBFGS round 14  OM loss 4.6272e-03
  student LBFGS round 15  OM loss 4.5000e-03
  student LBFGS round 16  OM loss 4.4254e-03
  student LBFGS round 17  OM loss 4.3923e-03
  student LBFGS round 18  OM loss 4.3741e-03
  student LBFGS round 19  OM loss 4.3466e-03
  student LBFGS round 20  OM loss 4.3208e-03
  student LBFGS round 21  OM loss 4.3005e-03
  student LBFGS round 22  OM loss 4.2726e-03
  student LBFGS round 23  OM loss 4.2319e-03
  student LBFGS round 24  OM loss 4.1979e-03
  student LBFGS round 25  OM loss 4.1722e-03
  student LBFGS round 26  OM loss 4.1416e-03
  student LBFGS round 27  OM loss 4.1210e-03
  student LBFGS round 28  OM loss 4.1071e-03
  student LBFGS round 29  OM loss 4.0943e-03
[3/3] fitting readout scale (post-training) and evaluating ...

--- run summary --------------------------------------------
teacher fit mse     7.044e-06            (7.1s)
OM loss             8.270e-01 -> 4.094e-03  (30 LBFGS rounds, 9.2s)
readout scale c     0.8325
RMSE vs cos         1.622e-02            (M=256, 0.5s)
bias^2              2.632e-04   mean_z (E[y]-y0)^2
Var[y]              2.226e-02   mean_z per-sample variance
pred range          [-0.991, +1.050]   (target [-1, +1])
trainable params    5176
------------------------------------------------------------
GD baseline (seed 0): rmse 0.0162  bias2 2.63e-04  var 0.022
  gen    0  fitness 1.337e-03  bias 1.701e-04  var 0.023    51.98 s/gen  (69s total)
  gen   10  fitness 1.127e-03  bias 1.420e-04  var 0.020    52.01 s/gen  (589s total)
  gen   20  fitness 9.449e-04  bias 1.307e-04  var 0.016    52.02 s/gen  (1109s total)
  gen   30  fitness 8.606e-04  bias 1.235e-04  var 0.015    52.02 s/gen  (1629s total)
  gen   40  fitness 7.785e-04  bias 1.035e-04  var 0.013    52.02 s/gen  (2149s total)
  gen   50  fitness 8.150e-04  bias 8.587e-05  var 0.015    52.02 s/gen  (2670s total)
  gen   60  fitness 7.102e-04  bias 7.951e-05  var 0.013    52.02 s/gen  (3190s total)
  gen   70  fitness 6.514e-04  bias 6.297e-05  var 0.012    52.02 s/gen  (3710s total)
  gen   80  fitness 6.325e-04  bias 6.163e-05  var 0.011    52.01 s/gen  (4230s total)
  gen   90  fitness 6.102e-04  bias 5.686e-05  var 0.011    52.01 s/gen  (4750s total)
  gen  100  fitness 6.052e-04  bias 6.172e-05  var 0.011    52.01 s/gen  (5270s total)
  gen  110  fitness 5.920e-04  bias 5.755e-05  var 0.011    52.01 s/gen  (5790s total)
  gen  120  fitness 5.624e-04  bias 5.226e-05  var 0.010    52.01 s/gen  (6310s total)
  gen  130  fitness 5.565e-04  bias 5.571e-05  var 0.010    52.01 s/gen  (6830s total)
  gen  140  fitness 5.399e-04  bias 5.231e-05  var 0.010    52.01 s/gen  (7351s total)
  gen  150  fitness 5.310e-04  bias 5.674e-05  var 0.009    52.01 s/gen  (7871s total)
  gen  160  fitness 5.496e-04  bias 4.935e-05  var 0.010    52.01 s/gen  (8391s total)
  gen  170  fitness 5.349e-04  bias 5.303e-05  var 0.010    52.01 s/gen  (8911s total)
  gen  180  fitness 5.195e-04  bias 5.282e-05  var 0.009    52.01 s/gen  (9431s total)
  gen  190  fitness 5.152e-04  bias 5.219e-05  var 0.009    52.01 s/gen  (9951s total)
  gen  199  fitness 5.186e-04  bias 5.338e-05  var 0.009    52.01 s/gen  (10419s total)

GA-finetuned:  rmse 0.0094  bias2 8.77e-05  var 0.010
GD baseline:   rmse 0.0162  bias2 2.63e-04  var 0.022
saved /global/home/users/helsayed/Nonlinear-TC/Models/gd_training/../../Graphs/gd_graphs/fig_teacher_gafinetune_seed0_g200_vw0.05_M1000_crn.png
