cuda: True Tesla V100-SXM2-16GB
config: seed=0 gens=200 var_weight=0 | P=50 elites=5 K=256 M_FIT=1000 M_CHUNK=500 CRN=True MUT=0.02 | tf=0.4 beta=10 dt=0.001
[1/3] training digital teacher ...  (device: cuda)
  teacher epoch     0  mse 5.081e-01
  teacher epoch   300  mse 7.896e-05
  teacher epoch   600  mse 5.719e-05
  teacher epoch   900  mse 3.143e-05
  teacher epoch  1200  mse 1.761e-05
  teacher epoch  1500  mse 1.343e-05
  teacher epoch  1800  mse 7.210e-05
  teacher epoch  2100  mse 7.376e-06
  teacher epoch  2400  mse 6.613e-06
  teacher epoch  2700  mse 6.422e-06
  teacher epoch  2999  mse 6.395e-06
[2/3] training thermodynamic student by gradient descent ...
  student LBFGS round 0  OM loss 8.2695e-01
  student LBFGS round 1  OM loss 2.4469e-02
  student LBFGS round 2  OM loss 1.4789e-02
  student LBFGS round 3  OM loss 1.0563e-02
  student LBFGS round 4  OM loss 9.8621e-03
  student LBFGS round 5  OM loss 9.0353e-03
  student LBFGS round 6  OM loss 8.5213e-03
  student LBFGS round 7  OM loss 8.0581e-03
  student LBFGS round 8  OM loss 7.5026e-03
  student LBFGS round 9  OM loss 6.7216e-03
  student LBFGS round 10  OM loss 6.0469e-03
  student LBFGS round 11  OM loss 5.5147e-03
  student LBFGS round 12  OM loss 5.0965e-03
  student LBFGS round 13  OM loss 4.8284e-03
  student LBFGS round 14  OM loss 4.6272e-03
  student LBFGS round 15  OM loss 4.5000e-03
  student LBFGS round 16  OM loss 4.4254e-03
  student LBFGS round 17  OM loss 4.3923e-03
  student LBFGS round 18  OM loss 4.3741e-03
  student LBFGS round 19  OM loss 4.3466e-03
  student LBFGS round 20  OM loss 4.3208e-03
  student LBFGS round 21  OM loss 4.3005e-03
  student LBFGS round 22  OM loss 4.2726e-03
  student LBFGS round 23  OM loss 4.2319e-03
  student LBFGS round 24  OM loss 4.1979e-03
  student LBFGS round 25  OM loss 4.1722e-03
  student LBFGS round 26  OM loss 4.1416e-03
  student LBFGS round 27  OM loss 4.1210e-03
  student LBFGS round 28  OM loss 4.1071e-03
  student LBFGS round 29  OM loss 4.0943e-03
[3/3] fitting readout scale (post-training) and evaluating ...

--- run summary --------------------------------------------
teacher fit mse     7.044e-06            (6.6s)
OM loss             8.270e-01 -> 4.094e-03  (30 LBFGS rounds, 7.3s)
readout scale c     0.8325
RMSE vs cos         1.622e-02            (M=256, 0.5s)
bias^2              2.632e-04   mean_z (E[y]-y0)^2
Var[y]              2.226e-02   mean_z per-sample variance
pred range          [-0.991, +1.050]   (target [-1, +1])
trainable params    5176
------------------------------------------------------------
GD baseline (seed 0): rmse 0.0162  bias2 2.63e-04  var 0.022
  gen    0  fitness 1.701e-04  bias 1.701e-04  var 0.023    52.02 s/gen  (66s total)
  gen   10  fitness 1.182e-04  bias 1.182e-04  var 0.024    52.06 s/gen  (587s total)
  gen   20  fitness 8.741e-05  bias 8.741e-05  var 0.020    52.07 s/gen  (1108s total)
  gen   30  fitness 7.330e-05  bias 7.330e-05  var 0.018    52.07 s/gen  (1628s total)
  gen   40  fitness 6.361e-05  bias 6.361e-05  var 0.016    52.06 s/gen  (2149s total)
  gen   50  fitness 4.560e-05  bias 4.560e-05  var 0.016    52.06 s/gen  (2670s total)
  gen   60  fitness 4.391e-05  bias 4.391e-05  var 0.015    52.06 s/gen  (3190s total)
  gen   70  fitness 3.461e-05  bias 3.461e-05  var 0.015    52.06 s/gen  (3711s total)
  gen   80  fitness 3.417e-05  bias 3.417e-05  var 0.015    52.06 s/gen  (4232s total)
  gen   90  fitness 3.121e-05  bias 3.121e-05  var 0.014    52.06 s/gen  (4752s total)
  gen  100  fitness 2.727e-05  bias 2.727e-05  var 0.014    52.07 s/gen  (5273s total)
  gen  110  fitness 2.897e-05  bias 2.897e-05  var 0.014    52.06 s/gen  (5794s total)
  gen  120  fitness 2.456e-05  bias 2.456e-05  var 0.014    52.05 s/gen  (6314s total)
