cuda: True Tesla V100-SXM2-16GB
training on cuda:0
gen    0   best loss 0.5017    18.47 s/gen
gen   10   best loss 0.5016    11.36 s/gen
gen   20   best loss 0.5019    11.42 s/gen
gen   30   best loss 0.5012    11.43 s/gen
gen   40   best loss 0.5011    11.44 s/gen
gen   50   best loss 0.5008    11.43 s/gen
gen   60   best loss 0.5003    11.43 s/gen
gen   70   best loss 0.5012    11.42 s/gen
gen   80   best loss 0.5000    11.42 s/gen
gen   90   best loss 0.5003    11.42 s/gen
gen  100   best loss 0.5005    11.42 s/gen
gen  110   best loss 0.5011    11.42 s/gen
gen  120   best loss 0.5000    11.42 s/gen
gen  130   best loss 0.5007    11.42 s/gen
gen  140   best loss 0.4959    11.42 s/gen
gen  150   best loss 0.4891    11.42 s/gen
gen  160   best loss 0.4801    11.42 s/gen
gen  170   best loss 0.4684    11.42 s/gen
gen  180   best loss 0.4546    11.41 s/gen
gen  190   best loss 0.4099    11.42 s/gen
gen  200   best loss 0.3766    11.42 s/gen
gen  210   best loss 0.3152    11.42 s/gen
gen  220   best loss 0.2628    11.42 s/gen
gen  230   best loss 0.2467    11.43 s/gen
gen  240   best loss 0.2085    11.42 s/gen
gen  250   best loss 0.1663    11.42 s/gen
gen  260   best loss 0.1579    11.43 s/gen
gen  270   best loss 0.1322    11.42 s/gen
gen  280   best loss 0.0764    11.42 s/gen
gen  290   best loss 0.0568    11.43 s/gen
gen  300   best loss 0.0467    11.43 s/gen
gen  310   best loss 0.0410    11.43 s/gen
gen  320   best loss 0.0422    11.43 s/gen
gen  330   best loss 0.0356    11.43 s/gen
gen  340   best loss 0.0540    11.43 s/gen
gen  350   best loss 0.0262    11.42 s/gen
gen  360   best loss 0.0360    11.43 s/gen
gen  370   best loss 0.0262    11.43 s/gen
gen  380   best loss 0.0290    11.42 s/gen
gen  390   best loss 0.0249    11.43 s/gen
gen  400   best loss 0.0243    11.43 s/gen
gen  410   best loss 0.0219    11.43 s/gen
gen  420   best loss 0.0163    11.43 s/gen
gen  430   best loss 0.0276    11.42 s/gen
gen  440   best loss 0.0219    11.43 s/gen
gen  450   best loss 0.0128    11.43 s/gen
gen  460   best loss 0.0168    11.42 s/gen
gen  470   best loss 0.0212    11.42 s/gen
gen  480   best loss 0.0201    11.42 s/gen
gen  490   best loss 0.0215    11.42 s/gen
gen  500   best loss 0.0178    11.42 s/gen
gen  510   best loss 0.0135    11.42 s/gen
gen  520   best loss 0.0158    11.42 s/gen
gen  530   best loss 0.0121    11.42 s/gen
gen  540   best loss 0.0167    11.42 s/gen
gen  550   best loss 0.0254    11.43 s/gen
gen  560   best loss 0.0457    11.43 s/gen
gen  570   best loss 0.0275    11.42 s/gen
gen  580   best loss 0.0241    11.42 s/gen
gen  590   best loss 0.0295    11.42 s/gen
gen  600   best loss 0.0164    11.43 s/gen
gen  610   best loss 0.0190    11.43 s/gen
gen  620   best loss 0.0251    11.43 s/gen
gen  630   best loss 0.0239    11.43 s/gen
gen  640   best loss 0.0153    11.42 s/gen
gen  650   best loss 0.0114    11.42 s/gen
gen  660   best loss 0.0107    11.42 s/gen
gen  670   best loss 0.0140    11.43 s/gen
gen  680   best loss 0.0197    11.42 s/gen
gen  690   best loss 0.0151    11.42 s/gen
gen  700   best loss 0.0181    11.43 s/gen
gen  710   best loss 0.0293    11.42 s/gen
gen  720   best loss 0.0149    11.43 s/gen
gen  730   best loss 0.0154    11.43 s/gen
gen  740   best loss 0.0254    11.42 s/gen
gen  750   best loss 0.0299    11.42 s/gen
gen  760   best loss 0.0168    11.43 s/gen
gen  770   best loss 0.0174    11.43 s/gen
gen  780   best loss 0.0122    11.42 s/gen
gen  790   best loss 0.0219    11.43 s/gen
gen  800   best loss 0.0130    11.43 s/gen
gen  810   best loss 0.0137    11.42 s/gen
gen  820   best loss 0.0194    11.42 s/gen
gen  830   best loss 0.0118    11.42 s/gen
gen  840   best loss 0.0259    11.42 s/gen
gen  850   best loss 0.0228    11.42 s/gen
gen  860   best loss 0.0199    11.42 s/gen
gen  870   best loss 0.0140    11.42 s/gen
gen  880   best loss 0.0260    11.42 s/gen
gen  890   best loss 0.0305    11.42 s/gen
gen  900   best loss 0.0178    11.43 s/gen
gen  910   best loss 0.0273    11.42 s/gen
gen  920   best loss 0.0257    11.42 s/gen
gen  930   best loss 0.0275    11.42 s/gen
gen  940   best loss 0.0411    11.42 s/gen
gen  950   best loss 0.0207    11.42 s/gen
gen  960   best loss 0.0207    11.42 s/gen
gen  970   best loss 0.0193    11.43 s/gen
gen  980   best loss 0.0146    11.43 s/gen
gen  990   best loss 0.0235    11.43 s/gen
gen 1000   best loss 0.0202    11.42 s/gen
gen 1010   best loss 0.0151    11.42 s/gen
gen 1020   best loss 0.0180    11.42 s/gen
gen 1030   best loss 0.0109    11.42 s/gen
gen 1040   best loss 0.0184    11.42 s/gen
gen 1050   best loss 0.0237    11.42 s/gen
gen 1060   best loss 0.0195    11.42 s/gen
gen 1070   best loss 0.0202    11.42 s/gen
gen 1080   best loss 0.0161    11.42 s/gen
gen 1090   best loss 0.0157    11.43 s/gen
gen 1100   best loss 0.0105    11.42 s/gen
gen 1110   best loss 0.0068    11.42 s/gen
gen 1120   best loss 0.0105    11.42 s/gen
gen 1130   best loss 0.0120    11.42 s/gen
gen 1140   best loss 0.0086    11.42 s/gen
gen 1150   best loss 0.0160    11.42 s/gen
gen 1160   best loss 0.0103    11.42 s/gen
gen 1170   best loss 0.0136    11.42 s/gen
gen 1180   best loss 0.0061    11.42 s/gen
gen 1190   best loss 0.0120    11.42 s/gen
gen 1200   best loss 0.0085    11.42 s/gen
gen 1210   best loss 0.0113    11.42 s/gen
gen 1220   best loss 0.0248    11.42 s/gen
gen 1230   best loss 0.0304    11.42 s/gen
gen 1240   best loss 0.0141    11.42 s/gen
gen 1250   best loss 0.0163    11.42 s/gen
gen 1260   best loss 0.0054    11.42 s/gen
gen 1270   best loss 0.0107    11.43 s/gen
gen 1280   best loss 0.0158    11.42 s/gen
gen 1290   best loss 0.0086    11.42 s/gen
gen 1300   best loss 0.0136    11.42 s/gen
gen 1310   best loss 0.0081    11.42 s/gen
gen 1320   best loss 0.0072    11.42 s/gen
gen 1330   best loss 0.0081    11.42 s/gen
gen 1340   best loss 0.0084    11.42 s/gen
gen 1350   best loss 0.0095    11.42 s/gen
gen 1360   best loss 0.0109    11.43 s/gen
gen 1370   best loss 0.0129    11.42 s/gen
gen 1380   best loss 0.0061    11.42 s/gen
gen 1390   best loss 0.0108    11.42 s/gen
gen 1400   best loss 0.0082    11.42 s/gen
gen 1410   best loss 0.0036    11.42 s/gen
gen 1420   best loss 0.0078    11.42 s/gen
gen 1430   best loss 0.0042    11.41 s/gen
gen 1440   best loss 0.0079    11.42 s/gen
gen 1450   best loss 0.0035    11.42 s/gen
gen 1460   best loss 0.0073    11.42 s/gen
gen 1470   best loss 0.0071    11.42 s/gen
gen 1480   best loss 0.0113    11.42 s/gen
gen 1490   best loss 0.0164    11.42 s/gen
gen 1500   best loss 0.0119    11.42 s/gen
gen 1510   best loss 0.0084    11.42 s/gen
gen 1520   best loss 0.0111    11.42 s/gen
gen 1530   best loss 0.0077    11.42 s/gen
gen 1540   best loss 0.0142    11.42 s/gen
gen 1550   best loss 0.0078    11.42 s/gen
gen 1560   best loss 0.0053    11.42 s/gen
gen 1570   best loss 0.0066    11.42 s/gen
gen 1580   best loss 0.0086    11.42 s/gen
gen 1590   best loss 0.0093    11.42 s/gen
gen 1600   best loss 0.0089    11.42 s/gen
gen 1610   best loss 0.0101    11.42 s/gen
gen 1620   best loss 0.0060    11.42 s/gen
gen 1630   best loss 0.0076    11.42 s/gen
gen 1640   best loss 0.0134    11.42 s/gen
gen 1650   best loss 0.0106    11.42 s/gen
gen 1660   best loss 0.0104    11.42 s/gen
gen 1670   best loss 0.0046    11.42 s/gen
gen 1680   best loss 0.0073    11.42 s/gen
gen 1690   best loss 0.0079    11.42 s/gen
gen 1700   best loss 0.0152    11.42 s/gen
gen 1710   best loss 0.0109    11.42 s/gen
gen 1720   best loss 0.0055    11.42 s/gen
gen 1730   best loss 0.0056    11.42 s/gen
gen 1740   best loss 0.0062    11.42 s/gen
gen 1750   best loss 0.0069    11.42 s/gen
gen 1760   best loss 0.0114    11.42 s/gen
gen 1770   best loss 0.0088    11.42 s/gen
gen 1780   best loss 0.0135    11.42 s/gen
gen 1790   best loss 0.0102    11.42 s/gen
gen 1800   best loss 0.0093    11.42 s/gen
gen 1810   best loss 0.0091    11.42 s/gen
gen 1820   best loss 0.0041    11.42 s/gen
gen 1830   best loss 0.0069    11.42 s/gen
gen 1840   best loss 0.0094    11.42 s/gen
gen 1850   best loss 0.0104    11.42 s/gen
gen 1860   best loss 0.0126    11.42 s/gen
gen 1870   best loss 0.0119    11.42 s/gen
gen 1880   best loss 0.0168    11.42 s/gen
gen 1890   best loss 0.0045    11.42 s/gen
gen 1900   best loss 0.0126    11.42 s/gen
gen 1910   best loss 0.0093    11.42 s/gen
gen 1920   best loss 0.0114    11.42 s/gen
gen 1930   best loss 0.0100    11.42 s/gen
gen 1940   best loss 0.0093    11.42 s/gen
gen 1950   best loss 0.0084    11.42 s/gen
gen 1960   best loss 0.0122    11.42 s/gen
gen 1970   best loss 0.0126    11.42 s/gen
gen 1980   best loss 0.0292    11.42 s/gen
gen 1990   best loss 0.0163    11.42 s/gen
