cuda: True Tesla V100-SXM2-16GB
training on cuda:0
gen    0   best loss 0.5017    18.13 s/gen
gen   10   best loss 0.5015    11.21 s/gen
gen   20   best loss 0.5004    11.28 s/gen
gen   30   best loss 0.5001    11.29 s/gen
gen   40   best loss 0.5011    11.29 s/gen
gen   50   best loss 0.5008    11.29 s/gen
gen   60   best loss 0.5010    11.29 s/gen
gen   70   best loss 0.5011    11.29 s/gen
gen   80   best loss 0.5004    11.29 s/gen
gen   90   best loss 0.5021    11.28 s/gen
gen  100   best loss 0.5011    11.28 s/gen
gen  110   best loss 0.5005    11.28 s/gen
gen  120   best loss 0.5005    11.28 s/gen
gen  130   best loss 0.5006    11.28 s/gen
gen  140   best loss 0.5006    11.28 s/gen
gen  150   best loss 0.5015    11.28 s/gen
gen  160   best loss 0.5004    11.28 s/gen
gen  170   best loss 0.5004    11.28 s/gen
gen  180   best loss 0.5009    11.28 s/gen
gen  190   best loss 0.5009    11.28 s/gen
gen  200   best loss 0.5012    11.28 s/gen
gen  210   best loss 0.5008    11.28 s/gen
gen  220   best loss 0.5006    11.29 s/gen
gen  230   best loss 0.4991    11.28 s/gen
gen  240   best loss 0.5006    11.28 s/gen
gen  250   best loss 0.4988    11.28 s/gen
gen  260   best loss 0.5012    11.28 s/gen
gen  270   best loss 0.4995    11.28 s/gen
gen  280   best loss 0.4997    11.28 s/gen
gen  290   best loss 0.5017    11.28 s/gen
gen  300   best loss 0.4992    11.28 s/gen
gen  310   best loss 0.5006    11.28 s/gen
gen  320   best loss 0.4967    11.28 s/gen
gen  330   best loss 0.5009    11.28 s/gen
gen  340   best loss 0.5017    11.28 s/gen
gen  350   best loss 0.5016    11.28 s/gen
gen  360   best loss 0.4989    11.28 s/gen
gen  370   best loss 0.4989    11.28 s/gen
gen  380   best loss 0.4993    11.28 s/gen
gen  390   best loss 0.5006    11.28 s/gen
gen  400   best loss 0.5002    11.28 s/gen
gen  410   best loss 0.4989    11.28 s/gen
gen  420   best loss 0.4972    11.28 s/gen
gen  430   best loss 0.4966    11.28 s/gen
gen  440   best loss 0.5006    11.28 s/gen
gen  450   best loss 0.4983    11.28 s/gen
gen  460   best loss 0.4986    11.28 s/gen
gen  470   best loss 0.4992    11.28 s/gen
gen  480   best loss 0.4991    11.28 s/gen
gen  490   best loss 0.4999    11.29 s/gen
gen  500   best loss 0.4963    11.28 s/gen
gen  510   best loss 0.4986    11.28 s/gen
gen  520   best loss 0.4962    11.28 s/gen
gen  530   best loss 0.4900    11.28 s/gen
gen  540   best loss 0.4969    11.28 s/gen
gen  550   best loss 0.4999    11.28 s/gen
gen  560   best loss 0.4976    11.28 s/gen
gen  570   best loss 0.4999    11.29 s/gen
gen  580   best loss 0.4966    11.30 s/gen
gen  590   best loss 0.4961    11.30 s/gen
gen  600   best loss 0.5019    11.30 s/gen
gen  610   best loss 0.4967    11.30 s/gen
gen  620   best loss 0.4942    11.30 s/gen
gen  630   best loss 0.4953    11.30 s/gen
gen  640   best loss 0.4960    11.30 s/gen
gen  650   best loss 0.4980    11.30 s/gen
gen  660   best loss 0.4992    11.30 s/gen
gen  670   best loss 0.4989    11.30 s/gen
gen  680   best loss 0.4962    11.30 s/gen
gen  690   best loss 0.4929    11.30 s/gen
gen  700   best loss 0.4902    11.29 s/gen
gen  710   best loss 0.4954    11.30 s/gen
gen  720   best loss 0.4873    11.30 s/gen
gen  730   best loss 0.4855    11.30 s/gen
gen  740   best loss 0.4955    11.30 s/gen
gen  750   best loss 0.4944    11.30 s/gen
gen  760   best loss 0.4921    11.30 s/gen
gen  770   best loss 0.4870    11.30 s/gen
gen  780   best loss 0.4839    11.30 s/gen
gen  790   best loss 0.4808    11.31 s/gen
gen  800   best loss 0.4797    11.30 s/gen
gen  810   best loss 0.4692    11.30 s/gen
gen  820   best loss 0.4666    11.29 s/gen
gen  830   best loss 0.4727    11.30 s/gen
gen  840   best loss 0.4687    11.30 s/gen
gen  850   best loss 0.4708    11.30 s/gen
gen  860   best loss 0.4686    11.30 s/gen
gen  870   best loss 0.4619    11.30 s/gen
gen  880   best loss 0.4588    11.30 s/gen
gen  890   best loss 0.4420    11.30 s/gen
gen  900   best loss 0.4512    11.30 s/gen
gen  910   best loss 0.4315    11.30 s/gen
gen  920   best loss 0.4354    11.30 s/gen
gen  930   best loss 0.4337    11.30 s/gen
gen  940   best loss 0.4184    11.31 s/gen
gen  950   best loss 0.3995    11.31 s/gen
gen  960   best loss 0.3961    11.31 s/gen
gen  970   best loss 0.3948    11.31 s/gen
gen  980   best loss 0.3689    11.31 s/gen
gen  990   best loss 0.3866    11.31 s/gen
gen 1000   best loss 0.3616    11.31 s/gen
gen 1010   best loss 0.3379    11.31 s/gen
gen 1020   best loss 0.3287    11.32 s/gen
gen 1030   best loss 0.3241    11.31 s/gen
gen 1040   best loss 0.3023    11.31 s/gen
gen 1050   best loss 0.3111    11.31 s/gen
gen 1060   best loss 0.3011    11.31 s/gen
gen 1070   best loss 0.2772    11.31 s/gen
gen 1080   best loss 0.2678    11.32 s/gen
gen 1090   best loss 0.2531    11.32 s/gen
gen 1100   best loss 0.2125    11.32 s/gen
gen 1110   best loss 0.1973    11.31 s/gen
gen 1120   best loss 0.1851    11.31 s/gen
gen 1130   best loss 0.1501    11.31 s/gen
gen 1140   best loss 0.1674    11.31 s/gen
gen 1150   best loss 0.1472    11.31 s/gen
gen 1160   best loss 0.1691    11.31 s/gen
gen 1170   best loss 0.1384    11.31 s/gen
gen 1180   best loss 0.1324    11.31 s/gen
gen 1190   best loss 0.1563    11.32 s/gen
gen 1200   best loss 0.1559    11.31 s/gen
gen 1210   best loss 0.1415    11.31 s/gen
gen 1220   best loss 0.1475    11.31 s/gen
gen 1230   best loss 0.1503    11.31 s/gen
gen 1240   best loss 0.1255    11.32 s/gen
gen 1250   best loss 0.1132    11.31 s/gen
gen 1260   best loss 0.1043    11.31 s/gen
gen 1270   best loss 0.0934    11.32 s/gen
gen 1280   best loss 0.1058    11.31 s/gen
gen 1290   best loss 0.0897    11.31 s/gen
gen 1300   best loss 0.0866    11.31 s/gen
gen 1310   best loss 0.0913    11.30 s/gen
gen 1320   best loss 0.1002    11.30 s/gen
gen 1330   best loss 0.0986    11.31 s/gen
gen 1340   best loss 0.0853    11.32 s/gen
gen 1350   best loss 0.1005    11.31 s/gen
gen 1360   best loss 0.0888    11.31 s/gen
gen 1370   best loss 0.0809    11.30 s/gen
gen 1380   best loss 0.0896    11.31 s/gen
gen 1390   best loss 0.1133    11.31 s/gen
gen 1400   best loss 0.0811    11.31 s/gen
gen 1410   best loss 0.0804    11.31 s/gen
gen 1420   best loss 0.0699    11.31 s/gen
gen 1430   best loss 0.0802    11.31 s/gen
gen 1440   best loss 0.0723    11.31 s/gen
gen 1450   best loss 0.0820    11.31 s/gen
gen 1460   best loss 0.0634    11.31 s/gen
gen 1470   best loss 0.0747    11.30 s/gen
gen 1480   best loss 0.0668    11.31 s/gen
gen 1490   best loss 0.0574    11.30 s/gen
gen 1500   best loss 0.0601    11.30 s/gen
gen 1510   best loss 0.0644    11.30 s/gen
gen 1520   best loss 0.0563    11.31 s/gen
gen 1530   best loss 0.0453    11.31 s/gen
gen 1540   best loss 0.0522    11.31 s/gen
gen 1550   best loss 0.0551    11.31 s/gen
gen 1560   best loss 0.0496    11.31 s/gen
gen 1570   best loss 0.0418    11.31 s/gen
gen 1580   best loss 0.0587    11.31 s/gen
gen 1590   best loss 0.0518    11.31 s/gen
gen 1600   best loss 0.0629    11.30 s/gen
gen 1610   best loss 0.0437    11.30 s/gen
gen 1620   best loss 0.0373    11.30 s/gen
gen 1630   best loss 0.0316    11.30 s/gen
gen 1640   best loss 0.0313    11.30 s/gen
gen 1650   best loss 0.0356    11.30 s/gen
gen 1660   best loss 0.0342    11.30 s/gen
gen 1670   best loss 0.0263    11.30 s/gen
gen 1680   best loss 0.0240    11.30 s/gen
gen 1690   best loss 0.0207    11.30 s/gen
gen 1700   best loss 0.0206    11.31 s/gen
gen 1710   best loss 0.0334    11.31 s/gen
gen 1720   best loss 0.0431    11.31 s/gen
gen 1730   best loss 0.0111    11.30 s/gen
gen 1740   best loss 0.0191    11.30 s/gen
gen 1750   best loss 0.0200    11.30 s/gen
gen 1760   best loss 0.0221    11.30 s/gen
gen 1770   best loss 0.0168    11.30 s/gen
gen 1780   best loss 0.0183    11.30 s/gen
gen 1790   best loss 0.0106    11.30 s/gen
gen 1800   best loss 0.0166    11.30 s/gen
gen 1810   best loss 0.0124    11.30 s/gen
gen 1820   best loss 0.0075    11.30 s/gen
gen 1830   best loss 0.0154    11.31 s/gen
gen 1840   best loss 0.0070    11.30 s/gen
gen 1850   best loss 0.0081    11.30 s/gen
gen 1860   best loss 0.0198    11.30 s/gen
gen 1870   best loss 0.0150    11.30 s/gen
gen 1880   best loss 0.0097    11.30 s/gen
gen 1890   best loss 0.0096    11.30 s/gen
gen 1900   best loss 0.0212    11.30 s/gen
gen 1910   best loss 0.0115    11.30 s/gen
gen 1920   best loss 0.0150    11.30 s/gen
gen 1930   best loss 0.0121    11.30 s/gen
gen 1940   best loss 0.0127    11.30 s/gen
gen 1950   best loss 0.0072    11.30 s/gen
gen 1960   best loss 0.0086    11.30 s/gen
gen 1970   best loss 0.0103    11.30 s/gen
gen 1980   best loss 0.0120    11.30 s/gen
gen 1990   best loss 0.0128    11.30 s/gen
