cuda: True Tesla V100-SXM2-16GB
training on cuda:0
gen    0   best loss 0.5018    18.33 s/gen
gen   10   best loss 0.5006    11.15 s/gen
gen   20   best loss 0.5009    11.20 s/gen
gen   30   best loss 0.5013    11.20 s/gen
gen   40   best loss 0.4996    11.20 s/gen
gen   50   best loss 0.4997    11.21 s/gen
gen   60   best loss 0.5003    11.21 s/gen
gen   70   best loss 0.5007    11.19 s/gen
gen   80   best loss 0.5000    11.19 s/gen
gen   90   best loss 0.5010    11.18 s/gen
gen  100   best loss 0.4995    11.18 s/gen
gen  110   best loss 0.4993    11.18 s/gen
gen  120   best loss 0.4993    11.18 s/gen
gen  130   best loss 0.4986    11.18 s/gen
gen  140   best loss 0.4990    11.18 s/gen
gen  150   best loss 0.4987    11.18 s/gen
gen  160   best loss 0.5000    11.18 s/gen
gen  170   best loss 0.4970    11.18 s/gen
gen  180   best loss 0.4996    11.18 s/gen
gen  190   best loss 0.4998    11.18 s/gen
gen  200   best loss 0.5008    11.18 s/gen
gen  210   best loss 0.5008    11.18 s/gen
gen  220   best loss 0.5009    11.18 s/gen
gen  230   best loss 0.5003    11.18 s/gen
gen  240   best loss 0.4996    11.17 s/gen
gen  250   best loss 0.5000    11.18 s/gen
gen  260   best loss 0.4987    11.18 s/gen
gen  270   best loss 0.4997    11.18 s/gen
gen  280   best loss 0.5004    11.18 s/gen
gen  290   best loss 0.4998    11.19 s/gen
gen  300   best loss 0.4990    11.18 s/gen
gen  310   best loss 0.5000    11.18 s/gen
gen  320   best loss 0.5001    11.17 s/gen
gen  330   best loss 0.5003    11.18 s/gen
gen  340   best loss 0.4990    11.19 s/gen
gen  350   best loss 0.4998    11.19 s/gen
gen  360   best loss 0.5008    11.19 s/gen
gen  370   best loss 0.4986    11.18 s/gen
gen  380   best loss 0.5003    11.18 s/gen
gen  390   best loss 0.5003    11.18 s/gen
gen  400   best loss 0.4974    11.18 s/gen
gen  410   best loss 0.4986    11.18 s/gen
gen  420   best loss 0.4991    11.18 s/gen
gen  430   best loss 0.5008    11.18 s/gen
gen  440   best loss 0.5002    11.18 s/gen
gen  450   best loss 0.5006    11.18 s/gen
gen  460   best loss 0.4986    11.18 s/gen
gen  470   best loss 0.5008    11.18 s/gen
gen  480   best loss 0.4996    11.18 s/gen
gen  490   best loss 0.5003    11.19 s/gen
gen  500   best loss 0.5010    11.19 s/gen
gen  510   best loss 0.5003    11.19 s/gen
gen  520   best loss 0.5000    11.19 s/gen
gen  530   best loss 0.5017    11.19 s/gen
gen  540   best loss 0.5018    11.19 s/gen
gen  550   best loss 0.5013    11.19 s/gen
gen  560   best loss 0.5003    11.19 s/gen
gen  570   best loss 0.4999    11.18 s/gen
gen  580   best loss 0.5001    11.18 s/gen
gen  590   best loss 0.5008    11.18 s/gen
gen  600   best loss 0.5004    11.19 s/gen
gen  610   best loss 0.4997    11.19 s/gen
gen  620   best loss 0.5009    11.19 s/gen
gen  630   best loss 0.5002    11.19 s/gen
gen  640   best loss 0.4994    11.19 s/gen
gen  650   best loss 0.5007    11.19 s/gen
gen  660   best loss 0.5011    11.19 s/gen
gen  670   best loss 0.4991    11.18 s/gen
gen  680   best loss 0.4998    11.18 s/gen
gen  690   best loss 0.5007    11.18 s/gen
gen  700   best loss 0.4998    11.19 s/gen
gen  710   best loss 0.5009    11.19 s/gen
gen  720   best loss 0.4999    11.19 s/gen
gen  730   best loss 0.4993    11.19 s/gen
gen  740   best loss 0.5007    11.20 s/gen
gen  750   best loss 0.4985    11.19 s/gen
gen  760   best loss 0.4995    11.19 s/gen
gen  770   best loss 0.4974    11.19 s/gen
gen  780   best loss 0.4997    11.20 s/gen
gen  790   best loss 0.5018    11.19 s/gen
gen  800   best loss 0.4998    11.19 s/gen
gen  810   best loss 0.5003    11.19 s/gen
gen  820   best loss 0.5012    11.19 s/gen
gen  830   best loss 0.5005    11.19 s/gen
gen  840   best loss 0.5011    11.19 s/gen
gen  850   best loss 0.5010    11.19 s/gen
gen  860   best loss 0.4993    11.19 s/gen
gen  870   best loss 0.4980    11.19 s/gen
gen  880   best loss 0.4984    11.20 s/gen
gen  890   best loss 0.5000    11.20 s/gen
gen  900   best loss 0.4975    11.19 s/gen
gen  910   best loss 0.5002    11.20 s/gen
gen  920   best loss 0.4993    11.20 s/gen
gen  930   best loss 0.4991    11.19 s/gen
gen  940   best loss 0.4998    11.19 s/gen
gen  950   best loss 0.5003    11.19 s/gen
gen  960   best loss 0.4998    11.19 s/gen
gen  970   best loss 0.5004    11.20 s/gen
gen  980   best loss 0.4997    11.19 s/gen
gen  990   best loss 0.5003    11.19 s/gen
gen 1000   best loss 0.4989    11.19 s/gen
gen 1010   best loss 0.5023    11.19 s/gen
gen 1020   best loss 0.4983    11.19 s/gen
gen 1030   best loss 0.4988    11.19 s/gen
gen 1040   best loss 0.4942    11.19 s/gen
gen 1050   best loss 0.4987    11.20 s/gen
gen 1060   best loss 0.4972    11.19 s/gen
gen 1070   best loss 0.4989    11.19 s/gen
gen 1080   best loss 0.4969    11.19 s/gen
gen 1090   best loss 0.4984    11.20 s/gen
gen 1100   best loss 0.5012    11.19 s/gen
gen 1110   best loss 0.5005    11.19 s/gen
gen 1120   best loss 0.4997    11.19 s/gen
gen 1130   best loss 0.5000    11.19 s/gen
gen 1140   best loss 0.4995    11.19 s/gen
gen 1150   best loss 0.4983    11.19 s/gen
gen 1160   best loss 0.5014    11.19 s/gen
gen 1170   best loss 0.5000    11.19 s/gen
gen 1180   best loss 0.4982    11.19 s/gen
gen 1190   best loss 0.5007    11.19 s/gen
gen 1200   best loss 0.5008    11.18 s/gen
gen 1210   best loss 0.4999    11.19 s/gen
gen 1220   best loss 0.5011    11.18 s/gen
gen 1230   best loss 0.5016    11.18 s/gen
gen 1240   best loss 0.5000    11.19 s/gen
gen 1250   best loss 0.4996    11.19 s/gen
gen 1260   best loss 0.4996    11.19 s/gen
gen 1270   best loss 0.4984    11.19 s/gen
gen 1280   best loss 0.5006    11.19 s/gen
gen 1290   best loss 0.5001    11.18 s/gen
gen 1300   best loss 0.4990    11.19 s/gen
gen 1310   best loss 0.5008    11.19 s/gen
gen 1320   best loss 0.5006    11.18 s/gen
gen 1330   best loss 0.5000    11.19 s/gen
gen 1340   best loss 0.5007    11.19 s/gen
gen 1350   best loss 0.5011    11.19 s/gen
gen 1360   best loss 0.4993    11.19 s/gen
gen 1370   best loss 0.5010    11.18 s/gen
gen 1380   best loss 0.4987    11.18 s/gen
gen 1390   best loss 0.4997    11.18 s/gen
gen 1400   best loss 0.4998    11.19 s/gen
gen 1410   best loss 0.5009    11.18 s/gen
gen 1420   best loss 0.4997    11.18 s/gen
gen 1430   best loss 0.4993    11.18 s/gen
gen 1440   best loss 0.4993    11.18 s/gen
gen 1450   best loss 0.4985    11.18 s/gen
gen 1460   best loss 0.5003    11.18 s/gen
gen 1470   best loss 0.4983    11.18 s/gen
gen 1480   best loss 0.5007    11.18 s/gen
gen 1490   best loss 0.5011    11.18 s/gen
gen 1500   best loss 0.4996    11.18 s/gen
gen 1510   best loss 0.4994    11.19 s/gen
gen 1520   best loss 0.5003    11.19 s/gen
gen 1530   best loss 0.5008    11.19 s/gen
gen 1540   best loss 0.5011    11.19 s/gen
gen 1550   best loss 0.4996    11.19 s/gen
gen 1560   best loss 0.5003    11.19 s/gen
gen 1570   best loss 0.4993    11.18 s/gen
gen 1580   best loss 0.4981    11.18 s/gen
gen 1590   best loss 0.5004    11.18 s/gen
gen 1600   best loss 0.4991    11.18 s/gen
gen 1610   best loss 0.4984    11.18 s/gen
gen 1620   best loss 0.5008    11.18 s/gen
gen 1630   best loss 0.5002    11.19 s/gen
gen 1640   best loss 0.5011    11.19 s/gen
gen 1650   best loss 0.5005    11.19 s/gen
gen 1660   best loss 0.4997    11.19 s/gen
gen 1670   best loss 0.4996    11.19 s/gen
gen 1680   best loss 0.5002    11.18 s/gen
gen 1690   best loss 0.5003    11.18 s/gen
gen 1700   best loss 0.4999    11.18 s/gen
gen 1710   best loss 0.5005    11.19 s/gen
gen 1720   best loss 0.4998    11.19 s/gen
gen 1730   best loss 0.5009    11.18 s/gen
gen 1740   best loss 0.5002    11.18 s/gen
gen 1750   best loss 0.5015    11.18 s/gen
gen 1760   best loss 0.5015    11.18 s/gen
gen 1770   best loss 0.4999    11.18 s/gen
gen 1780   best loss 0.5005    11.18 s/gen
gen 1790   best loss 0.5016    11.18 s/gen
gen 1800   best loss 0.4998    11.18 s/gen
gen 1810   best loss 0.4999    11.18 s/gen
gen 1820   best loss 0.4999    11.18 s/gen
gen 1830   best loss 0.5008    11.18 s/gen
gen 1840   best loss 0.4988    11.18 s/gen
gen 1850   best loss 0.4998    11.18 s/gen
gen 1860   best loss 0.5027    11.18 s/gen
gen 1870   best loss 0.5009    11.18 s/gen
gen 1880   best loss 0.5014    11.18 s/gen
gen 1890   best loss 0.5009    11.18 s/gen
gen 1900   best loss 0.4998    11.18 s/gen
gen 1910   best loss 0.4993    11.18 s/gen
gen 1920   best loss 0.5007    11.18 s/gen
gen 1930   best loss 0.4995    11.19 s/gen
gen 1940   best loss 0.4996    11.18 s/gen
gen 1950   best loss 0.4996    11.18 s/gen
gen 1960   best loss 0.5003    11.19 s/gen
gen 1970   best loss 0.5003    11.18 s/gen
gen 1980   best loss 0.4982    11.19 s/gen
gen 1990   best loss 0.4977    11.19 s/gen
