cuda: True Tesla V100-SXM2-32GB
training on cuda:0
gen    0   best loss 0.5020    20.15 s/gen
gen   10   best loss 0.5026    11.25 s/gen
gen   20   best loss 0.5022    11.27 s/gen
gen   30   best loss 0.5029    11.27 s/gen
gen   40   best loss 0.5024    11.26 s/gen
gen   50   best loss 0.5028    11.27 s/gen
gen   60   best loss 0.5027    11.27 s/gen
gen   70   best loss 0.5023    11.27 s/gen
gen   80   best loss 0.5025    11.26 s/gen
gen   90   best loss 0.5031    11.26 s/gen
gen  100   best loss 0.5027    11.26 s/gen
gen  110   best loss 0.5028    11.27 s/gen
gen  120   best loss 0.5028    11.27 s/gen
gen  130   best loss 0.5026    11.27 s/gen
gen  140   best loss 0.5026    11.26 s/gen
gen  150   best loss 0.5032    11.26 s/gen
gen  160   best loss 0.5030    11.27 s/gen
gen  170   best loss 0.5029    11.27 s/gen
gen  180   best loss 0.5031    11.27 s/gen
gen  190   best loss 0.5022    11.26 s/gen
gen  200   best loss 0.5028    11.26 s/gen
gen  210   best loss 0.5026    11.26 s/gen
gen  220   best loss 0.5039    11.26 s/gen
gen  230   best loss 0.5025    11.26 s/gen
gen  240   best loss 0.5037    11.26 s/gen
gen  250   best loss 0.5025    11.26 s/gen
gen  260   best loss 0.5026    11.26 s/gen
gen  270   best loss 0.5028    11.26 s/gen
gen  280   best loss 0.5031    11.26 s/gen
gen  290   best loss 0.5032    11.26 s/gen
gen  300   best loss 0.5034    11.26 s/gen
gen  310   best loss 0.5028    11.26 s/gen
gen  320   best loss 0.5032    11.26 s/gen
gen  330   best loss 0.5032    11.26 s/gen
gen  340   best loss 0.5025    11.26 s/gen
gen  350   best loss 0.5033    11.26 s/gen
gen  360   best loss 0.5029    11.26 s/gen
gen  370   best loss 0.5034    11.27 s/gen
gen  380   best loss 0.5029    11.26 s/gen
gen  390   best loss 0.5030    11.26 s/gen
gen  400   best loss 0.5038    11.27 s/gen
gen  410   best loss 0.5028    11.27 s/gen
gen  420   best loss 0.5030    11.26 s/gen
gen  430   best loss 0.5030    11.26 s/gen
gen  440   best loss 0.5029    11.26 s/gen
gen  450   best loss 0.5033    11.26 s/gen
gen  460   best loss 0.5025    11.26 s/gen
gen  470   best loss 0.5028    11.26 s/gen
gen  480   best loss 0.5026    11.26 s/gen
gen  490   best loss 0.5042    11.26 s/gen
gen  500   best loss 0.5033    11.26 s/gen
gen  510   best loss 0.5037    11.26 s/gen
gen  520   best loss 0.5041    11.26 s/gen
gen  530   best loss 0.5025    11.26 s/gen
gen  540   best loss 0.5041    11.27 s/gen
gen  550   best loss 0.5033    11.27 s/gen
gen  560   best loss 0.5023    11.27 s/gen
gen  570   best loss 0.5027    11.26 s/gen
gen  580   best loss 0.5032    11.26 s/gen
gen  590   best loss 0.5036    11.27 s/gen
gen  600   best loss 0.5022    11.27 s/gen
gen  610   best loss 0.5015    11.27 s/gen
gen  620   best loss 0.5005    11.27 s/gen
gen  630   best loss 0.4992    11.27 s/gen
gen  640   best loss 0.4967    11.26 s/gen
gen  650   best loss 0.4887    11.26 s/gen
gen  660   best loss 0.4787    11.26 s/gen
gen  670   best loss 0.4697    11.26 s/gen
gen  680   best loss 0.4415    11.26 s/gen
gen  690   best loss 0.4154    11.26 s/gen
gen  700   best loss 0.3717    11.27 s/gen
gen  710   best loss 0.3468    11.27 s/gen
gen  720   best loss 0.3097    11.26 s/gen
gen  730   best loss 0.2864    11.26 s/gen
gen  740   best loss 0.2684    11.26 s/gen
gen  750   best loss 0.2274    11.26 s/gen
gen  760   best loss 0.2107    11.26 s/gen
gen  770   best loss 0.2006    11.26 s/gen
gen  780   best loss 0.1773    11.26 s/gen
gen  790   best loss 0.1607    11.26 s/gen
gen  800   best loss 0.1573    11.26 s/gen
gen  810   best loss 0.1436    11.26 s/gen
gen  820   best loss 0.1326    11.26 s/gen
gen  830   best loss 0.1289    11.26 s/gen
gen  840   best loss 0.1199    11.26 s/gen
gen  850   best loss 0.1085    11.27 s/gen
gen  860   best loss 0.1078    11.26 s/gen
gen  870   best loss 0.1045    11.26 s/gen
gen  880   best loss 0.1019    11.26 s/gen
gen  890   best loss 0.1016    11.26 s/gen
gen  900   best loss 0.0872    11.26 s/gen
gen  910   best loss 0.0898    11.26 s/gen
gen  920   best loss 0.0913    11.26 s/gen
gen  930   best loss 0.0867    11.26 s/gen
gen  940   best loss 0.0806    11.26 s/gen
gen  950   best loss 0.0840    11.26 s/gen
gen  960   best loss 0.0820    11.26 s/gen
gen  970   best loss 0.0771    11.26 s/gen
gen  980   best loss 0.0765    11.26 s/gen
gen  990   best loss 0.0761    11.26 s/gen
gen 1000   best loss 0.0747    11.26 s/gen
gen 1010   best loss 0.0738    11.26 s/gen
gen 1020   best loss 0.0756    11.26 s/gen
gen 1030   best loss 0.0739    11.26 s/gen
gen 1040   best loss 0.0716    11.26 s/gen
gen 1050   best loss 0.0670    11.26 s/gen
gen 1060   best loss 0.0666    11.26 s/gen
gen 1070   best loss 0.0675    11.26 s/gen
gen 1080   best loss 0.0719    11.26 s/gen
gen 1090   best loss 0.0700    11.26 s/gen
gen 1100   best loss 0.0686    11.26 s/gen
gen 1110   best loss 0.0641    11.26 s/gen
gen 1120   best loss 0.0647    11.26 s/gen
gen 1130   best loss 0.0697    11.26 s/gen
gen 1140   best loss 0.0674    11.26 s/gen
gen 1150   best loss 0.0648    11.26 s/gen
gen 1160   best loss 0.0656    11.26 s/gen
gen 1170   best loss 0.0626    11.26 s/gen
gen 1180   best loss 0.0661    11.26 s/gen
gen 1190   best loss 0.0600    11.26 s/gen
gen 1200   best loss 0.0657    11.26 s/gen
gen 1210   best loss 0.0620    11.26 s/gen
gen 1220   best loss 0.0598    11.26 s/gen
gen 1230   best loss 0.0675    11.26 s/gen
gen 1240   best loss 0.0603    11.26 s/gen
gen 1250   best loss 0.0669    11.26 s/gen
gen 1260   best loss 0.0636    11.26 s/gen
gen 1270   best loss 0.0559    11.26 s/gen
gen 1280   best loss 0.0567    11.26 s/gen
gen 1290   best loss 0.0571    11.26 s/gen
gen 1300   best loss 0.0582    11.26 s/gen
gen 1310   best loss 0.0597    11.26 s/gen
gen 1320   best loss 0.0637    11.26 s/gen
gen 1330   best loss 0.0580    11.26 s/gen
gen 1340   best loss 0.0571    11.26 s/gen
gen 1350   best loss 0.0576    11.26 s/gen
gen 1360   best loss 0.0592    11.26 s/gen
gen 1370   best loss 0.0570    11.26 s/gen
gen 1380   best loss 0.0609    11.26 s/gen
gen 1390   best loss 0.0633    11.26 s/gen
gen 1400   best loss 0.0563    11.26 s/gen
gen 1410   best loss 0.0614    11.26 s/gen
gen 1420   best loss 0.0604    11.26 s/gen
gen 1430   best loss 0.0600    11.26 s/gen
gen 1440   best loss 0.0545    11.26 s/gen
gen 1450   best loss 0.0573    11.26 s/gen
gen 1460   best loss 0.0543    11.26 s/gen
gen 1470   best loss 0.0501    11.26 s/gen
gen 1480   best loss 0.0582    11.26 s/gen
gen 1490   best loss 0.0547    11.26 s/gen
gen 1500   best loss 0.0551    11.26 s/gen
gen 1510   best loss 0.0548    11.26 s/gen
gen 1520   best loss 0.0552    11.26 s/gen
gen 1530   best loss 0.0523    11.26 s/gen
gen 1540   best loss 0.0519    11.26 s/gen
gen 1550   best loss 0.0499    11.26 s/gen
gen 1560   best loss 0.0578    11.26 s/gen
gen 1570   best loss 0.0530    11.26 s/gen
gen 1580   best loss 0.0537    11.26 s/gen
gen 1590   best loss 0.0527    11.26 s/gen
gen 1600   best loss 0.0522    11.26 s/gen
gen 1610   best loss 0.0543    11.26 s/gen
gen 1620   best loss 0.0512    11.26 s/gen
gen 1630   best loss 0.0562    11.26 s/gen
gen 1640   best loss 0.0531    11.26 s/gen
gen 1650   best loss 0.0519    11.26 s/gen
gen 1660   best loss 0.0483    11.26 s/gen
gen 1670   best loss 0.0508    11.26 s/gen
gen 1680   best loss 0.0485    11.26 s/gen
gen 1690   best loss 0.0515    11.26 s/gen
gen 1700   best loss 0.0529    11.26 s/gen
gen 1710   best loss 0.0479    11.26 s/gen
gen 1720   best loss 0.0529    11.26 s/gen
gen 1730   best loss 0.0506    11.26 s/gen
gen 1740   best loss 0.0469    11.26 s/gen
gen 1750   best loss 0.0426    11.26 s/gen
gen 1760   best loss 0.0431    11.26 s/gen
gen 1770   best loss 0.0436    11.26 s/gen
gen 1780   best loss 0.0425    11.26 s/gen
gen 1790   best loss 0.0521    11.26 s/gen
gen 1800   best loss 0.0501    11.26 s/gen
gen 1810   best loss 0.0516    11.26 s/gen
gen 1820   best loss 0.0470    11.26 s/gen
gen 1830   best loss 0.0474    11.26 s/gen
gen 1840   best loss 0.0427    11.26 s/gen
gen 1850   best loss 0.0513    11.26 s/gen
gen 1860   best loss 0.0482    11.26 s/gen
gen 1870   best loss 0.0482    11.26 s/gen
gen 1880   best loss 0.0477    11.26 s/gen
gen 1890   best loss 0.0504    11.26 s/gen
gen 1900   best loss 0.0458    11.26 s/gen
gen 1910   best loss 0.0440    11.26 s/gen
gen 1920   best loss 0.0446    11.26 s/gen
gen 1930   best loss 0.0448    11.26 s/gen
gen 1940   best loss 0.0479    11.26 s/gen
gen 1950   best loss 0.0480    11.26 s/gen
gen 1960   best loss 0.0489    11.26 s/gen
gen 1970   best loss 0.0515    11.26 s/gen
gen 1980   best loss 0.0460    11.26 s/gen
gen 1990   best loss 0.0478    11.26 s/gen
gen 2000   best loss 0.0452    11.26 s/gen
gen 2010   best loss 0.0511    11.26 s/gen
gen 2020   best loss 0.0548    11.26 s/gen
gen 2030   best loss 0.0522    11.26 s/gen
gen 2040   best loss 0.0523    11.26 s/gen
gen 2050   best loss 0.0467    11.26 s/gen
gen 2060   best loss 0.0447    11.26 s/gen
gen 2070   best loss 0.0474    11.26 s/gen
gen 2080   best loss 0.0535    11.26 s/gen
gen 2090   best loss 0.0448    11.26 s/gen
gen 2100   best loss 0.0552    11.26 s/gen
gen 2110   best loss 0.0524    11.26 s/gen
gen 2120   best loss 0.0502    11.26 s/gen
gen 2130   best loss 0.0484    11.26 s/gen
gen 2140   best loss 0.0533    11.26 s/gen
gen 2150   best loss 0.0499    11.26 s/gen
gen 2160   best loss 0.0498    11.26 s/gen
gen 2170   best loss 0.0528    11.26 s/gen
gen 2180   best loss 0.0505    11.26 s/gen
gen 2190   best loss 0.0520    11.26 s/gen
gen 2200   best loss 0.0570    11.26 s/gen
gen 2210   best loss 0.0558    11.26 s/gen
gen 2220   best loss 0.0569    11.26 s/gen
gen 2230   best loss 0.0536    11.26 s/gen
gen 2240   best loss 0.0478    11.26 s/gen
gen 2250   best loss 0.0515    11.26 s/gen
gen 2260   best loss 0.0527    11.25 s/gen
gen 2270   best loss 0.0553    11.26 s/gen
gen 2280   best loss 0.0580    11.26 s/gen
gen 2290   best loss 0.0580    11.26 s/gen
gen 2300   best loss 0.0537    11.26 s/gen
gen 2310   best loss 0.0563    11.26 s/gen
gen 2320   best loss 0.0553    11.26 s/gen
gen 2330   best loss 0.0539    11.26 s/gen
gen 2340   best loss 0.0570    11.26 s/gen
gen 2350   best loss 0.0536    11.26 s/gen
gen 2360   best loss 0.0501    11.26 s/gen
gen 2370   best loss 0.0501    11.26 s/gen
gen 2380   best loss 0.0518    11.26 s/gen
gen 2390   best loss 0.0447    11.26 s/gen
gen 2400   best loss 0.0548    11.26 s/gen
gen 2410   best loss 0.0457    11.26 s/gen
gen 2420   best loss 0.0518    11.26 s/gen
gen 2430   best loss 0.0528    11.26 s/gen
gen 2440   best loss 0.0523    11.26 s/gen
gen 2450   best loss 0.0531    11.26 s/gen
gen 2460   best loss 0.0526    11.26 s/gen
gen 2470   best loss 0.0498    11.26 s/gen
gen 2480   best loss 0.0534    11.26 s/gen
gen 2490   best loss 0.0553    11.26 s/gen
