cuda: True Tesla V100-SXM2-32GB
training on cuda:0
gen    0   best loss 0.5018    22.81 s/gen
gen   10   best loss 0.5005    11.42 s/gen
gen   20   best loss 0.5009    11.46 s/gen
gen   30   best loss 0.5003    11.47 s/gen
gen   40   best loss 0.5003    11.47 s/gen
gen   50   best loss 0.4996    11.46 s/gen
gen   60   best loss 0.4999    11.47 s/gen
gen   70   best loss 0.4997    11.47 s/gen
gen   80   best loss 0.4999    11.46 s/gen
gen   90   best loss 0.5005    11.46 s/gen
gen  100   best loss 0.4991    11.47 s/gen
gen  110   best loss 0.4986    11.46 s/gen
gen  120   best loss 0.5020    11.46 s/gen
gen  130   best loss 0.5007    11.46 s/gen
gen  140   best loss 0.4978    11.46 s/gen
gen  150   best loss 0.4996    11.45 s/gen
gen  160   best loss 0.4990    11.46 s/gen
gen  170   best loss 0.4992    11.46 s/gen
gen  180   best loss 0.5017    11.46 s/gen
gen  190   best loss 0.5008    11.46 s/gen
gen  200   best loss 0.5014    11.47 s/gen
gen  210   best loss 0.5016    11.46 s/gen
gen  220   best loss 0.5019    11.46 s/gen
gen  230   best loss 0.4998    11.46 s/gen
gen  240   best loss 0.4997    11.46 s/gen
gen  250   best loss 0.5009    11.46 s/gen
gen  260   best loss 0.4990    11.46 s/gen
gen  270   best loss 0.5000    11.46 s/gen
gen  280   best loss 0.4995    11.46 s/gen
gen  290   best loss 0.4984    11.46 s/gen
gen  300   best loss 0.4963    11.47 s/gen
gen  310   best loss 0.4906    11.47 s/gen
gen  320   best loss 0.4854    11.46 s/gen
gen  330   best loss 0.4779    11.47 s/gen
gen  340   best loss 0.4676    11.47 s/gen
gen  350   best loss 0.4566    11.46 s/gen
gen  360   best loss 0.4379    11.47 s/gen
gen  370   best loss 0.4078    11.47 s/gen
gen  380   best loss 0.3814    11.47 s/gen
gen  390   best loss 0.3424    11.46 s/gen
gen  400   best loss 0.3194    11.46 s/gen
gen  410   best loss 0.2828    11.46 s/gen
gen  420   best loss 0.2237    11.46 s/gen
gen  430   best loss 0.1685    11.47 s/gen
gen  440   best loss 0.1195    11.46 s/gen
gen  450   best loss 0.0715    11.46 s/gen
gen  460   best loss 0.0529    11.46 s/gen
gen  470   best loss 0.0414    11.46 s/gen
gen  480   best loss 0.0394    11.46 s/gen
gen  490   best loss 0.0290    11.46 s/gen
gen  500   best loss 0.0304    11.46 s/gen
gen  510   best loss 0.0325    11.47 s/gen
gen  520   best loss 0.0286    11.45 s/gen
gen  530   best loss 0.0293    11.46 s/gen
gen  540   best loss 0.0273    11.47 s/gen
gen  550   best loss 0.0278    11.46 s/gen
gen  560   best loss 0.0300    11.47 s/gen
gen  570   best loss 0.0285    11.47 s/gen
gen  580   best loss 0.0251    11.46 s/gen
gen  590   best loss 0.0242    11.46 s/gen
gen  600   best loss 0.0236    11.46 s/gen
gen  610   best loss 0.0260    11.47 s/gen
gen  620   best loss 0.0201    11.46 s/gen
gen  630   best loss 0.0209    11.47 s/gen
gen  640   best loss 0.0190    11.47 s/gen
gen  650   best loss 0.0189    11.47 s/gen
gen  660   best loss 0.0201    11.47 s/gen
gen  670   best loss 0.0191    11.47 s/gen
gen  680   best loss 0.0188    11.47 s/gen
gen  690   best loss 0.0197    11.46 s/gen
gen  700   best loss 0.0168    11.47 s/gen
gen  710   best loss 0.0171    11.47 s/gen
gen  720   best loss 0.0153    11.46 s/gen
gen  730   best loss 0.0156    11.47 s/gen
gen  740   best loss 0.0155    11.47 s/gen
gen  750   best loss 0.0130    11.46 s/gen
gen  760   best loss 0.0132    11.47 s/gen
gen  770   best loss 0.0136    11.47 s/gen
gen  780   best loss 0.0131    11.47 s/gen
gen  790   best loss 0.0129    11.46 s/gen
gen  800   best loss 0.0134    11.47 s/gen
gen  810   best loss 0.0123    11.47 s/gen
gen  820   best loss 0.0099    11.47 s/gen
gen  830   best loss 0.0121    11.47 s/gen
gen  840   best loss 0.0117    11.47 s/gen
gen  850   best loss 0.0121    11.47 s/gen
gen  860   best loss 0.0125    11.47 s/gen
gen  870   best loss 0.0104    11.46 s/gen
gen  880   best loss 0.0122    11.47 s/gen
gen  890   best loss 0.0114    11.46 s/gen
gen  900   best loss 0.0118    11.47 s/gen
gen  910   best loss 0.0123    11.47 s/gen
gen  920   best loss 0.0115    11.47 s/gen
gen  930   best loss 0.0102    11.47 s/gen
gen  940   best loss 0.0132    11.47 s/gen
gen  950   best loss 0.0112    11.47 s/gen
gen  960   best loss 0.0103    11.46 s/gen
gen  970   best loss 0.0088    11.47 s/gen
gen  980   best loss 0.0120    11.47 s/gen
gen  990   best loss 0.0114    11.46 s/gen
gen 1000   best loss 0.0111    11.47 s/gen
gen 1010   best loss 0.0114    11.47 s/gen
gen 1020   best loss 0.0109    11.46 s/gen
gen 1030   best loss 0.0109    11.46 s/gen
gen 1040   best loss 0.0131    11.47 s/gen
gen 1050   best loss 0.0122    11.47 s/gen
gen 1060   best loss 0.0122    11.46 s/gen
gen 1070   best loss 0.0102    11.47 s/gen
gen 1080   best loss 0.0108    11.47 s/gen
gen 1090   best loss 0.0114    11.46 s/gen
gen 1100   best loss 0.0112    11.47 s/gen
gen 1110   best loss 0.0116    11.47 s/gen
gen 1120   best loss 0.0117    11.47 s/gen
gen 1130   best loss 0.0116    11.46 s/gen
gen 1140   best loss 0.0112    11.47 s/gen
gen 1150   best loss 0.0105    11.47 s/gen
gen 1160   best loss 0.0112    11.47 s/gen
gen 1170   best loss 0.0095    11.47 s/gen
gen 1180   best loss 0.0098    11.47 s/gen
gen 1190   best loss 0.0108    11.46 s/gen
gen 1200   best loss 0.0093    11.47 s/gen
gen 1210   best loss 0.0103    11.47 s/gen
gen 1220   best loss 0.0113    11.47 s/gen
gen 1230   best loss 0.0107    11.47 s/gen
gen 1240   best loss 0.0095    11.47 s/gen
gen 1250   best loss 0.0097    11.47 s/gen
gen 1260   best loss 0.0110    11.46 s/gen
gen 1270   best loss 0.0097    11.46 s/gen
gen 1280   best loss 0.0091    11.46 s/gen
gen 1290   best loss 0.0107    11.46 s/gen
gen 1300   best loss 0.0095    11.46 s/gen
gen 1310   best loss 0.0094    11.47 s/gen
gen 1320   best loss 0.0090    11.47 s/gen
gen 1330   best loss 0.0086    11.46 s/gen
gen 1340   best loss 0.0091    11.47 s/gen
gen 1350   best loss 0.0099    11.47 s/gen
gen 1360   best loss 0.0087    11.46 s/gen
gen 1370   best loss 0.0084    11.47 s/gen
gen 1380   best loss 0.0090    11.47 s/gen
gen 1390   best loss 0.0097    11.47 s/gen
gen 1400   best loss 0.0084    11.47 s/gen
gen 1410   best loss 0.0084    11.47 s/gen
gen 1420   best loss 0.0096    11.47 s/gen
gen 1430   best loss 0.0083    11.47 s/gen
gen 1440   best loss 0.0071    11.47 s/gen
gen 1450   best loss 0.0071    11.47 s/gen
gen 1460   best loss 0.0080    11.47 s/gen
gen 1470   best loss 0.0067    11.47 s/gen
gen 1480   best loss 0.0071    11.47 s/gen
gen 1490   best loss 0.0077    11.47 s/gen
gen 1500   best loss 0.0072    11.46 s/gen
gen 1510   best loss 0.0070    11.47 s/gen
gen 1520   best loss 0.0073    11.47 s/gen
gen 1530   best loss 0.0075    11.46 s/gen
gen 1540   best loss 0.0079    11.47 s/gen
gen 1550   best loss 0.0083    11.47 s/gen
gen 1560   best loss 0.0075    11.47 s/gen
gen 1570   best loss 0.0074    11.46 s/gen
gen 1580   best loss 0.0078    11.47 s/gen
gen 1590   best loss 0.0071    11.47 s/gen
gen 1600   best loss 0.0080    11.46 s/gen
gen 1610   best loss 0.0081    11.47 s/gen
gen 1620   best loss 0.0073    11.47 s/gen
gen 1630   best loss 0.0081    11.46 s/gen
gen 1640   best loss 0.0074    11.46 s/gen
gen 1650   best loss 0.0071    11.47 s/gen
gen 1660   best loss 0.0067    11.47 s/gen
gen 1670   best loss 0.0067    11.46 s/gen
gen 1680   best loss 0.0067    11.47 s/gen
gen 1690   best loss 0.0068    11.46 s/gen
gen 1700   best loss 0.0063    11.46 s/gen
gen 1710   best loss 0.0063    11.46 s/gen
gen 1720   best loss 0.0063    11.46 s/gen
gen 1730   best loss 0.0070    11.46 s/gen
gen 1740   best loss 0.0059    11.46 s/gen
gen 1750   best loss 0.0061    11.47 s/gen
gen 1760   best loss 0.0055    11.47 s/gen
gen 1770   best loss 0.0064    11.46 s/gen
gen 1780   best loss 0.0067    11.47 s/gen
gen 1790   best loss 0.0067    11.47 s/gen
gen 1800   best loss 0.0064    11.46 s/gen
gen 1810   best loss 0.0056    11.46 s/gen
gen 1820   best loss 0.0061    11.47 s/gen
gen 1830   best loss 0.0062    11.47 s/gen
gen 1840   best loss 0.0053    11.46 s/gen
gen 1850   best loss 0.0055    11.46 s/gen
gen 1860   best loss 0.0055    11.47 s/gen
gen 1870   best loss 0.0053    11.46 s/gen
gen 1880   best loss 0.0051    11.46 s/gen
gen 1890   best loss 0.0054    11.47 s/gen
gen 1900   best loss 0.0051    11.46 s/gen
gen 1910   best loss 0.0053    11.47 s/gen
gen 1920   best loss 0.0055    11.47 s/gen
gen 1930   best loss 0.0049    11.46 s/gen
gen 1940   best loss 0.0046    11.46 s/gen
gen 1950   best loss 0.0047    11.46 s/gen
gen 1960   best loss 0.0049    11.46 s/gen
gen 1970   best loss 0.0055    11.45 s/gen
gen 1980   best loss 0.0050    11.46 s/gen
gen 1990   best loss 0.0055    11.47 s/gen
