cuda: True Tesla V100-SXM2-32GB
training on cuda:0
gen    0   best loss 0.5017    20.15 s/gen
gen   10   best loss 0.5017    11.27 s/gen
gen   20   best loss 0.5019    11.29 s/gen
gen   30   best loss 0.5020    11.28 s/gen
gen   40   best loss 0.5020    11.28 s/gen
gen   50   best loss 0.5018    11.28 s/gen
gen   60   best loss 0.5020    11.28 s/gen
gen   70   best loss 0.5019    11.28 s/gen
gen   80   best loss 0.5020    11.28 s/gen
gen   90   best loss 0.5017    11.28 s/gen
gen  100   best loss 0.5020    11.28 s/gen
gen  110   best loss 0.5020    11.28 s/gen
gen  120   best loss 0.5020    11.28 s/gen
gen  130   best loss 0.5019    11.28 s/gen
gen  140   best loss 0.5020    11.28 s/gen
gen  150   best loss 0.5021    11.28 s/gen
gen  160   best loss 0.5019    11.28 s/gen
gen  170   best loss 0.5018    11.28 s/gen
gen  180   best loss 0.5020    11.28 s/gen
gen  190   best loss 0.5019    11.28 s/gen
gen  200   best loss 0.5021    11.28 s/gen
gen  210   best loss 0.5019    11.28 s/gen
gen  220   best loss 0.5020    11.28 s/gen
gen  230   best loss 0.5020    11.28 s/gen
gen  240   best loss 0.5020    11.28 s/gen
gen  250   best loss 0.5020    11.28 s/gen
gen  260   best loss 0.5020    11.28 s/gen
[2026-07-02T21:17:53.634] error: *** JOB 23565666 ON n0301.etna0 CANCELLED AT 2026-07-02T21:17:53 DUE to SIGNAL Terminated ***
