cuda: True Tesla V100-SXM2-16GB
training on cuda:0
gen    0   best loss 0.5017    18.13 s/gen
gen   10   best loss 0.5011    11.20 s/gen
gen   20   best loss 0.5003    11.27 s/gen
gen   30   best loss 0.5009    11.28 s/gen
gen   40   best loss 0.5006    11.29 s/gen
gen   50   best loss 0.5004    11.29 s/gen
gen   60   best loss 0.4993    11.30 s/gen
gen   70   best loss 0.5009    11.29 s/gen
gen   80   best loss 0.5001    11.29 s/gen
gen   90   best loss 0.4979    11.29 s/gen
gen  100   best loss 0.4975    11.29 s/gen
gen  110   best loss 0.4989    11.29 s/gen
gen  120   best loss 0.4999    11.29 s/gen
gen  130   best loss 0.4997    11.29 s/gen
gen  140   best loss 0.5001    11.29 s/gen
gen  150   best loss 0.4998    11.29 s/gen
gen  160   best loss 0.5004    11.29 s/gen
gen  170   best loss 0.5001    11.29 s/gen
gen  180   best loss 0.4991    11.29 s/gen
gen  190   best loss 0.4990    11.29 s/gen
gen  200   best loss 0.5002    11.29 s/gen
gen  210   best loss 0.4973    11.29 s/gen
gen  220   best loss 0.4996    11.29 s/gen
gen  230   best loss 0.4991    11.29 s/gen
gen  240   best loss 0.4973    11.29 s/gen
gen  250   best loss 0.4994    11.28 s/gen
gen  260   best loss 0.5018    11.29 s/gen
[2026-07-02T21:17:50.417] error: *** JOB 23565665 ON n0299.etna0 CANCELLED AT 2026-07-02T21:17:50 DUE to SIGNAL Terminated ***
