cuda: True Tesla V100-SXM2-16GB
training on cuda:0
gen    0   best loss 0.5015    18.30 s/gen
gen   10   best loss 0.5011    11.40 s/gen
gen   20   best loss 0.5002    11.42 s/gen
gen   30   best loss 0.5008    11.42 s/gen
gen   40   best loss 0.5000    11.42 s/gen
gen   50   best loss 0.5015    11.42 s/gen
gen   60   best loss 0.5003    11.42 s/gen
gen   70   best loss 0.4999    11.42 s/gen
gen   80   best loss 0.4990    11.42 s/gen
gen   90   best loss 0.4996    11.42 s/gen
gen  100   best loss 0.5000    11.42 s/gen
gen  110   best loss 0.4993    11.42 s/gen
gen  120   best loss 0.5008    11.42 s/gen
gen  130   best loss 0.4999    11.42 s/gen
gen  140   best loss 0.5009    11.42 s/gen
gen  150   best loss 0.5006    11.42 s/gen
gen  160   best loss 0.5008    11.42 s/gen
gen  170   best loss 0.4994    11.42 s/gen
gen  180   best loss 0.5015    11.42 s/gen
gen  190   best loss 0.5007    11.42 s/gen
gen  200   best loss 0.5001    11.43 s/gen
gen  210   best loss 0.5005    11.42 s/gen
gen  220   best loss 0.4996    11.42 s/gen
gen  230   best loss 0.4994    11.42 s/gen
gen  240   best loss 0.5007    11.42 s/gen
gen  250   best loss 0.5004    11.42 s/gen
gen  260   best loss 0.5014    11.42 s/gen
gen  270   best loss 0.5008    11.42 s/gen
gen  280   best loss 0.5003    11.42 s/gen
gen  290   best loss 0.5006    11.42 s/gen
gen  300   best loss 0.5007    11.42 s/gen
gen  310   best loss 0.5008    11.42 s/gen
gen  320   best loss 0.5018    11.42 s/gen
gen  330   best loss 0.5006    11.42 s/gen
gen  340   best loss 0.5011    11.42 s/gen
gen  350   best loss 0.5008    11.42 s/gen
gen  360   best loss 0.5004    11.42 s/gen
gen  370   best loss 0.5004    11.41 s/gen
gen  380   best loss 0.5000    11.41 s/gen
gen  390   best loss 0.5011    11.41 s/gen
gen  400   best loss 0.5007    11.42 s/gen
gen  410   best loss 0.5012    11.41 s/gen
gen  420   best loss 0.5010    11.41 s/gen
gen  430   best loss 0.5007    11.42 s/gen
gen  440   best loss 0.5008    11.41 s/gen
gen  450   best loss 0.4998    11.41 s/gen
gen  460   best loss 0.5002    11.42 s/gen
gen  470   best loss 0.5014    11.41 s/gen
gen  480   best loss 0.5004    11.41 s/gen
gen  490   best loss 0.5006    11.42 s/gen
gen  500   best loss 0.5011    11.42 s/gen
gen  510   best loss 0.5002    11.41 s/gen
gen  520   best loss 0.5003    11.41 s/gen
gen  530   best loss 0.5011    11.42 s/gen
gen  540   best loss 0.5012    11.41 s/gen
gen  550   best loss 0.5001    11.41 s/gen
gen  560   best loss 0.5013    11.42 s/gen
gen  570   best loss 0.5016    11.41 s/gen
gen  580   best loss 0.5013    11.41 s/gen
gen  590   best loss 0.5010    11.42 s/gen
gen  600   best loss 0.5009    11.42 s/gen
gen  610   best loss 0.5012    11.42 s/gen
gen  620   best loss 0.4999    11.42 s/gen
gen  630   best loss 0.5011    11.42 s/gen
gen  640   best loss 0.5012    11.42 s/gen
gen  650   best loss 0.5010    11.42 s/gen
gen  660   best loss 0.5011    11.42 s/gen
gen  670   best loss 0.5002    11.42 s/gen
gen  680   best loss 0.5013    11.41 s/gen
gen  690   best loss 0.5010    11.42 s/gen
gen  700   best loss 0.5016    11.42 s/gen
gen  710   best loss 0.5001    11.42 s/gen
gen  720   best loss 0.5018    11.42 s/gen
gen  730   best loss 0.5010    11.42 s/gen
gen  740   best loss 0.5014    11.41 s/gen
gen  750   best loss 0.5013    11.42 s/gen
gen  760   best loss 0.4987    11.42 s/gen
gen  770   best loss 0.5014    11.41 s/gen
gen  780   best loss 0.5001    11.42 s/gen
gen  790   best loss 0.5010    11.41 s/gen
gen  800   best loss 0.5010    11.42 s/gen
gen  810   best loss 0.4998    11.42 s/gen
gen  820   best loss 0.5007    11.42 s/gen
gen  830   best loss 0.5005    11.42 s/gen
gen  840   best loss 0.5009    11.42 s/gen
gen  850   best loss 0.5000    11.42 s/gen
gen  860   best loss 0.4993    11.43 s/gen
gen  870   best loss 0.5001    11.42 s/gen
gen  880   best loss 0.4997    11.42 s/gen
gen  890   best loss 0.4988    11.42 s/gen
gen  900   best loss 0.4997    11.42 s/gen
gen  910   best loss 0.4990    11.43 s/gen
gen  920   best loss 0.5001    11.43 s/gen
gen  930   best loss 0.5012    11.42 s/gen
gen  940   best loss 0.4996    11.42 s/gen
gen  950   best loss 0.4991    11.43 s/gen
gen  960   best loss 0.4994    11.42 s/gen
gen  970   best loss 0.4995    11.42 s/gen
gen  980   best loss 0.4977    11.42 s/gen
gen  990   best loss 0.4993    11.42 s/gen
gen 1000   best loss 0.4997    11.42 s/gen
gen 1010   best loss 0.4978    11.42 s/gen
gen 1020   best loss 0.4992    11.42 s/gen
gen 1030   best loss 0.5004    11.42 s/gen
gen 1040   best loss 0.4996    11.42 s/gen
gen 1050   best loss 0.5003    11.42 s/gen
gen 1060   best loss 0.4985    11.42 s/gen
gen 1070   best loss 0.5003    11.42 s/gen
gen 1080   best loss 0.4996    11.42 s/gen
gen 1090   best loss 0.5004    11.42 s/gen
gen 1100   best loss 0.5006    11.42 s/gen
gen 1110   best loss 0.5003    11.42 s/gen
gen 1120   best loss 0.4998    11.42 s/gen
gen 1130   best loss 0.4988    11.42 s/gen
gen 1140   best loss 0.4996    11.42 s/gen
gen 1150   best loss 0.4997    11.42 s/gen
gen 1160   best loss 0.4988    11.43 s/gen
gen 1170   best loss 0.4991    11.42 s/gen
gen 1180   best loss 0.4994    11.43 s/gen
gen 1190   best loss 0.4991    11.42 s/gen
gen 1200   best loss 0.4962    11.42 s/gen
gen 1210   best loss 0.4963    11.43 s/gen
gen 1220   best loss 0.4931    11.43 s/gen
gen 1230   best loss 0.4924    11.43 s/gen
gen 1240   best loss 0.4943    11.42 s/gen
gen 1250   best loss 0.4924    11.43 s/gen
gen 1260   best loss 0.4897    11.43 s/gen
gen 1270   best loss 0.4889    11.42 s/gen
gen 1280   best loss 0.4906    11.43 s/gen
gen 1290   best loss 0.4917    11.42 s/gen
gen 1300   best loss 0.4882    11.43 s/gen
gen 1310   best loss 0.4888    11.43 s/gen
gen 1320   best loss 0.4807    11.43 s/gen
gen 1330   best loss 0.4797    11.43 s/gen
gen 1340   best loss 0.4757    11.42 s/gen
gen 1350   best loss 0.4731    11.43 s/gen
gen 1360   best loss 0.4704    11.43 s/gen
gen 1370   best loss 0.4618    11.43 s/gen
gen 1380   best loss 0.4590    11.43 s/gen
gen 1390   best loss 0.4591    11.43 s/gen
gen 1400   best loss 0.4531    11.43 s/gen
gen 1410   best loss 0.4484    11.43 s/gen
gen 1420   best loss 0.4428    11.43 s/gen
gen 1430   best loss 0.4301    11.44 s/gen
gen 1440   best loss 0.4224    11.43 s/gen
gen 1450   best loss 0.4186    11.43 s/gen
gen 1460   best loss 0.4197    11.43 s/gen
gen 1470   best loss 0.4058    11.43 s/gen
gen 1480   best loss 0.3995    11.43 s/gen
gen 1490   best loss 0.3732    11.43 s/gen
gen 1500   best loss 0.3603    11.42 s/gen
gen 1510   best loss 0.3546    11.43 s/gen
gen 1520   best loss 0.3295    11.43 s/gen
gen 1530   best loss 0.3128    11.43 s/gen
gen 1540   best loss 0.3013    11.43 s/gen
gen 1550   best loss 0.2887    11.43 s/gen
gen 1560   best loss 0.2843    11.43 s/gen
gen 1570   best loss 0.2841    11.43 s/gen
gen 1580   best loss 0.2437    11.42 s/gen
gen 1590   best loss 0.2449    11.43 s/gen
gen 1600   best loss 0.2267    11.43 s/gen
gen 1610   best loss 0.2266    11.43 s/gen
gen 1620   best loss 0.2338    11.43 s/gen
gen 1630   best loss 0.1909    11.43 s/gen
gen 1640   best loss 0.1831    11.42 s/gen
gen 1650   best loss 0.1715    11.43 s/gen
gen 1660   best loss 0.1639    11.43 s/gen
gen 1670   best loss 0.1365    11.42 s/gen
gen 1680   best loss 0.1357    11.42 s/gen
gen 1690   best loss 0.1148    11.43 s/gen
gen 1700   best loss 0.1156    11.43 s/gen
gen 1710   best loss 0.1041    11.42 s/gen
gen 1720   best loss 0.1092    11.43 s/gen
gen 1730   best loss 0.0926    11.43 s/gen
gen 1740   best loss 0.0972    11.43 s/gen
gen 1750   best loss 0.0967    11.43 s/gen
gen 1760   best loss 0.0899    11.43 s/gen
gen 1770   best loss 0.0762    11.42 s/gen
gen 1780   best loss 0.0875    11.43 s/gen
gen 1790   best loss 0.0772    11.43 s/gen
gen 1800   best loss 0.0765    11.42 s/gen
gen 1810   best loss 0.0742    11.43 s/gen
gen 1820   best loss 0.0793    11.43 s/gen
gen 1830   best loss 0.0722    11.43 s/gen
gen 1840   best loss 0.0699    11.43 s/gen
gen 1850   best loss 0.0763    11.43 s/gen
gen 1860   best loss 0.0734    11.43 s/gen
gen 1870   best loss 0.0700    11.42 s/gen
gen 1880   best loss 0.0709    11.43 s/gen
gen 1890   best loss 0.0694    11.43 s/gen
gen 1900   best loss 0.0650    11.43 s/gen
gen 1910   best loss 0.0626    11.43 s/gen
gen 1920   best loss 0.0686    11.42 s/gen
gen 1930   best loss 0.0579    11.42 s/gen
gen 1940   best loss 0.0591    11.43 s/gen
gen 1950   best loss 0.0618    11.43 s/gen
gen 1960   best loss 0.0619    11.43 s/gen
gen 1970   best loss 0.0528    11.43 s/gen
gen 1980   best loss 0.0532    11.43 s/gen
gen 1990   best loss 0.0530    11.43 s/gen
